Log file open, 04/04/17 00:33:23
LogInit:Display: Running engine for game: DMT_V
LogPlatformFile: Not using cached read wrapper
LogInit:Display: RandInit(-581687760) SRandInit(-581687760).
LogTaskGraph: Started task graph with 5 named threads and 8 total threads with 1 sets of task threads.
LogStats: Stats thread started at 0.079889
LogInit: Using libcurl 7.47.1
LogInit:  - built for x86_64-pc-win32
LogInit:  - supports SSL with OpenSSL/1.0.2g
LogInit:  - supports HTTP deflate (compression) using libz 1.2.8
LogInit:  - other features:
LogInit:      CURL_VERSION_SSL
LogInit:      CURL_VERSION_LIBZ
LogInit:      CURL_VERSION_IPV6
LogInit:      CURL_VERSION_ASYNCHDNS
LogInit:      CURL_VERSION_LARGEFILE
LogInit:      CURL_VERSION_IDN
LogInit:  CurlRequestOptions (configurable via config and command line):
LogInit:  - bVerifyPeer = false  - Libcurl will NOT verify peer certificate
LogInit:  - bUseHttpProxy = false  - Libcurl will NOT use HTTP proxy
LogInit:  - bDontReuseConnections = false  - Libcurl will reuse connections
LogInit:  - CertBundlePath = nullptr  - Libcurl will use whatever was configured at build time.
LogInit: Build: ++UE4+Release-4.15-CL-3348071
LogInit: Engine Version: 4.15.1-3348071+++UE4+Release-4.15
LogInit: Compatible Engine Version: 4.15.0-3299760+++UE4+Release-4.15
LogInit: Net CL: 3299760
LogDevObjectVersion: Number of dev versions registered: 14
LogDevObjectVersion:   Dev-Blueprints (B0D832E4-1F89-4F0D-ACCF-7EB736FD4AA2): 8
LogDevObjectVersion:   Dev-Build (E1C64328-A22C-4D53-A36C-8E866417BD8C): 0
LogDevObjectVersion:   Dev-Core (375EC13C-06E4-48FB-B500-84F0262A717E): 2
LogDevObjectVersion:   Dev-Editor (E4B068ED-F494-42E9-A231-DA0B2E46BB41): 14
LogDevObjectVersion:   Dev-Framework (CFFC743F-43B0-4480-9391-14DF171D2073): 22
LogDevObjectVersion:   Dev-Mobile (B02B49B5-BB20-44E9-A304-32B752E40360): 0
LogDevObjectVersion:   Dev-Networking (A4E4105C-59A1-49B5-A7C5-40C4547EDFEE): 0
LogDevObjectVersion:   Dev-Online (39C831C9-5AE6-47DC-9A44-9C173E1C8E7C): 0
LogDevObjectVersion:   Dev-Physics (78F01B33-EBEA-4F98-B9B4-84EACCB95AA2): 0
LogDevObjectVersion:   Dev-Platform (6631380F-2D4D-43E0-8009-CF276956A95A): 0
LogDevObjectVersion:   Dev-Rendering (12F88B9F-8875-4AFC-A67C-D90C383ABD29): 12
LogDevObjectVersion:   Dev-Sequencer (7B5AE74C-D270-4C10-A958-57980B212A5A): 3
LogDevObjectVersion:   Dev-VR (D7296918-1DD6-4BDD-9DE2-64A83CC13884): 0
LogDevObjectVersion:   Dev-LoadTimes (C2A15278-BFE7-4AFE-6C17-90FF531DF755): 1
LogInit: Compiled (64-bit): Mar 15 2017 16:52:47
LogInit: Compiled with Visual C++: 19.00.23026.00
LogInit: Build Configuration: Development
LogInit: Branch Name: ++UE4+Release-4.15
LogInit: Command line:  
LogInit: Base directory: C:/Program Files/Epic Games/UE_4.15/Engine/Binaries/Win64/
LogInit: Installed Engine Build: 1
LogInit: Presizing for max 8388607 objects, including 0 objects not considered by GC, pre-allocating 0 bytes for permanent pool.
LogInit: Object subsystem initialized
[2017.04.04-04.33.24:890][  0]LogInit: Selected Device Profile: [Windows]
[2017.04.04-04.33.24:890][  0]LogInit: Applying CVar settings loaded from the selected device profile: [Windows]
[2017.04.04-04.33.24:899][  0]LogInit: Computer: MYSTOGAN
[2017.04.04-04.33.24:899][  0]LogInit: User: Noctis
[2017.04.04-04.33.24:899][  0]LogInit: CPU Page size=65536, Cores=4
[2017.04.04-04.33.24:899][  0]LogInit: High frequency timer resolution =3.421880 MHz
[2017.04.04-04.33.24:900][  0]LogMemory: Memory total: Physical=16.0GB (16GB approx)
[2017.04.04-04.33.24:900][  0]LogMemory: Platform Memory Stats for Windows
[2017.04.04-04.33.24:900][  0]LogMemory: Process Physical Memory: 266.38 MB used, 266.38 MB peak
[2017.04.04-04.33.24:900][  0]LogMemory: Process Virtual Memory: 263.72 MB used, 263.72 MB peak
[2017.04.04-04.33.24:900][  0]LogMemory: Physical Memory: 5991.76 MB used,  10352.12 MB free, 16343.88 MB total
[2017.04.04-04.33.24:900][  0]LogMemory: Virtual Memory: 643.60 MB used,  10352.12 MB free, 134217728.00 MB total
[2017.04.04-04.33.25:245][  0]LogTextLocalizationManager: No specific translations for ('en-US') exist, so ('en') translations will be used.
[2017.04.04-04.33.25:842][  0]LogD3D11RHI: D3D11 adapters:
[2017.04.04-04.33.26:345][  0]LogD3D11RHI:    0. 'NVIDIA GeForce GTX 770' (Feature Level 11_0)
[2017.04.04-04.33.26:345][  0]LogD3D11RHI:       2017/0/8171 MB DedicatedVideo/DedicatedSystem/SharedSystem, Outputs:1, VendorId:0x10de
[2017.04.04-04.33.26:346][  0]LogD3D11RHI:    1. 'Microsoft Basic Render Driver' (Feature Level 11_0)
[2017.04.04-04.33.26:346][  0]LogD3D11RHI:       0/0/8171 MB DedicatedVideo/DedicatedSystem/SharedSystem, Outputs:0, VendorId:0x1414
[2017.04.04-04.33.26:346][  0]LogD3D11RHI: Chosen D3D11 Adapter: 0
[2017.04.04-04.33.26:351][  0]LogD3D11RHI: Creating new Direct3DDevice
[2017.04.04-04.33.26:351][  0]LogD3D11RHI:     GPU DeviceId: 0x1184 (for the marketing name, search the web for "GPU Device Id")
[2017.04.04-04.33.26:351][  0]LogWindows: EnumDisplayDevices:
[2017.04.04-04.33.26:351][  0]LogWindows:    0. 'NVIDIA GeForce GTX 770' (P:1 D:1)
[2017.04.04-04.33.26:352][  0]LogWindows:    1. 'NVIDIA GeForce GTX 770' (P:0 D:0)
[2017.04.04-04.33.26:352][  0]LogWindows:    2. 'NVIDIA GeForce GTX 770' (P:0 D:0)
[2017.04.04-04.33.26:352][  0]LogWindows:    3. 'NVIDIA GeForce GTX 770' (P:0 D:0)
[2017.04.04-04.33.26:352][  0]LogWindows: DebugString: FoundDriverCount:4 
[2017.04.04-04.33.26:352][  0]LogD3D11RHI:     Adapter Name: NVIDIA GeForce GTX 770
[2017.04.04-04.33.26:352][  0]LogD3D11RHI:   Driver Version: 378.92 (internal:21.21.13.7892, unified:378.92)
[2017.04.04-04.33.26:352][  0]LogD3D11RHI:      Driver Date: 3-16-2017
[2017.04.04-04.33.26:352][  0]LogRHI: Texture pool is 1361 MB (70% of 1945 MB)
[2017.04.04-04.33.26:823][  0]LogD3D11RHI:Warning: Timestamp queries are currently disabled on this hardware due to instability. Realtime GPU stats will not be available. You can override this behaviour by setting r.NVIDIATimestampWorkaround to 0
[2017.04.04-04.33.26:823][  0]LogD3D11RHI: Async texture creation enabled
[2017.04.04-04.33.26:925][  0]LogD3D11RHI: GPU Timing Frequency: 1000.000000 (Debug: 2 2)
[2017.04.04-04.33.26:972][  0]LogShaderCompilers: Guid format shader working directory is -16 characters bigger than the processId version (../../../../../../Users/Noctis/Documents/GitHub/DMT-V/src/DMT_V/Intermediate/Shaders/WorkingDirectory/4704/).
[2017.04.04-04.33.26:972][  0]LogShaderCompilers: Cleaned the shader compiler working directory 'C:/Users/Noctis/AppData/Local/Temp/UnrealShaderWorkingDir/F167A9FC49502ECF054F2E8A3D1802CF/'.
[2017.04.04-04.33.26:972][  0]LogShaderCompilers:Display: Using Local Shader Compiler.
[2017.04.04-04.33.27:898][  0]LogTemp:Display: Loaded TP AllDesktopTargetPlatform
[2017.04.04-04.33.27:951][  0]LogTemp:Display: Loaded TP MacClientTargetPlatform
[2017.04.04-04.33.28:007][  0]LogTemp:Display: Loaded TP MacNoEditorTargetPlatform
[2017.04.04-04.33.28:061][  0]LogTemp:Display: Loaded TP MacServerTargetPlatform
[2017.04.04-04.33.28:117][  0]LogTemp:Display: Loaded TP MacTargetPlatform
[2017.04.04-04.33.28:169][  0]LogTemp:Display: Loaded TP WindowsClientTargetPlatform
[2017.04.04-04.33.28:221][  0]LogTemp:Display: Loaded TP WindowsNoEditorTargetPlatform
[2017.04.04-04.33.28:273][  0]LogTemp:Display: Loaded TP WindowsServerTargetPlatform
[2017.04.04-04.33.28:317][  0]LogTemp:Display: Loaded TP WindowsTargetPlatform
[2017.04.04-04.33.28:369][  0]LogTemp:Display: Loaded TP AndroidTargetPlatform
[2017.04.04-04.33.28:421][  0]LogTemp:Display: Loaded TP Android_ASTCTargetPlatform
[2017.04.04-04.33.28:472][  0]LogTemp:Display: Loaded TP Android_ATCTargetPlatform
[2017.04.04-04.33.28:525][  0]LogTemp:Display: Loaded TP Android_DXTTargetPlatform
[2017.04.04-04.33.28:577][  0]LogTemp:Display: Loaded TP Android_ETC1TargetPlatform
[2017.04.04-04.33.28:629][  0]LogTemp:Display: Loaded TP Android_ETC2TargetPlatform
[2017.04.04-04.33.28:732][  0]LogTemp:Display: Loaded TP Android_MultiTargetPlatform
[2017.04.04-04.33.28:732][  0]LogTemp:Display: Loaded TP Android_PVRTCTargetPlatform
[2017.04.04-04.33.28:769][  0]LogTemp:Display: Loaded TP HTML5TargetPlatform
[2017.04.04-04.33.28:863][  0]LogTemp:Display: Loaded TP IOSTargetPlatform
[2017.04.04-04.33.28:900][  0]LogTemp:Display: Loaded TP TVOSTargetPlatform
[2017.04.04-04.33.28:954][  0]LogTemp:Display: Loaded TP LinuxClientTargetPlatform
[2017.04.04-04.33.29:007][  0]LogTemp:Display: Loaded TP LinuxNoEditorTargetPlatform
[2017.04.04-04.33.29:058][  0]LogTemp:Display: Loaded TP LinuxServerTargetPlatform
[2017.04.04-04.33.29:108][  0]LogTemp:Display: Loaded TP LinuxTargetPlatform
[2017.04.04-04.33.29:108][  0]LogTargetPlatformManager:Display: Building Assets For Windows
[2017.04.04-04.33.29:536][  0]LogDerivedDataCache:Display: Max Cache Size: 512 MB
[2017.04.04-04.33.29:579][  0]LogDerivedDataCache: Loaded boot cache 0.04s 50MB C:/Users/Noctis/AppData/Local/UnrealEngine/4.15/DerivedDataCache/Boot.ddc.
[2017.04.04-04.33.29:579][  0]LogDerivedDataCache:Display: Loaded Boot cache: C:/Users/Noctis/AppData/Local/UnrealEngine/4.15/DerivedDataCache/Boot.ddc
[2017.04.04-04.33.29:579][  0]LogDerivedDataCache: FDerivedDataBackendGraph:  Pak pak cache file ../../../../../../Users/Noctis/Documents/GitHub/DMT-V/src/DMT_V/DerivedDataCache/DDC.ddp not found, will not use a pak cache.
[2017.04.04-04.33.29:579][  0]LogDerivedDataCache: Unable to find inner node Pak for hierarchical cache Hierarchy.
[2017.04.04-04.33.29:579][  0]LogDerivedDataCache: FDerivedDataBackendGraph:  CompressedPak pak cache file ../../../../../../Users/Noctis/Documents/GitHub/DMT-V/src/DMT_V/DerivedDataCache/Compressed.ddp not found, will not use a pak cache.
[2017.04.04-04.33.29:579][  0]LogDerivedDataCache: Unable to find inner node CompressedPak for hierarchical cache Hierarchy.
[2017.04.04-04.33.29:594][  0]LogDerivedDataCache:Display: Pak cache opened for reading ../../../Engine/DerivedDataCache/Compressed.ddp.
[2017.04.04-04.33.29:607][  0]LogDerivedDataCache: Using Local data cache path C:/Users/Noctis/AppData/Local/UnrealEngine/Common/DerivedDataCache: Writable
[2017.04.04-04.33.29:616][  0]LogSlate: Using Freetype 2.6.0
[2017.04.04-04.33.29:616][  0]LogSlate: SlateFontCache - WITH_FREETYPE: 1, WITH_HARFBUZZ: 1
[2017.04.04-04.33.29:616][  0]LogSlate: SlateFontCache - WITH_FREETYPE: 1, WITH_HARFBUZZ: 1
[2017.04.04-04.33.29:836][  0]LogInit: Selected Device Profile: [Windows]
[2017.04.04-04.33.29:838][  0]LogContentStreaming: Texture pool size is 0.00 MB
[2017.04.04-04.33.30:032][  0]LogMeshUtilities: Using QuadricMeshReduction for automatic static mesh reduction
[2017.04.04-04.33.30:076][  0]LogSimplygon: Simplygon DLL not present - disabling.
[2017.04.04-04.33.30:122][  0]LogMeshUtilities: Using SimplygonSwarm for distributed automatic mesh merging
[2017.04.04-04.33.30:122][  0]LogMeshUtilities: No automatic skeletal mesh reduction module available
[2017.04.04-04.33.30:122][  0]LogMeshUtilities: No automatic mesh merging module available
[2017.04.04-04.33.30:598][  0]LogNetVersion: GetLocalNetworkVersion: CL: 3299760, ProjectName: dmt_v, ProjectVersion: , EngineNetworkVersion: 2, GameNetworkVersion: 0, NetworkChecksum: 3867609599
[2017.04.04-04.33.30:643][  0]LogAssetRegistry: FAssetRegistry took 0.0220 seconds to start up
[2017.04.04-04.33.30:691][  0]LogPackageLocalizationCache: Processed 3 localized package path(s) for 2 prioritized culture(s) in 0.024046 seconds
[2017.04.04-04.33.30:695][  0]LogUObjectArray: 32493 objects as part of root set at end of initial load.
[2017.04.04-04.33.30:695][  0]LogUObjectAllocator: 7077032 out of 0 bytes used by permanent object pool.
[2017.04.04-04.33.30:695][  0]LogUObjectArray: CloseDisregardForGC: 0/0 objects in disregard for GC pool
[2017.04.04-04.33.30:756][  0]LogInit: WinSock: version 1.1 (2.2), MaxSocks=32767, MaxUdp=65467
[2017.04.04-04.33.32:257][  0]LogTcpMessaging: Initializing TcpMessaging bridge
[2017.04.04-04.33.32:295][  0]LogUdpMessaging: Initializing bridge on interface 0.0.0.0:0 to multicast group 230.0.0.1:6666.
[2017.04.04-04.33.32:723][  0]LogMaterial: Uniform references updated for custom material expression Custom.
[2017.04.04-04.33.33:082][  0]SourceControl: Info Source control is disabled
[2017.04.04-04.33.33:083][  0]SourceControl: Info Source control is disabled
[2017.04.04-04.33.33:127][  0]SourceControl: Info Source control is disabled
[2017.04.04-04.33.33:172][  0]SourceControl: Info Source control is disabled
[2017.04.04-04.33.34:387][  0]LogEngine: Initializing Engine...
[2017.04.04-04.33.34:388][  0]LogHMD: Failed to initialize OpenVR with code 110
[2017.04.04-04.33.34:602][  0]LogAIModule: Creating AISystem for world Untitled
[2017.04.04-04.33.34:633][  0]LogInit: XAudio2 using 'E241-A1-4 (NVIDIA High Definition Audio)' : 2 channels at 48 kHz using 16 bits per sample (channel mask 0x3)
[2017.04.04-04.33.34:651][  0]LogInit: FAudioDevice initialized.
[2017.04.04-04.33.34:672][  0]LogDerivedDataCache: Saved boot cache 0.02s 50MB C:/Users/Noctis/AppData/Local/UnrealEngine/4.15/DerivedDataCache/Boot.ddc.
[2017.04.04-04.33.34:678][  0]LogInit: Texture streaming: Enabled
[2017.04.04-04.33.34:767][  0]LogEngineSessionManager: EngineSessionManager initialized
[2017.04.04-04.33.34:852][  0]LogInit: Transaction tracking system initialized
[2017.04.04-04.33.35:189][  0]BlueprintLog: New page: Editor Load
[2017.04.04-04.33.36:019][  0]LocalizationService: Info Localization service is disabled
[2017.04.04-04.33.36:830][  0]LogConsoleResponse:Display: 
[2017.04.04-04.33.36:944][  0]LogCook:Display: Max memory allowance for cook 16384mb min free memory 0mb
[2017.04.04-04.33.36:944][  0]LogCook:Display: Mobile HDR setting 1
[2017.04.04-04.33.37:318][  0]LogFileCache: Scanning file cache for directory 'C:/Users/Noctis/Documents/GitHub/DMT-V/src/DMT_V/Content/' took 0.02s
[2017.04.04-04.33.37:937][  0]SourceControl: Info Source control is disabled
[2017.04.04-04.33.37:937][  0]Cmd: MAP LOAD FILE="../../../../../../Users/Noctis/Documents/GitHub/DMT-V/src/DMT_V/Content/AdvancedTurnBasedTileToolkit/Maps/Map_Grid_Example.umap" TEMPLATE=0 SHOWPROGRESS=1 FEATURELEVEL=3
[2017.04.04-04.33.37:937][  0]LightingResults: New page: Lighting Build
[2017.04.04-04.33.37:977][  0]MapCheck: New page: Map Check
[2017.04.04-04.33.37:977][  0]LightingResults: New page: Lighting Build
[2017.04.04-04.33.38:562][  0]LogLinker:Warning: Can't find file '/Game/AdvancedTurnBasedTileToolkit/Characters/Erika_Archer_with_bow_arrow_fbm/Arrow_DIFF'
[2017.04.04-04.33.38:562][  0]LogLinker:Warning: Can't find file for asset '/Game/AdvancedTurnBasedTileToolkit/Characters/Erika_Archer_with_bow_arrow_fbm/Arrow_DIFF' while loading ../../../../../../Users/Noctis/Documents/GitHub/DMT-V/src/DMT_V/Content/AdvancedTurnBasedTileToolkit/UI/Game/Inventory.uasset.
[2017.04.04-04.33.38:562][  0]LoadErrors:Error: Error /Game/AdvancedTurnBasedTileToolkit/UI/Game/Inventory : Can't find file for asset. /Game/AdvancedTurnBasedTileToolkit/Characters/Erika_Archer_with_bow_arrow_fbm/Arrow_DIFF
[2017.04.04-04.33.38:579][  0]LogLinker:Warning: Can't find file '/Game/AdvancedTurnBasedTileToolkit/Characters/Erika_Archer_with_bow_arrow_fbm/Arrow_DIFF'
[2017.04.04-04.33.38:579][  0]LogLinker:Warning: Can't find file for asset '/Game/AdvancedTurnBasedTileToolkit/Characters/Erika_Archer_with_bow_arrow_fbm/Arrow_DIFF' while loading ../../../../../../Users/Noctis/Documents/GitHub/DMT-V/src/DMT_V/Content/AdvancedTurnBasedTileToolkit/UI/Game/Inventory.uasset.
[2017.04.04-04.33.38:579][  0]LoadErrors:Error: Error /Game/AdvancedTurnBasedTileToolkit/UI/Game/Inventory : Can't find file for asset. /Game/AdvancedTurnBasedTileToolkit/Characters/Erika_Archer_with_bow_arrow_fbm/Arrow_DIFF
[2017.04.04-04.33.38:579][  0]LogLinker:Warning: Can't find file '/Game/AdvancedTurnBasedTileToolkit/Characters/Erika_Archer_with_bow_arrow_fbm/Arrow_DIFF'
[2017.04.04-04.33.38:579][  0]LogLinker:Warning: Can't find file for asset '/Game/AdvancedTurnBasedTileToolkit/Characters/Erika_Archer_with_bow_arrow_fbm/Arrow_DIFF' while loading ../../../../../../Users/Noctis/Documents/GitHub/DMT-V/src/DMT_V/Content/AdvancedTurnBasedTileToolkit/UI/Game/Inventory.uasset.
[2017.04.04-04.33.38:579][  0]LoadErrors:Error: Error /Game/AdvancedTurnBasedTileToolkit/UI/Game/Inventory : Can't find file for asset. /Game/AdvancedTurnBasedTileToolkit/Characters/Erika_Archer_with_bow_arrow_fbm/Arrow_DIFF
[2017.04.04-04.33.38:579][  0]LogLinker:Warning: Can't find file '/Game/AdvancedTurnBasedTileToolkit/Characters/Erika_Archer_with_bow_arrow_fbm/Arrow_DIFF'
[2017.04.04-04.33.38:579][  0]LoadErrors: Info Failed to load /Game/AdvancedTurnBasedTileToolkit/Characters/Erika_Archer_with_bow_arrow_fbm/Arrow_DIFF.Arrow_DIFF Referenced by Default__Inventory_C
[2017.04.04-04.33.38:579][  0]LogLinker:Warning: Can't find file for asset '/Game/AdvancedTurnBasedTileToolkit/Characters/Erika_Archer_with_bow_arrow_fbm/Arrow_DIFF' while loading ../../../../../../Users/Noctis/Documents/GitHub/DMT-V/src/DMT_V/Content/AdvancedTurnBasedTileToolkit/UI/Game/Inventory.uasset.
[2017.04.04-04.33.38:579][  0]LoadErrors: Info Failed to load /Game/AdvancedTurnBasedTileToolkit/Characters/Erika_Archer_with_bow_arrow_fbm/Arrow_DIFF.Arrow_DIFF Referenced by Default__Inventory_C
[2017.04.04-04.33.38:579][  0]LoadErrors:Error: Error /Game/AdvancedTurnBasedTileToolkit/UI/Game/Inventory : Can't find file for asset. /Game/AdvancedTurnBasedTileToolkit/Characters/Erika_Archer_with_bow_arrow_fbm/Arrow_DIFF
[2017.04.04-04.33.38:635][  0]LogBlueprint:Warning: [Item_Data] 'CurrentPawn' variable not found. Base class was probably changed.
[2017.04.04-04.33.38:648][  0]LogLinker:Warning: Can't find file '/Game/AdvancedTurnBasedTileToolkit/Characters/Erika_Archer_with_bow_arrow_fbm/Arrow_DIFF'
[2017.04.04-04.33.38:648][  0]LogLinker:Warning: Can't find file for asset '/Game/AdvancedTurnBasedTileToolkit/Characters/Erika_Archer_with_bow_arrow_fbm/Arrow_DIFF' while loading ../../../../../../Users/Noctis/Documents/GitHub/DMT-V/src/DMT_V/Content/AdvancedTurnBasedTileToolkit/UI/Game/Inventory.uasset.
[2017.04.04-04.33.38:648][  0]LoadErrors:Error: Error /Game/AdvancedTurnBasedTileToolkit/UI/Game/Inventory : Can't find file for asset. /Game/AdvancedTurnBasedTileToolkit/Characters/Erika_Archer_with_bow_arrow_fbm/Arrow_DIFF
[2017.04.04-04.33.38:651][  0]LogLinker:Warning: Can't find file '/Game/AdvancedTurnBasedTileToolkit/Characters/FemaleFitA_Body_diffuse'
[2017.04.04-04.33.38:651][  0]LogLinker:Warning: Can't find file for asset '/Game/AdvancedTurnBasedTileToolkit/Characters/FemaleFitA_Body_diffuse' while loading ../../../../../../Users/Noctis/Documents/GitHub/DMT-V/src/DMT_V/Content/AdvancedTurnBasedTileToolkit/Blueprints/Gameplay/ATBTT_PlayerController.uasset.
[2017.04.04-04.33.38:651][  0]LoadErrors:Error: Error /Game/AdvancedTurnBasedTileToolkit/Blueprints/Gameplay/ATBTT_PlayerController : Can't find file for asset. /Game/AdvancedTurnBasedTileToolkit/Characters/FemaleFitA_Body_diffuse
[2017.04.04-04.33.38:652][  0]LogLinker:Warning: Can't find file '/Game/AdvancedTurnBasedTileToolkit/Characters/Mage/Wizard_Body_gloss'
[2017.04.04-04.33.38:652][  0]LogLinker:Warning: Can't find file for asset '/Game/AdvancedTurnBasedTileToolkit/Characters/Mage/Wizard_Body_gloss' while loading ../../../../../../Users/Noctis/Documents/GitHub/DMT-V/src/DMT_V/Content/AdvancedTurnBasedTileToolkit/Blueprints/Gameplay/ATBTT_PlayerController.uasset.
[2017.04.04-04.33.38:652][  0]LoadErrors:Error: Error /Game/AdvancedTurnBasedTileToolkit/Blueprints/Gameplay/ATBTT_PlayerController : Can't find file for asset. /Game/AdvancedTurnBasedTileToolkit/Characters/Mage/Wizard_Body_gloss
[2017.04.04-04.33.38:653][  0]LogLinker:Warning: Can't find file '/Game/AdvancedTurnBasedTileToolkit/Characters/FemaleFitA_Body_diffuse'
[2017.04.04-04.33.38:654][  0]LogLinker:Warning: Can't find file for asset '/Game/AdvancedTurnBasedTileToolkit/Characters/FemaleFitA_Body_diffuse' while loading ../../../../../../Users/Noctis/Documents/GitHub/DMT-V/src/DMT_V/Content/AdvancedTurnBasedTileToolkit/Blueprints/Gameplay/ATBTT_PlayerController.uasset.
[2017.04.04-04.33.38:654][  0]LoadErrors:Error: Error /Game/AdvancedTurnBasedTileToolkit/Blueprints/Gameplay/ATBTT_PlayerController : Can't find file for asset. /Game/AdvancedTurnBasedTileToolkit/Characters/FemaleFitA_Body_diffuse
[2017.04.04-04.33.38:654][  0]LogLinker:Warning: Can't find file '/Game/AdvancedTurnBasedTileToolkit/Characters/Mage/Wizard_Body_gloss'
[2017.04.04-04.33.38:654][  0]LogLinker:Warning: Can't find file for asset '/Game/AdvancedTurnBasedTileToolkit/Characters/Mage/Wizard_Body_gloss' while loading ../../../../../../Users/Noctis/Documents/GitHub/DMT-V/src/DMT_V/Content/AdvancedTurnBasedTileToolkit/Blueprints/Gameplay/ATBTT_PlayerController.uasset.
[2017.04.04-04.33.38:654][  0]LoadErrors:Error: Error /Game/AdvancedTurnBasedTileToolkit/Blueprints/Gameplay/ATBTT_PlayerController : Can't find file for asset. /Game/AdvancedTurnBasedTileToolkit/Characters/Mage/Wizard_Body_gloss
[2017.04.04-04.33.38:654][  0]LogLinker:Warning: Can't find file '/Game/AdvancedTurnBasedTileToolkit/Characters/FemaleFitA_Body_diffuse'
[2017.04.04-04.33.38:655][  0]LoadErrors: Info Failed to load /Game/AdvancedTurnBasedTileToolkit/Characters/FemaleFitA_Body_diffuse.FemaleFitA_Body_diffuse Referenced by Default__ATBTT_PlayerController_C
[2017.04.04-04.33.38:655][  0]LogLinker:Warning: Can't find file for asset '/Game/AdvancedTurnBasedTileToolkit/Characters/FemaleFitA_Body_diffuse' while loading ../../../../../../Users/Noctis/Documents/GitHub/DMT-V/src/DMT_V/Content/AdvancedTurnBasedTileToolkit/Blueprints/Gameplay/ATBTT_PlayerController.uasset.
[2017.04.04-04.33.38:655][  0]LoadErrors: Info Failed to load /Game/AdvancedTurnBasedTileToolkit/Characters/FemaleFitA_Body_diffuse.FemaleFitA_Body_diffuse Referenced by Default__ATBTT_PlayerController_C
[2017.04.04-04.33.38:655][  0]LoadErrors:Error: Error /Game/AdvancedTurnBasedTileToolkit/Blueprints/Gameplay/ATBTT_PlayerController : Can't find file for asset. /Game/AdvancedTurnBasedTileToolkit/Characters/FemaleFitA_Body_diffuse
[2017.04.04-04.33.38:655][  0]LogLinker:Warning: Can't find file '/Game/AdvancedTurnBasedTileToolkit/Characters/Mage/Wizard_Body_gloss'
[2017.04.04-04.33.38:655][  0]LoadErrors: Info Failed to load /Game/AdvancedTurnBasedTileToolkit/Characters/Mage/Wizard_Body_gloss.Wizard_Body_gloss Referenced by Default__ATBTT_PlayerController_C
[2017.04.04-04.33.38:655][  0]LogLinker:Warning: Can't find file for asset '/Game/AdvancedTurnBasedTileToolkit/Characters/Mage/Wizard_Body_gloss' while loading ../../../../../../Users/Noctis/Documents/GitHub/DMT-V/src/DMT_V/Content/AdvancedTurnBasedTileToolkit/Blueprints/Gameplay/ATBTT_PlayerController.uasset.
[2017.04.04-04.33.38:655][  0]LoadErrors: Info Failed to load /Game/AdvancedTurnBasedTileToolkit/Characters/Mage/Wizard_Body_gloss.Wizard_Body_gloss Referenced by Default__ATBTT_PlayerController_C
[2017.04.04-04.33.38:655][  0]LoadErrors:Error: Error /Game/AdvancedTurnBasedTileToolkit/Blueprints/Gameplay/ATBTT_PlayerController : Can't find file for asset. /Game/AdvancedTurnBasedTileToolkit/Characters/Mage/Wizard_Body_gloss
[2017.04.04-04.33.38:894][  0]LogLinker:Warning: Can't find file '/Game/AdvancedTurnBasedTileToolkit/Characters/FemaleFitA_Body_diffuse'
[2017.04.04-04.33.38:894][  0]LogLinker:Warning: Can't find file for asset '/Game/AdvancedTurnBasedTileToolkit/Characters/FemaleFitA_Body_diffuse' while loading ../../../../../../Users/Noctis/Documents/GitHub/DMT-V/src/DMT_V/Content/AdvancedTurnBasedTileToolkit/Blueprints/Gameplay/ATBTT_PlayerController.uasset.
[2017.04.04-04.33.38:894][  0]LoadErrors:Error: Error /Game/AdvancedTurnBasedTileToolkit/Blueprints/Gameplay/ATBTT_PlayerController : Can't find file for asset. /Game/AdvancedTurnBasedTileToolkit/Characters/FemaleFitA_Body_diffuse
[2017.04.04-04.33.38:894][  0]LogLinker:Warning: Can't find file '/Game/AdvancedTurnBasedTileToolkit/Characters/Mage/Wizard_Body_gloss'
[2017.04.04-04.33.38:894][  0]LogLinker:Warning: Can't find file for asset '/Game/AdvancedTurnBasedTileToolkit/Characters/Mage/Wizard_Body_gloss' while loading ../../../../../../Users/Noctis/Documents/GitHub/DMT-V/src/DMT_V/Content/AdvancedTurnBasedTileToolkit/Blueprints/Gameplay/ATBTT_PlayerController.uasset.
[2017.04.04-04.33.38:894][  0]LoadErrors:Error: Error /Game/AdvancedTurnBasedTileToolkit/Blueprints/Gameplay/ATBTT_PlayerController : Can't find file for asset. /Game/AdvancedTurnBasedTileToolkit/Characters/Mage/Wizard_Body_gloss
[2017.04.04-04.33.38:895][  0]LogLinker:Warning: Can't find file '/Game/AdvancedTurnBasedTileToolkit/Characters/FemaleFitA_Body_diffuse'
[2017.04.04-04.33.38:895][  0]LogLinker:Warning: Can't find file for asset '/Game/AdvancedTurnBasedTileToolkit/Characters/FemaleFitA_Body_diffuse' while loading ../../../../../../Users/Noctis/Documents/GitHub/DMT-V/src/DMT_V/Content/AdvancedTurnBasedTileToolkit/Blueprints/Gameplay/ATBTT_PlayerController.uasset.
[2017.04.04-04.33.38:895][  0]LoadErrors:Error: Error /Game/AdvancedTurnBasedTileToolkit/Blueprints/Gameplay/ATBTT_PlayerController : Can't find file for asset. /Game/AdvancedTurnBasedTileToolkit/Characters/FemaleFitA_Body_diffuse
[2017.04.04-04.33.38:895][  0]LogLinker:Warning: Can't find file '/Game/AdvancedTurnBasedTileToolkit/Characters/Mage/Wizard_Body_gloss'
[2017.04.04-04.33.38:895][  0]LogLinker:Warning: Can't find file for asset '/Game/AdvancedTurnBasedTileToolkit/Characters/Mage/Wizard_Body_gloss' while loading ../../../../../../Users/Noctis/Documents/GitHub/DMT-V/src/DMT_V/Content/AdvancedTurnBasedTileToolkit/Blueprints/Gameplay/ATBTT_PlayerController.uasset.
[2017.04.04-04.33.38:895][  0]LoadErrors:Error: Error /Game/AdvancedTurnBasedTileToolkit/Blueprints/Gameplay/ATBTT_PlayerController : Can't find file for asset. /Game/AdvancedTurnBasedTileToolkit/Characters/Mage/Wizard_Body_gloss
[2017.04.04-04.33.39:453][  0]LogClass:Warning: Enum '/Game/AdvancedTurnBasedTileToolkit/Blueprints/Gameplay/Enums/Enum_Height.Enum_Height' was upgraded to use FText to store its display name data. Please re-save this asset to avoid issues with localization and determinstic cooking.
[2017.04.04-04.33.39:490][  0]LogClass:Warning: Enum '/Game/AdvancedTurnBasedTileToolkit/Blueprints/Gameplay/Enums/Enum_DisplayObject.Enum_DisplayObject' was upgraded to use FText to store its display name data. Please re-save this asset to avoid issues with localization and determinstic cooking.
[2017.04.04-04.33.39:496][  0]LogClass:Warning: Enum '/Game/AdvancedTurnBasedTileToolkit/Blueprints/Gameplay/Enums/Enum_TileSpawn.Enum_TileSpawn' was upgraded to use FText to store its display name data. Please re-save this asset to avoid issues with localization and determinstic cooking.
[2017.04.04-04.33.39:519][  0]LogClass:Warning: Enum '/Game/AdvancedTurnBasedTileToolkit/Blueprints/Gameplay/Enums/Enum_MovePriority.Enum_MovePriority' was upgraded to use FText to store its display name data. Please re-save this asset to avoid issues with localization and determinstic cooking.
[2017.04.04-04.33.39:541][  0]LogClass:Warning: Enum '/Game/AdvancedTurnBasedTileToolkit/Blueprints/Gameplay/Enums/Enum_PathfindingType.Enum_PathfindingType' was upgraded to use FText to store its display name data. Please re-save this asset to avoid issues with localization and determinstic cooking.
[2017.04.04-04.33.41:712][  0]LogBlueprint:Warning: [Item_Data] 'CurrentPawn' variable not found. Base class was probably changed.
[2017.04.04-04.33.43:715][  0]LogClass:Warning: Enum '/Game/AdvancedTurnBasedTileToolkit/Blueprints/Gameplay/Enums/Enum_Faction.Enum_Faction' was upgraded to use FText to store its display name data. Please re-save this asset to avoid issues with localization and determinstic cooking.
[2017.04.04-04.33.44:351][  0]LogAIModule: Creating AISystem for world Map_Grid_Example
[2017.04.04-04.33.44:415][  0]LogEditorServer: Finished looking for orphan Actors (0.000 secs)
[2017.04.04-04.33.44:416][  0]Cmd: MAP CHECKDEP NOCLEARLOG
[2017.04.04-04.33.44:475][  0]MapCheck: Info Map check complete: 0 Error(s), 0 Warning(s), took 58.873ms to complete.
[2017.04.04-04.33.44:475][  0]LogFileHelpers: Loading map 'Map_Grid_Example' took 6.538
[2017.04.04-04.33.44:536][  0]LogWindowsTextInputMethodSystem:Display: IME system now deactivated.
[2017.04.04-04.33.44:639][  0]LogCollectionManager: Loaded 0 collections in 0.001619 seconds
[2017.04.04-04.33.44:716][  0]LogFileCache: Scanning file cache for directory 'C:/Users/Noctis/Documents/GitHub/DMT-V/src/DMT_V/Saved/Collections/' took 0.01s
[2017.04.04-04.33.44:716][  0]LogFileCache: Scanning file cache for directory 'C:/Users/Noctis/Documents/GitHub/DMT-V/src/DMT_V/Content/Developers/Noctis/Collections/' took 0.01s
[2017.04.04-04.33.44:716][  0]LogFileCache: Scanning file cache for directory 'C:/Users/Noctis/Documents/GitHub/DMT-V/src/DMT_V/Content/Collections/' took 0.01s
[2017.04.04-04.33.44:716][  0]LogCollectionManager: Rebuilt the GUID cache for 0 collections in 0.000001 seconds
[2017.04.04-04.33.44:724][  0]LogContentBrowser: Native class hierarchy populated in 0.0072 seconds. Added 2245 classes and 453 folders.
[2017.04.04-04.33.44:727][  0]LogStats: UGameplayTagsManager::ConstructGameplayTagTree: Construct from data asset -  0.000 s
[2017.04.04-04.33.44:727][  0]LogStats: UGameplayTagsManager::ConstructGameplayTagTree: GameplayTagTreeChangedEvent.Broadcast -  0.000 s
[2017.04.04-04.33.44:787][  0]LogContentBrowser: Native class hierarchy updated for 'WidgetCarousel' in 0.0004 seconds. Added 0 classes and 0 folders.
[2017.04.04-04.33.44:824][  0]LogContentBrowser: Native class hierarchy updated for 'AddContentDialog' in 0.0004 seconds. Added 0 classes and 0 folders.
[2017.04.04-04.33.44:866][  0]LogContentBrowser: Native class hierarchy updated for 'SceneOutliner' in 0.0005 seconds. Added 1 classes and 2 folders.
[2017.04.04-04.33.44:910][  0]LogCrashTracker: Crashtracker disabled due to settings.
[2017.04.04-04.33.44:918][  0]LogUObjectGlobals:Warning: Failed to find object 'Class None.'
[2017.04.04-04.33.44:983][  0]LogContentBrowser: Native class hierarchy updated for 'HierarchicalLODOutliner' in 0.0005 seconds. Added 1 classes and 2 folders.
[2017.04.04-04.33.44:984][  0]LogLoad: (Engine Initialization) Total time: 22.50 seconds
[2017.04.04-04.33.44:984][  0]LogLoad: (Engine Initialization) Total Blueprint compile time: 3.07 seconds
[2017.04.04-04.33.44:984][  0]LogExternalProfiler: Found external profiler: VSPerf
[2017.04.04-04.33.44:984][  0]LogExternalProfiler: Using external profiler: VSPerf
[2017.04.04-04.33.44:993][  0]LogOcInput: OculusInput pre-init called
[2017.04.04-04.33.44:993][  0]LoadErrors:Error: Error /Game/AdvancedTurnBasedTileToolkit/UI/Game/Item_Data : Failed import for BoolProperty /Game/AdvancedTurnBasedTileToolkit/Blueprints/Gameplay/Structs/Struct_Item.Struct_Item:IsRanged?_59_668DB27A4F717D36D80C7E9B22AB05BF
[2017.04.04-04.33.44:993][  0]LoadErrors:Error: Error /Game/AdvancedTurnBasedTileToolkit/UI/Game/Item_Data : Failed import for ByteProperty /Game/AdvancedTurnBasedTileToolkit/Blueprints/Gameplay/Structs/Struct_Item.Struct_Item:ClassRestriction_60_086CD6DC43B1DF0D8944D4B1ECD707C5
[2017.04.04-04.33.45:011][  0]LogContentStreaming: Texture pool size now 400 MB
[2017.04.04-04.33.45:025][  0]LogSlate: Took 0.000174 seconds to synchronously load lazily loaded font '../../../Engine/Content/Slate/Fonts/Roboto-Regular.ttf' (155K)
[2017.04.04-04.33.45:028][  0]LogSlate: Took 0.000188 seconds to synchronously load lazily loaded font '../../../Engine/Content/Slate/Fonts/Roboto-Bold.ttf' (160K)
[2017.04.04-04.33.45:033][  0]LogSlate: Took 0.000198 seconds to synchronously load lazily loaded font '../../../Engine/Content/Editor/Slate/Fonts/FontAwesome.ttf' (139K)
[2017.04.04-04.33.45:181][  0]LogRenderer: Reallocating scene render targets to support 1208x576 NumSamples 1 (Frame:2).
[2017.04.04-04.33.45:221][  0]LogSlate: Took 0.000171 seconds to synchronously load lazily loaded font '../../../Engine/Content/Slate/Fonts/Roboto-Light.ttf' (159K)
[2017.04.04-04.33.45:280][  1]LogScriptCore:Warning: Script Msg: Attempted to access index 0 from array CallFunc_GetAllActorsOfClass_OutActors of length 0!
[2017.04.04-04.33.45:280][  1]LogScriptCore:Warning: Script Msg: Attempted to access index 0 from array CallFunc_GetAllActorsOfClass_OutActors of length 0!
[2017.04.04-04.33.45:280][  1]LogScript:Warning: Accessed None trying to read property CallFunc_Array_Get_Item2
	Unit_Player_Ranged_C /Engine/Transient.World_0:PersistentLevel.Unit_Player_Ranged_C_0
	Function /Game/AdvancedTurnBasedTileToolkit/Blueprints/Pawns/Unit_Parent.Unit_Parent_C:UserConstructionScript:0193
[2017.04.04-04.33.45:280][  1]LogScriptCore:Warning: Script Msg: Attempted to access index 0 from array CallFunc_GetAllActorsOfClass_OutActors of length 0!
[2017.04.04-04.33.45:280][  1]LogScript:Warning: Accessed None trying to read property CallFunc_Array_Get_Item2
	Unit_Player_Ranged_C /Engine/Transient.World_0:PersistentLevel.Unit_Player_Ranged_C_0
	Function /Game/AdvancedTurnBasedTileToolkit/Blueprints/Pawns/Unit_Parent.Unit_Parent_C:UserConstructionScript:03C4
[2017.04.04-04.33.45:280][  1]LogScript:Warning: Accessed None trying to read property GridManager_Ref
	Unit_Player_Ranged_C /Engine/Transient.World_0:PersistentLevel.Unit_Player_Ranged_C_0
	Function /Game/AdvancedTurnBasedTileToolkit/Blueprints/Pawns/Unit_Parent.Unit_Parent_C:UserConstructionScript:033B
[2017.04.04-04.33.45:282][  1]LogScriptCore:Warning: Script Msg: Attempted to access index 0 from array CallFunc_GetAllActorsOfClass_OutActors of length 0!
[2017.04.04-04.33.45:282][  1]LogScriptCore:Warning: Script Msg: Attempted to access index 0 from array CallFunc_GetAllActorsOfClass_OutActors of length 0!
[2017.04.04-04.33.45:282][  1]LogScript:Warning: Accessed None trying to read property CallFunc_Array_Get_Item2
	Unit_Player_Melee_C /Engine/Transient.World_1:PersistentLevel.Unit_Player_Melee_C_0
	Function /Game/AdvancedTurnBasedTileToolkit/Blueprints/Pawns/Unit_Parent.Unit_Parent_C:UserConstructionScript:0193
[2017.04.04-04.33.45:282][  1]LogScriptCore:Warning: Script Msg: Attempted to access index 0 from array CallFunc_GetAllActorsOfClass_OutActors of length 0!
[2017.04.04-04.33.45:282][  1]LogScript:Warning: Accessed None trying to read property CallFunc_Array_Get_Item2
	Unit_Player_Melee_C /Engine/Transient.World_1:PersistentLevel.Unit_Player_Melee_C_0
	Function /Game/AdvancedTurnBasedTileToolkit/Blueprints/Pawns/Unit_Parent.Unit_Parent_C:UserConstructionScript:03C4
[2017.04.04-04.33.45:282][  1]LogScript:Warning: Accessed None trying to read property GridManager_Ref
	Unit_Player_Melee_C /Engine/Transient.World_1:PersistentLevel.Unit_Player_Melee_C_0
	Function /Game/AdvancedTurnBasedTileToolkit/Blueprints/Pawns/Unit_Parent.Unit_Parent_C:UserConstructionScript:033B
[2017.04.04-04.33.45:285][  1]LogScriptCore:Warning: Script Msg: Attempted to access index 0 from array CallFunc_GetAllActorsOfClass_OutActors of length 0!
[2017.04.04-04.33.45:285][  1]LogScriptCore:Warning: Script Msg: Attempted to access index 0 from array CallFunc_GetAllActorsOfClass_OutActors of length 0!
[2017.04.04-04.33.45:285][  1]LogScript:Warning: Accessed None trying to read property CallFunc_Array_Get_Item2
	Unit_Enemy_Ranged_C /Engine/Transient.World_2:PersistentLevel.Unit_Enemy_Ranged_C_0
	Function /Game/AdvancedTurnBasedTileToolkit/Blueprints/Pawns/Unit_Parent.Unit_Parent_C:UserConstructionScript:0193
[2017.04.04-04.33.45:285][  1]LogScriptCore:Warning: Script Msg: Attempted to access index 0 from array CallFunc_GetAllActorsOfClass_OutActors of length 0!
[2017.04.04-04.33.45:285][  1]LogScript:Warning: Accessed None trying to read property CallFunc_Array_Get_Item2
	Unit_Enemy_Ranged_C /Engine/Transient.World_2:PersistentLevel.Unit_Enemy_Ranged_C_0
	Function /Game/AdvancedTurnBasedTileToolkit/Blueprints/Pawns/Unit_Parent.Unit_Parent_C:UserConstructionScript:03C4
[2017.04.04-04.33.45:285][  1]LogScript:Warning: Accessed None trying to read property GridManager_Ref
	Unit_Enemy_Ranged_C /Engine/Transient.World_2:PersistentLevel.Unit_Enemy_Ranged_C_0
	Function /Game/AdvancedTurnBasedTileToolkit/Blueprints/Pawns/Unit_Parent.Unit_Parent_C:UserConstructionScript:033B
[2017.04.04-04.33.45:418][  2]LogScriptCore:Warning: Script Msg: Attempted to access index 0 from array CallFunc_GetAllActorsOfClass_OutActors of length 0!
[2017.04.04-04.33.45:418][  2]LogScriptCore:Warning: Script Msg: Attempted to access index 0 from array CallFunc_GetAllActorsOfClass_OutActors of length 0!
[2017.04.04-04.33.45:418][  2]LogScript:Warning: Accessed None trying to read property CallFunc_Array_Get_Item2
	Unit_Enemy_Melee_C /Engine/Transient.World_3:PersistentLevel.Unit_Enemy_Melee_C_0
	Function /Game/AdvancedTurnBasedTileToolkit/Blueprints/Pawns/Unit_Parent.Unit_Parent_C:UserConstructionScript:0193
[2017.04.04-04.33.45:418][  2]LogScriptCore:Warning: Script Msg: Attempted to access index 0 from array CallFunc_GetAllActorsOfClass_OutActors of length 0!
[2017.04.04-04.33.45:418][  2]LogScript:Warning: Accessed None trying to read property CallFunc_Array_Get_Item2
	Unit_Enemy_Melee_C /Engine/Transient.World_3:PersistentLevel.Unit_Enemy_Melee_C_0
	Function /Game/AdvancedTurnBasedTileToolkit/Blueprints/Pawns/Unit_Parent.Unit_Parent_C:UserConstructionScript:03C4
[2017.04.04-04.33.45:418][  2]LogScript:Warning: Accessed None trying to read property GridManager_Ref
	Unit_Enemy_Melee_C /Engine/Transient.World_3:PersistentLevel.Unit_Enemy_Melee_C_0
	Function /Game/AdvancedTurnBasedTileToolkit/Blueprints/Pawns/Unit_Parent.Unit_Parent_C:UserConstructionScript:033B
[2017.04.04-04.33.45:421][  2]LogAssetRegistry: Asset discovery search completed in 14.8003 seconds
[2017.04.04-04.33.45:421][  2]LogCollectionManager: Rebuilt the object cache for 0 collections in 0.000004 seconds (found 0 objects)
[2017.04.04-04.33.45:421][  2]LogCollectionManager: Fixed up redirectors for 0 collections in 0.000016 seconds (updated 0 objects)
[2017.04.04-04.35.04:335][381]LogSlate: Took 0.000124 seconds to synchronously load lazily loaded font '../../../Engine/Content/Slate/Fonts/Roboto-Light.ttf' (159K)
[2017.04.04-04.35.04:421][381]LogSavePackage: Save=15.64ms
[2017.04.04-04.35.04:421][381]LogSavePackage: Moving '../../../../../../Users/Noctis/Documents/GitHub/DMT-V/src/DMT_V/Saved/Arrow_DIFF2707D5AE4CF88215C1ECDFB080D05B96.tmp' to '../../../../../../Users/Noctis/Documents/GitHub/DMT-V/src/DMT_V/Content/AdvancedTurnBasedTileToolkit/Characters/Huntress/Arrow_DIFF.uasset'
[2017.04.04-04.35.04:423][381]LogSavePackage:Display: Finished SavePackage ../../../../../../Users/Noctis/Documents/GitHub/DMT-V/src/DMT_V/Content/AdvancedTurnBasedTileToolkit/Characters/Huntress/Arrow_DIFF.uasset
[2017.04.04-04.35.04:450][381]LogSavePackage: Save=12.52ms
[2017.04.04-04.35.04:450][381]LogSavePackage: Moving '../../../../../../Users/Noctis/Documents/GitHub/DMT-V/src/DMT_V/Saved/Arrow_NM6417AAC948EB34DD4D6C56A68B07AA35.tmp' to '../../../../../../Users/Noctis/Documents/GitHub/DMT-V/src/DMT_V/Content/AdvancedTurnBasedTileToolkit/Characters/Huntress/Arrow_NM.uasset'
[2017.04.04-04.35.04:452][381]LogSavePackage:Display: Finished SavePackage ../../../../../../Users/Noctis/Documents/GitHub/DMT-V/src/DMT_V/Content/AdvancedTurnBasedTileToolkit/Characters/Huntress/Arrow_NM.uasset
[2017.04.04-04.35.40:384][563]LogSavePackage: Save=10.33ms
[2017.04.04-04.35.40:384][563]LogSavePackage: Moving '../../../../../../Users/Noctis/Documents/GitHub/DMT-V/src/DMT_V/Saved/Wizard_Beard_gloss52AF1AE84A12A9D2CBF02C9C109AEE3A.tmp' to '../../../../../../Users/Noctis/Documents/GitHub/DMT-V/src/DMT_V/Content/AdvancedTurnBasedTileToolkit/Characters/Mage/Wizard_Beard_gloss.uasset'
[2017.04.04-04.35.40:387][563]LogSavePackage:Display: Finished SavePackage ../../../../../../Users/Noctis/Documents/GitHub/DMT-V/src/DMT_V/Content/AdvancedTurnBasedTileToolkit/Characters/Mage/Wizard_Beard_gloss.uasset
[2017.04.04-04.35.40:420][563]LogSavePackage: Save=16.56ms
[2017.04.04-04.35.40:420][563]LogSavePackage: Moving '../../../../../../Users/Noctis/Documents/GitHub/DMT-V/src/DMT_V/Saved/Wizard_Body_gloss7685D4FF4BB0D56B10D4EFA1011F65A0.tmp' to '../../../../../../Users/Noctis/Documents/GitHub/DMT-V/src/DMT_V/Content/AdvancedTurnBasedTileToolkit/Characters/Mage/Wizard_Body_gloss.uasset'
[2017.04.04-04.35.40:422][563]LogSavePackage:Display: Finished SavePackage ../../../../../../Users/Noctis/Documents/GitHub/DMT-V/src/DMT_V/Content/AdvancedTurnBasedTileToolkit/Characters/Mage/Wizard_Body_gloss.uasset
[2017.04.04-04.35.40:452][563]LogSavePackage: Save=15.53ms
[2017.04.04-04.35.40:452][563]LogSavePackage: Moving '../../../../../../Users/Noctis/Documents/GitHub/DMT-V/src/DMT_V/Saved/Wizard_Bottom_gloss1ED126F54E456FB71AD483BA61420669.tmp' to '../../../../../../Users/Noctis/Documents/GitHub/DMT-V/src/DMT_V/Content/AdvancedTurnBasedTileToolkit/Characters/Mage/Wizard_Bottom_gloss.uasset'
[2017.04.04-04.35.40:455][563]LogSavePackage:Display: Finished SavePackage ../../../../../../Users/Noctis/Documents/GitHub/DMT-V/src/DMT_V/Content/AdvancedTurnBasedTileToolkit/Characters/Mage/Wizard_Bottom_gloss.uasset
[2017.04.04-04.35.40:478][563]LogSavePackage: Save=11.10ms
[2017.04.04-04.35.40:478][563]LogSavePackage: Moving '../../../../../../Users/Noctis/Documents/GitHub/DMT-V/src/DMT_V/Saved/Wizard_Hair_gloss3CEDBE1C44FC29C656185AAFFC6887E0.tmp' to '../../../../../../Users/Noctis/Documents/GitHub/DMT-V/src/DMT_V/Content/AdvancedTurnBasedTileToolkit/Characters/Mage/Wizard_Hair_gloss.uasset'
[2017.04.04-04.35.40:480][563]LogSavePackage:Display: Finished SavePackage ../../../../../../Users/Noctis/Documents/GitHub/DMT-V/src/DMT_V/Content/AdvancedTurnBasedTileToolkit/Characters/Mage/Wizard_Hair_gloss.uasset
[2017.04.04-04.35.40:503][563]LogSavePackage: Save=13.90ms
[2017.04.04-04.35.40:503][563]LogSavePackage: Moving '../../../../../../Users/Noctis/Documents/GitHub/DMT-V/src/DMT_V/Saved/Wizard_Hat_glossCA69F5274485150072C36AA05897D7F3.tmp' to '../../../../../../Users/Noctis/Documents/GitHub/DMT-V/src/DMT_V/Content/AdvancedTurnBasedTileToolkit/Characters/Mage/Wizard_Hat_gloss.uasset'
[2017.04.04-04.35.40:505][563]LogSavePackage:Display: Finished SavePackage ../../../../../../Users/Noctis/Documents/GitHub/DMT-V/src/DMT_V/Content/AdvancedTurnBasedTileToolkit/Characters/Mage/Wizard_Hat_gloss.uasset
[2017.04.04-04.35.40:527][563]LogSavePackage: Save=9.98ms
[2017.04.04-04.35.40:527][563]LogSavePackage: Moving '../../../../../../Users/Noctis/Documents/GitHub/DMT-V/src/DMT_V/Saved/Wizard_Moustache_glossC82ACBC544FFF6D1A44036847252EB7A.tmp' to '../../../../../../Users/Noctis/Documents/GitHub/DMT-V/src/DMT_V/Content/AdvancedTurnBasedTileToolkit/Characters/Mage/Wizard_Moustache_gloss.uasset'
[2017.04.04-04.35.40:529][563]LogSavePackage:Display: Finished SavePackage ../../../../../../Users/Noctis/Documents/GitHub/DMT-V/src/DMT_V/Content/AdvancedTurnBasedTileToolkit/Characters/Mage/Wizard_Moustache_gloss.uasset
[2017.04.04-04.35.40:550][563]LogSavePackage: Save=10.27ms
[2017.04.04-04.35.40:550][563]LogSavePackage: Moving '../../../../../../Users/Noctis/Documents/GitHub/DMT-V/src/DMT_V/Saved/Wizard_Shoes_gloss1BAF64CD4D73FA2C45220C8DD79A985B.tmp' to '../../../../../../Users/Noctis/Documents/GitHub/DMT-V/src/DMT_V/Content/AdvancedTurnBasedTileToolkit/Characters/Mage/Wizard_Shoes_gloss.uasset'
[2017.04.04-04.35.40:552][563]LogSavePackage:Display: Finished SavePackage ../../../../../../Users/Noctis/Documents/GitHub/DMT-V/src/DMT_V/Content/AdvancedTurnBasedTileToolkit/Characters/Mage/Wizard_Shoes_gloss.uasset
[2017.04.04-04.35.55:170][195]LogContentBrowser: Native class hierarchy updated for 'SkeletonEditor' in 0.0005 seconds. Added 1 classes and 2 folders.
[2017.04.04-04.35.55:289][195]LogActorComponent: RegisterComponentWithWorld: (/Engine/Transient.World_5:PersistentLevel.Actor_0.DebugSkelMeshComponent_0) Already registered. Aborting.
[2017.04.04-04.35.55:331][195]LogSkeletalMesh: USkeletalMeshComponent::InitArticulated : Bodies already created (/Engine/Transient.World_5:PersistentLevel.Actor_0.DebugSkelMeshComponent_0) - call TermArticulated first.
[2017.04.04-04.36.10:298][879]SourceControl: Info Source control is disabled
[2017.04.04-04.36.11:486][ 13]LogWindowsTextInputMethodSystem:Display: IME system now deactivated.
[2017.04.04-04.36.11:663][ 14]Cmd: QUIT_EDITOR
[2017.04.04-04.36.11:716][ 14]LogExit: Preparing to exit.
[2017.04.04-04.36.12:463][ 14]LogDirectoryWatcher: A directory notification for 'C:/Users/Noctis/Documents/GitHub/DMT-V/src/DMT_V/Content/' was aborted.
[2017.04.04-04.36.12:510][ 14]LogExit: Editor shut down
[2017.04.04-04.36.12:511][ 14]LogExit: Transaction tracking system shut down
[2017.04.04-04.36.12:588][ 14]LogObj: Freed 0b from 0 cluster array pools.
[2017.04.04-04.36.12:588][ 14]LogExit: Object subsystem successfully closed.
[2017.04.04-04.36.12:607][ 14]LogD3D11RHI: Shutdown
[2017.04.04-04.36.12:607][ 14]LogD3D11RHI: CleanupD3DDevice
[2017.04.04-04.36.12:696][ 14]LogD3D11RHI: ~FD3D11DynamicRHI
[2017.04.04-04.36.12:708][ 14]LogModuleManager: Shutting down and abandoning module SkeletonEditor (502)
[2017.04.04-04.36.12:708][ 14]LogModuleManager: Shutting down and abandoning module SkeletalMeshEditor (500)
[2017.04.04-04.36.12:708][ 14]LogModuleManager: Shutting down and abandoning module HierarchicalLODOutliner (498)
[2017.04.04-04.36.12:708][ 14]LogModuleManager: Shutting down and abandoning module CrashTracker (496)
[2017.04.04-04.36.12:708][ 14]LogModuleManager: Shutting down and abandoning module SceneOutliner (494)
[2017.04.04-04.36.12:708][ 14]LogModuleManager: Shutting down and abandoning module AddContentDialog (492)
[2017.04.04-04.36.12:708][ 14]LogDirectoryWatcher: A directory notification for 'C:/Program Files/Epic Games/UE_4.15/FeaturePacks/' was aborted.
[2017.04.04-04.36.12:709][ 14]LogModuleManager: Shutting down and abandoning module WidgetCarousel (491)
[2017.04.04-04.36.12:709][ 14]LogModuleManager: Shutting down and abandoning module EditorWidgets (488)
[2017.04.04-04.36.12:709][ 14]LogModuleManager: Shutting down and abandoning module CollectionManager (486)
[2017.04.04-04.36.12:709][ 14]LogDirectoryWatcher: A directory notification for 'C:/Users/Noctis/Documents/GitHub/DMT-V/src/DMT_V/Content/Collections/' was aborted.
[2017.04.04-04.36.12:709][ 14]LogDirectoryWatcher: A directory notification for 'C:/Users/Noctis/Documents/GitHub/DMT-V/src/DMT_V/Content/Developers/Noctis/Collections/' was aborted.
[2017.04.04-04.36.12:709][ 14]LogDirectoryWatcher: A directory notification for 'C:/Users/Noctis/Documents/GitHub/DMT-V/src/DMT_V/Saved/Collections/' was aborted.
[2017.04.04-04.36.12:709][ 14]LogModuleManager: Shutting down and abandoning module StatsViewer (484)
[2017.04.04-04.36.12:709][ 14]LogModuleManager: Shutting down and abandoning module FoliageEdit (482)
[2017.04.04-04.36.12:709][ 14]LogModuleManager: Shutting down and abandoning module LandscapeEditor (480)
[2017.04.04-04.36.12:709][ 14]LogModuleManager: Shutting down and abandoning module SceneDepthPickerMode (478)
[2017.04.04-04.36.12:709][ 14]LogModuleManager: Shutting down and abandoning module ActorPickerMode (476)
[2017.04.04-04.36.12:709][ 14]LogModuleManager: Shutting down and abandoning module GeometryMode (474)
[2017.04.04-04.36.12:709][ 14]LogModuleManager: Shutting down and abandoning module TextureAlignMode (472)
[2017.04.04-04.36.12:709][ 14]LogModuleManager: Shutting down and abandoning module BspMode (470)
[2017.04.04-04.36.12:709][ 14]LogModuleManager: Shutting down and abandoning module HardwareSurvey (468)
[2017.04.04-04.36.12:709][ 14]LogModuleManager: Shutting down and abandoning module SequenceRecorderSections (466)
[2017.04.04-04.36.12:709][ 14]LogModuleManager: Shutting down and abandoning module AutomationWorker (464)
[2017.04.04-04.36.12:709][ 14]LogModuleManager: Shutting down and abandoning module MatineeToLevelSequence (462)
[2017.04.04-04.36.12:709][ 14]LogModuleManager: Shutting down and abandoning module LevelSequenceEditor (460)
[2017.04.04-04.36.12:709][ 14]LogModuleManager: Shutting down and abandoning module PlacementMode (459)
[2017.04.04-04.36.12:709][ 14]LogModuleManager: Shutting down and abandoning module WmfMediaFactory (456)
[2017.04.04-04.36.12:709][ 14]LogModuleManager: Shutting down and abandoning module WmfMediaEditor (454)
[2017.04.04-04.36.12:709][ 14]LogModuleManager: Shutting down and abandoning module MfMediaFactory (452)
[2017.04.04-04.36.12:709][ 14]LogModuleManager: Shutting down and abandoning module MfMediaEditor (450)
[2017.04.04-04.36.12:709][ 14]LogModuleManager: Shutting down and abandoning module AvfMediaFactory (448)
[2017.04.04-04.36.12:709][ 14]LogModuleManager: Shutting down and abandoning module AvfMediaEditor (446)
[2017.04.04-04.36.12:709][ 14]LogModuleManager: Shutting down and abandoning module AndroidMediaFactory (444)
[2017.04.04-04.36.12:709][ 14]LogModuleManager: Shutting down and abandoning module Media (443)
[2017.04.04-04.36.12:709][ 14]LogModuleManager: Shutting down and abandoning module AndroidMediaEditor (440)
[2017.04.04-04.36.12:709][ 14]LogModuleManager: Shutting down and abandoning module CharacterAI (438)
[2017.04.04-04.36.12:709][ 14]LogModuleManager: Shutting down and abandoning module AudioCapture (436)
[2017.04.04-04.36.12:709][ 14]LogModuleManager: Shutting down and abandoning module SequenceRecorder (435)
[2017.04.04-04.36.12:709][ 14]LogModuleManager: Shutting down and abandoning module SmartSnapping (432)
[2017.04.04-04.36.12:709][ 14]LogModuleManager: Shutting down and abandoning module SessionServices (430)
[2017.04.04-04.36.12:709][ 14]LogModuleManager: Shutting down and abandoning module ViewportSnapping (428)
[2017.04.04-04.36.12:709][ 14]LogModuleManager: Shutting down and abandoning module ViewportInteraction (426)
[2017.04.04-04.36.12:709][ 14]LogModuleManager: Shutting down and abandoning module LogVisualizer (424)
[2017.04.04-04.36.12:709][ 14]LogModuleManager: Shutting down and abandoning module IntroTutorials (422)
[2017.04.04-04.36.12:709][ 14]LogModuleManager: Shutting down and abandoning module GameProjectGeneration (421)
[2017.04.04-04.36.12:709][ 14]LogModuleManager: Shutting down and abandoning module EditorLiveStreaming (418)
[2017.04.04-04.36.12:709][ 14]LogModuleManager: Shutting down and abandoning module IOSPlatformEditor (416)
[2017.04.04-04.36.12:709][ 14]LogModuleManager: Shutting down and abandoning module HTML5PlatformEditor (414)
[2017.04.04-04.36.12:709][ 14]LogModuleManager: Shutting down and abandoning module AndroidPlatformEditor (412)
[2017.04.04-04.36.12:709][ 14]LogModuleManager: Shutting down and abandoning module AndroidDeviceDetection (411)
[2017.04.04-04.36.13:416][ 14]LogModuleManager: Shutting down and abandoning module IOSRuntimeSettings (408)
[2017.04.04-04.36.13:416][ 14]LogModuleManager: Shutting down and abandoning module AndroidRuntimeSettings (406)
[2017.04.04-04.36.13:416][ 14]LogModuleManager: Shutting down and abandoning module InputBindingEditor (404)
[2017.04.04-04.36.13:416][ 14]LogModuleManager: Shutting down and abandoning module NiagaraEditor (402)
[2017.04.04-04.36.13:416][ 14]LogModuleManager: Shutting down and abandoning module MergeActors (400)
[2017.04.04-04.36.13:416][ 14]LogModuleManager: Shutting down and abandoning module SizeMap (398)
[2017.04.04-04.36.13:416][ 14]LogModuleManager: Shutting down and abandoning module TreeMap (396)
[2017.04.04-04.36.13:416][ 14]LogModuleManager: Shutting down and abandoning module ReferenceViewer (394)
[2017.04.04-04.36.13:416][ 14]LogModuleManager: Shutting down and abandoning module LocalizationDashboard (392)
[2017.04.04-04.36.13:416][ 14]LogModuleManager: Shutting down and abandoning module LocalizationService (391)
[2017.04.04-04.36.13:416][ 14]LogModuleManager: Shutting down and abandoning module HardwareTargeting (388)
[2017.04.04-04.36.13:416][ 14]LogModuleManager: Shutting down and abandoning module DeviceProfileEditor (386)
[2017.04.04-04.36.13:416][ 14]LogModuleManager: Shutting down and abandoning module UndoHistory (384)
[2017.04.04-04.36.13:416][ 14]LogModuleManager: Shutting down and abandoning module UserFeedback (382)
[2017.04.04-04.36.13:416][ 14]LogModuleManager: Shutting down and abandoning module XmlParser (380)
[2017.04.04-04.36.13:416][ 14]LogModuleManager: Shutting down and abandoning module Blutility (378)
[2017.04.04-04.36.13:416][ 14]LogModuleManager: Shutting down and abandoning module ProjectSettingsViewer (376)
[2017.04.04-04.36.13:416][ 14]LogModuleManager: Shutting down and abandoning module ProjectTargetPlatformEditor (375)
[2017.04.04-04.36.13:416][ 14]LogModuleManager: Shutting down and abandoning module EditorSettingsViewer (372)
[2017.04.04-04.36.13:416][ 14]LogModuleManager: Shutting down and abandoning module SettingsEditor (370)
[2017.04.04-04.36.13:416][ 14]LogModuleManager: Shutting down and abandoning module ProjectLauncher (368)
[2017.04.04-04.36.13:416][ 14]LogModuleManager: Shutting down and abandoning module SessionFrontend (366)
[2017.04.04-04.36.13:416][ 14]LogModuleManager: Shutting down and abandoning module ProfilerClient (364)
[2017.04.04-04.36.13:416][ 14]LogModuleManager: Shutting down and abandoning module DeviceManager (362)
[2017.04.04-04.36.13:416][ 14]LogModuleManager: Shutting down and abandoning module TargetDeviceServices (361)
[2017.04.04-04.36.13:458][ 14]LogModuleManager: Shutting down and abandoning module AutomationController (358)
[2017.04.04-04.36.13:458][ 14]LogModuleManager: Shutting down and abandoning module AutomationWindow (356)
[2017.04.04-04.36.13:458][ 14]LogModuleManager: Shutting down and abandoning module Layers (354)
[2017.04.04-04.36.13:458][ 14]LogModuleManager: Shutting down and abandoning module ComponentVisualizers (352)
[2017.04.04-04.36.13:458][ 14]LogModuleManager: Shutting down and abandoning module DetailCustomizations (350)
[2017.04.04-04.36.13:458][ 14]LogModuleManager: Shutting down and abandoning module PackagesDialog (348)
[2017.04.04-04.36.13:458][ 14]LogModuleManager: Shutting down and abandoning module Persona (346)
[2017.04.04-04.36.13:458][ 14]LogModuleManager: Shutting down and abandoning module AnimGraph (345)
[2017.04.04-04.36.13:458][ 14]LogModuleManager: Shutting down and abandoning module Kismet (342)
[2017.04.04-04.36.13:469][ 14]LogModuleManager: Shutting down and abandoning module GraphEditor (340)
[2017.04.04-04.36.13:469][ 14]LogModuleManager: Shutting down and abandoning module ClassViewer (338)
[2017.04.04-04.36.13:469][ 14]LogModuleManager: Shutting down and abandoning module Toolbox (336)
[2017.04.04-04.36.13:469][ 14]LogModuleManager: Shutting down and abandoning module ModuleUI (334)
[2017.04.04-04.36.13:469][ 14]LogModuleManager: Shutting down and abandoning module MovieSceneTools (332)
[2017.04.04-04.36.13:469][ 14]LogModuleManager: Shutting down and abandoning module OutputLog (330)
[2017.04.04-04.36.13:469][ 14]LogModuleManager: Shutting down and abandoning module GammaUI (328)
[2017.04.04-04.36.13:469][ 14]LogModuleManager: Shutting down and abandoning module Documentation (326)
[2017.04.04-04.36.13:469][ 14]LogModuleManager: Shutting down and abandoning module Niagara (324)
[2017.04.04-04.36.13:469][ 14]LogModuleManager: Shutting down and abandoning module StreamingPauseRendering (322)
[2017.04.04-04.36.13:469][ 14]LogModuleManager: Shutting down and abandoning module AnalyticsET (320)
[2017.04.04-04.36.13:469][ 14]LogModuleManager: Shutting down and abandoning module PortalServices (318)
[2017.04.04-04.36.13:469][ 14]LogModuleManager: Shutting down and abandoning module PortalRpc (316)
[2017.04.04-04.36.13:469][ 14]LogModuleManager: Shutting down and abandoning module MessagingRpc (314)
[2017.04.04-04.36.13:469][ 14]LogModuleManager: Shutting down and abandoning module AIModule (312)
[2017.04.04-04.36.13:469][ 14]LogModuleManager: Shutting down and abandoning module GameplayDebugger (311)
[2017.04.04-04.36.13:469][ 14]LogModuleManager: Shutting down and abandoning module AITestSuite (309)
[2017.04.04-04.36.13:469][ 14]LogModuleManager: Shutting down and abandoning module ProfilerService (306)
[2017.04.04-04.36.13:508][ 14]LogModuleManager: Shutting down and abandoning module TaskGraph (304)
[2017.04.04-04.36.13:508][ 14]LogModuleManager: Shutting down and abandoning module SteamVRController (302)
[2017.04.04-04.36.13:508][ 14]LogModuleManager: Shutting down and abandoning module SteamVR (300)
[2017.04.04-04.36.13:508][ 14]LogModuleManager: Shutting down and abandoning module ProceduralMeshComponentEditor (298)
[2017.04.04-04.36.13:508][ 14]LogModuleManager: Shutting down and abandoning module ProceduralMeshComponent (296)
[2017.04.04-04.36.13:508][ 14]LogModuleManager: Shutting down and abandoning module OculusLibrary (294)
[2017.04.04-04.36.13:508][ 14]LogModuleManager: Shutting down and abandoning module OculusInput (292)
[2017.04.04-04.36.13:508][ 14]LogModuleManager: Shutting down and abandoning module MobilePatchingUtils (290)
[2017.04.04-04.36.13:508][ 14]LogModuleManager: Shutting down and abandoning module CustomMeshComponent (288)
[2017.04.04-04.36.13:508][ 14]LogModuleManager: Shutting down and abandoning module CableComponent (286)
[2017.04.04-04.36.13:508][ 14]LogModuleManager: Shutting down and abandoning module ArchVisCharacter (284)
[2017.04.04-04.36.13:508][ 14]LogModuleManager: Shutting down and abandoning module MediaPlayerEditor (280)
[2017.04.04-04.36.13:508][ 14]LogModuleManager: Shutting down and abandoning module HTML5Networking (278)
[2017.04.04-04.36.13:508][ 14]LogModuleManager: Shutting down and abandoning module AlembicImporter (276)
[2017.04.04-04.36.13:508][ 14]LogModuleManager: Shutting down and abandoning module AlembicLibrary (275)
[2017.04.04-04.36.13:508][ 14]LogModuleManager: Shutting down and abandoning module GeometryCache (274)
[2017.04.04-04.36.13:508][ 14]LogModuleManager: Shutting down and abandoning module GeometryCacheEd (273)
[2017.04.04-04.36.13:508][ 14]LogModuleManager: Shutting down and abandoning module SuperSearchEditor (268)
[2017.04.04-04.36.13:508][ 14]LogModuleManager: Shutting down and abandoning module SuperSearch (267)
[2017.04.04-04.36.13:508][ 14]LogModuleManager: Shutting down and abandoning module SpeedTreeImporter (264)
[2017.04.04-04.36.13:508][ 14]LogModuleManager: Shutting down and abandoning module PluginBrowser (262)
[2017.04.04-04.36.13:508][ 14]LogModuleManager: Shutting down and abandoning module MobileLauncherProfileWizard (260)
[2017.04.04-04.36.13:508][ 14]LogModuleManager: Shutting down and abandoning module EpicSurvey (258)
[2017.04.04-04.36.13:508][ 14]LogModuleManager: Shutting down and abandoning module VisualStudioSourceCodeAccess (256)
[2017.04.04-04.36.13:508][ 14]LogModuleManager: Shutting down and abandoning module DesktopPlatform (255)
[2017.04.04-04.36.13:508][ 14]LogModuleManager: Shutting down and abandoning module UObjectPlugin (252)
[2017.04.04-04.36.13:508][ 14]LogModuleManager: Shutting down and abandoning module SubversionSourceControl (250)
[2017.04.04-04.36.13:508][ 14]LogModuleManager: Shutting down and abandoning module PerforceSourceControl (248)
[2017.04.04-04.36.13:508][ 14]LogModuleManager: Shutting down and abandoning module GitSourceControl (246)
[2017.04.04-04.36.13:508][ 14]LogModuleManager: Shutting down and abandoning module SourceControl (245)
[2017.04.04-04.36.13:508][ 14]LogModuleManager: Shutting down and abandoning module LightPropagationVolumeEditor (242)
[2017.04.04-04.36.13:508][ 14]LogModuleManager: Shutting down and abandoning module PaperTiledImporter (240)
[2017.04.04-04.36.13:508][ 14]LogModuleManager: Shutting down and abandoning module PaperSpriteSheetImporter (238)
[2017.04.04-04.36.13:508][ 14]LogModuleManager: Shutting down and abandoning module Paper2DEditor (236)
[2017.04.04-04.36.13:508][ 14]LogModuleManager: Shutting down and abandoning module MeshPaint (235)
[2017.04.04-04.36.13:508][ 14]LogModuleManager: Shutting down and abandoning module LevelEditor (233)
[2017.04.04-04.36.13:509][ 14]LogModuleManager: Shutting down and abandoning module PixelInspectorModule (232)
[2017.04.04-04.36.13:509][ 14]LogModuleManager: Shutting down and abandoning module MainFrame (230)
[2017.04.04-04.36.13:509][ 14]LogModuleManager: Shutting down and abandoning module HotReload (229)
[2017.04.04-04.36.13:509][ 14]LogModuleManager: Shutting down and abandoning module ContentBrowser (225)
[2017.04.04-04.36.13:510][ 14]LogModuleManager: Shutting down and abandoning module PhysXVehiclesEditor (222)
[2017.04.04-04.36.13:510][ 14]LogModuleManager: Shutting down and abandoning module PhysXVehicles (220)
[2017.04.04-04.36.13:510][ 14]LogModuleManager: Shutting down and abandoning module LocationServicesBPLibrary (218)
[2017.04.04-04.36.13:510][ 14]LogModuleManager: Shutting down and abandoning module UdpMessaging (216)
[2017.04.04-04.36.13:611][ 14]LogModuleManager: Shutting down and abandoning module TcpMessaging (214)
[2017.04.04-04.36.13:712][ 14]LogModuleManager: Shutting down and abandoning module GameplayTagsEditor (212)
[2017.04.04-04.36.13:712][ 14]LogModuleManager: Shutting down and abandoning module FacialAnimationEditor (210)
[2017.04.04-04.36.13:712][ 14]LogModuleManager: Shutting down and abandoning module FacialAnimation (208)
[2017.04.04-04.36.13:712][ 14]LogModuleManager: Shutting down and abandoning module LightPropagationVolumeRuntime (206)
[2017.04.04-04.36.13:712][ 14]LogModuleManager: Shutting down and abandoning module Paper2D (204)
[2017.04.04-04.36.13:712][ 14]LogModuleManager: Shutting down and abandoning module WindowsMoviePlayer (202)
[2017.04.04-04.36.13:712][ 14]LogModuleManager: Shutting down and abandoning module WmfMedia (200)
[2017.04.04-04.36.13:712][ 14]LogModuleManager: Shutting down and abandoning module MfMedia (198)
[2017.04.04-04.36.13:712][ 14]LogModuleManager: Shutting down and abandoning module MediaAssets (196)
[2017.04.04-04.36.13:712][ 14]LogModuleManager: Shutting down and abandoning module GameLiveStreaming (194)
[2017.04.04-04.36.13:712][ 14]LogModuleManager: Shutting down and abandoning module VREditor (192)
[2017.04.04-04.36.13:712][ 14]LogModuleManager: Shutting down and abandoning module GameplayTasksEditor (190)
[2017.04.04-04.36.13:712][ 14]LogModuleManager: Shutting down and abandoning module BehaviorTreeEditor (188)
[2017.04.04-04.36.13:712][ 14]LogModuleManager: Shutting down and abandoning module FunctionalTesting (186)
[2017.04.04-04.36.13:712][ 14]LogModuleManager: Shutting down and abandoning module CollisionAnalyzer (184)
[2017.04.04-04.36.13:712][ 14]LogModuleManager: Shutting down and abandoning module UMG (182)
[2017.04.04-04.36.13:712][ 14]LogModuleManager: Shutting down and abandoning module UMGEditor (181)
[2017.04.04-04.36.13:712][ 14]LogModuleManager: Shutting down and abandoning module Sequencer (180)
[2017.04.04-04.36.13:713][ 14]LogModuleManager: Shutting down and abandoning module AssetTools (178)
[2017.04.04-04.36.13:713][ 14]LogModuleManager: Shutting down and abandoning module MessageLog (177)
[2017.04.04-04.36.13:713][ 14]LogModuleManager: Shutting down and abandoning module WorkspaceMenuStructure (176)
[2017.04.04-04.36.13:713][ 14]LogModuleManager: Shutting down and abandoning module SlateReflector (170)
[2017.04.04-04.36.13:713][ 14]LogModuleManager: Shutting down and abandoning module Slate (168)
[2017.04.04-04.36.13:713][ 14]LogModuleManager: Shutting down and abandoning module EditorStyle (166)
[2017.04.04-04.36.13:716][ 14]LogModuleManager: Shutting down and abandoning module SourceCodeAccess (164)
[2017.04.04-04.36.13:716][ 14]LogModuleManager: Shutting down and abandoning module HeadMountedDisplay (162)
[2017.04.04-04.36.13:716][ 14]LogModuleManager: Shutting down and abandoning module XAudio2 (160)
[2017.04.04-04.36.13:716][ 14]LogModuleManager: Shutting down and abandoning module Networking (158)
[2017.04.04-04.36.13:716][ 14]LogModuleManager: Shutting down and abandoning module Core (154)
[2017.04.04-04.36.13:716][ 14]LogModuleManager: Shutting down and abandoning module AssetRegistry (152)
[2017.04.04-04.36.13:871][ 14]LogDirectoryWatcher: A directory notification for '../../../Engine/Content/' was aborted.
[2017.04.04-04.36.13:871][ 14]LogDirectoryWatcher: A directory notification for '../../../../../../Users/Noctis/Documents/GitHub/DMT-V/src/DMT_V/Content/' was aborted.
[2017.04.04-04.36.13:871][ 14]LogDirectoryWatcher: A directory notification for '../../../Engine/Plugins/2D/Paper2D/Content/' was aborted.
[2017.04.04-04.36.13:872][ 14]LogModuleManager: Shutting down and abandoning module DirectoryWatcher (151)
[2017.04.04-04.36.13:872][ 14]LogModuleManager: Shutting down and abandoning module KismetCompiler (148)
[2017.04.04-04.36.13:872][ 14]LogModuleManager: Shutting down and abandoning module PhysXFormats (146)
[2017.04.04-04.36.13:872][ 14]LogModuleManager: Shutting down and abandoning module MeshUtilities (144)
[2017.04.04-04.36.13:872][ 14]LogModuleManager: Shutting down and abandoning module SimplygonSwarm (143)
[2017.04.04-04.36.13:872][ 14]LogModuleManager: Shutting down and abandoning module SimplygonMeshReduction (141)
[2017.04.04-04.36.13:872][ 14]LogModuleManager: Shutting down and abandoning module QuadricMeshReduction (139)
[2017.04.04-04.36.13:872][ 14]LogModuleManager: Shutting down and abandoning module PropertyEditor (137)
[2017.04.04-04.36.13:872][ 14]LogModuleManager: Shutting down and abandoning module DerivedDataCache (134)
[2017.04.04-04.36.13:962][ 14]LogDerivedDataCache: Shutdown
[2017.04.04-04.36.13:962][ 14]LogModuleManager: Shutting down and abandoning module TargetPlatform (132)
[2017.04.04-04.36.13:962][ 14]LogModuleManager: Shutting down and abandoning module VulkanShaderFormat (131)
[2017.04.04-04.36.13:962][ 14]LogModuleManager: Shutting down and abandoning module ShaderFormatOpenGL (129)
[2017.04.04-04.36.13:962][ 14]LogModuleManager: Shutting down and abandoning module ShaderFormatD3D (127)
[2017.04.04-04.36.13:962][ 14]LogModuleManager: Shutting down and abandoning module MetalShaderFormat (125)
[2017.04.04-04.36.13:962][ 14]LogModuleManager: Shutting down and abandoning module TextureFormatUncompressed (123)
[2017.04.04-04.36.13:962][ 14]LogModuleManager: Shutting down and abandoning module TextureFormatPVR (121)
[2017.04.04-04.36.13:962][ 14]LogModuleManager: Shutting down and abandoning module TextureFormatDXT (119)
[2017.04.04-04.36.13:962][ 14]LogModuleManager: Shutting down and abandoning module TextureFormatIntelISPCTexComp (117)
[2017.04.04-04.36.13:962][ 14]LogModuleManager: Shutting down and abandoning module TextureFormatASTC (115)
[2017.04.04-04.36.13:962][ 14]LogModuleManager: Shutting down and abandoning module ImageWrapper (114)
[2017.04.04-04.36.13:962][ 14]LogModuleManager: Shutting down and abandoning module TextureFormatAndroid (111)
[2017.04.04-04.36.13:962][ 14]LogModuleManager: Shutting down and abandoning module AudioFormatOpus (109)
[2017.04.04-04.36.13:962][ 14]LogModuleManager: Shutting down and abandoning module AudioFormatOgg (107)
[2017.04.04-04.36.13:962][ 14]LogModuleManager: Shutting down and abandoning module AudioFormatADPCM (105)
[2017.04.04-04.36.13:962][ 14]LogModuleManager: Shutting down and abandoning module LinuxTargetPlatform (103)
[2017.04.04-04.36.13:962][ 14]LogModuleManager: Shutting down and abandoning module LinuxServerTargetPlatform (101)
[2017.04.04-04.36.13:962][ 14]LogModuleManager: Shutting down and abandoning module LinuxNoEditorTargetPlatform (99)
[2017.04.04-04.36.13:962][ 14]LogModuleManager: Shutting down and abandoning module LinuxClientTargetPlatform (97)
[2017.04.04-04.36.13:962][ 14]LogModuleManager: Shutting down and abandoning module TVOSTargetPlatform (95)
[2017.04.04-04.36.13:962][ 14]LogModuleManager: Shutting down and abandoning module Messaging (93)
[2017.04.04-04.36.13:962][ 14]LogModuleManager: Shutting down and abandoning module IOSTargetPlatform (91)
[2017.04.04-04.36.13:962][ 14]LogModuleManager: Shutting down and abandoning module HTML5TargetPlatform (89)
[2017.04.04-04.36.13:962][ 14]LogModuleManager: Shutting down and abandoning module Android_PVRTCTargetPlatform (87)
[2017.04.04-04.36.13:962][ 14]LogModuleManager: Shutting down and abandoning module Android_MultiTargetPlatform (85)
[2017.04.04-04.36.13:962][ 14]LogModuleManager: Shutting down and abandoning module Android_ETC2TargetPlatform (83)
[2017.04.04-04.36.13:962][ 14]LogModuleManager: Shutting down and abandoning module Android_ETC1TargetPlatform (81)
[2017.04.04-04.36.13:962][ 14]LogModuleManager: Shutting down and abandoning module Android_DXTTargetPlatform (79)
[2017.04.04-04.36.13:962][ 14]LogModuleManager: Shutting down and abandoning module Android_ATCTargetPlatform (77)
[2017.04.04-04.36.13:962][ 14]LogModuleManager: Shutting down and abandoning module Android_ASTCTargetPlatform (75)
[2017.04.04-04.36.13:962][ 14]LogModuleManager: Shutting down and abandoning module AndroidTargetPlatform (73)
[2017.04.04-04.36.13:962][ 14]LogModuleManager: Shutting down and abandoning module WindowsTargetPlatform (71)
[2017.04.04-04.36.13:962][ 14]LogModuleManager: Shutting down and abandoning module WindowsServerTargetPlatform (69)
[2017.04.04-04.36.13:962][ 14]LogModuleManager: Shutting down and abandoning module WindowsNoEditorTargetPlatform (67)
[2017.04.04-04.36.13:962][ 14]LogModuleManager: Shutting down and abandoning module WindowsClientTargetPlatform (65)
[2017.04.04-04.36.13:962][ 14]LogModuleManager: Shutting down and abandoning module MacTargetPlatform (63)
[2017.04.04-04.36.13:962][ 14]LogModuleManager: Shutting down and abandoning module MacServerTargetPlatform (61)
[2017.04.04-04.36.13:962][ 14]LogModuleManager: Shutting down and abandoning module MacNoEditorTargetPlatform (59)
[2017.04.04-04.36.13:962][ 14]LogModuleManager: Shutting down and abandoning module MacClientTargetPlatform (57)
[2017.04.04-04.36.13:962][ 14]LogModuleManager: Shutting down and abandoning module AllDesktopTargetPlatform (55)
[2017.04.04-04.36.13:962][ 14]LogModuleManager: Shutting down and abandoning module InputCore (52)
[2017.04.04-04.36.13:962][ 14]LogModuleManager: Shutting down and abandoning module Settings (50)
[2017.04.04-04.36.13:962][ 14]LogModuleManager: Shutting down and abandoning module OculusRift (48)
[2017.04.04-04.36.13:962][ 14]LogModuleManager: Shutting down and abandoning module GearVR (46)
[2017.04.04-04.36.13:962][ 14]LogModuleManager: Shutting down and abandoning module ExampleDeviceProfileSelector (44)
[2017.04.04-04.36.13:962][ 14]LogModuleManager: Shutting down and abandoning module OnlineBlueprintSupport (42)
[2017.04.04-04.36.13:962][ 14]LogModuleManager: Shutting down and abandoning module OnlineSubsystem (38)
[2017.04.04-04.36.13:962][ 14]LogOnline:Display: Unloading online subsystem: NULL
[2017.04.04-04.36.13:962][ 14]LogModuleManager: Shutting down and abandoning module XMPP (37)
[2017.04.04-04.36.13:963][ 14]LogModuleManager: Shutting down and abandoning module HTTP (35)
[2017.04.04-04.36.13:963][ 14]LogHttp:Display: Http module shutting down, but needs to wait on 1 outstanding Http requests:
[2017.04.04-04.36.13:963][ 14]LogHttp:Display: 	verb=[POST] url=[https://datarouter.ol.epicgames.com/datarouter/api/v1/public/data?SessionID=%7B6551063C-4A5D-E3D1-B291-A5AE8DCD0515%7D&AppID=UEEditor.Rocket.Release&AppVersion=4.15.1-3348071%2B%2B%2BUE4%2BRelease-4.15&UserID=8a66d443438db931fbbba4a50deabdc4%7C74518bba07744d28aa01a398e2d57a03%7C51db86bd-1859-41d6-b6f2-b7a675220cee&AppEnvironment=datacollector-binary&UploadType=eteventstream] status=Processing
[2017.04.04-04.36.13:973][ 14]LogModuleManager: Shutting down and abandoning module SSL (34)
[2017.04.04-04.36.13:975][ 14]LogModuleManager: Shutting down and abandoning module AudioEditor (30)
[2017.04.04-04.36.13:975][ 14]LogModuleManager: Shutting down and abandoning module TextureCompressor (28)
[2017.04.04-04.36.13:975][ 14]LogModuleManager: Shutting down and abandoning module ShaderCore (26)
[2017.04.04-04.36.13:975][ 14]LogModuleManager: Shutting down and abandoning module Landscape (24)
[2017.04.04-04.36.13:975][ 14]LogModuleManager: Shutting down and abandoning module SlateRHIRenderer (22)
[2017.04.04-04.36.13:977][ 14]LogModuleManager: Shutting down and abandoning module OpenGLDrv (20)
[2017.04.04-04.36.13:977][ 14]LogModuleManager: Shutting down and abandoning module D3D11RHI (18)
[2017.04.04-04.36.13:977][ 14]LogModuleManager: Shutting down and abandoning module AnimGraphRuntime (16)
[2017.04.04-04.36.13:977][ 14]LogModuleManager: Shutting down and abandoning module Renderer (14)
[2017.04.04-04.36.13:977][ 14]LogModuleManager: Shutting down and abandoning module Engine (12)
[2017.04.04-04.36.13:977][ 14]LogModuleManager: Shutting down and abandoning module CoreUObject (10)
[2017.04.04-04.36.13:977][ 14]LogModuleManager: Shutting down and abandoning module NetworkFile (8)
[2017.04.04-04.36.13:977][ 14]LogModuleManager: Shutting down and abandoning module StreamingFile (6)
[2017.04.04-04.36.13:977][ 14]LogModuleManager: Shutting down and abandoning module SandboxFile (4)
[2017.04.04-04.36.13:977][ 14]LogModuleManager: Shutting down and abandoning module PakFile (2)
[2017.04.04-04.36.13:980][ 14]LogExit: Exiting.
[2017.04.04-04.36.13:982][ 14]Log file closed, 04/04/17 00:36:13
