Log file open, 04/04/17 00:39:46
LogInit:Display: Running engine for game: DMT_V
LogPlatformFile: Not using cached read wrapper
LogInit:Display: RandInit(727564580) SRandInit(727564580).
LogTaskGraph: Started task graph with 5 named threads and 8 total threads with 1 sets of task threads.
LogStats: Stats thread started at 0.078793
LogInit: Using libcurl 7.47.1
LogInit:  - built for x86_64-pc-win32
LogInit:  - supports SSL with OpenSSL/1.0.2g
LogInit:  - supports HTTP deflate (compression) using libz 1.2.8
LogInit:  - other features:
LogInit:      CURL_VERSION_SSL
LogInit:      CURL_VERSION_LIBZ
LogInit:      CURL_VERSION_IPV6
LogInit:      CURL_VERSION_ASYNCHDNS
LogInit:      CURL_VERSION_LARGEFILE
LogInit:      CURL_VERSION_IDN
LogInit:  CurlRequestOptions (configurable via config and command line):
LogInit:  - bVerifyPeer = false  - Libcurl will NOT verify peer certificate
LogInit:  - bUseHttpProxy = false  - Libcurl will NOT use HTTP proxy
LogInit:  - bDontReuseConnections = false  - Libcurl will reuse connections
LogInit:  - CertBundlePath = nullptr  - Libcurl will use whatever was configured at build time.
LogInit: Build: ++UE4+Release-4.15-CL-3348071
LogInit: Engine Version: 4.15.1-3348071+++UE4+Release-4.15
LogInit: Compatible Engine Version: 4.15.0-3299760+++UE4+Release-4.15
LogInit: Net CL: 3299760
LogDevObjectVersion: Number of dev versions registered: 14
LogDevObjectVersion:   Dev-Blueprints (B0D832E4-1F89-4F0D-ACCF-7EB736FD4AA2): 8
LogDevObjectVersion:   Dev-Build (E1C64328-A22C-4D53-A36C-8E866417BD8C): 0
LogDevObjectVersion:   Dev-Core (375EC13C-06E4-48FB-B500-84F0262A717E): 2
LogDevObjectVersion:   Dev-Editor (E4B068ED-F494-42E9-A231-DA0B2E46BB41): 14
LogDevObjectVersion:   Dev-Framework (CFFC743F-43B0-4480-9391-14DF171D2073): 22
LogDevObjectVersion:   Dev-Mobile (B02B49B5-BB20-44E9-A304-32B752E40360): 0
LogDevObjectVersion:   Dev-Networking (A4E4105C-59A1-49B5-A7C5-40C4547EDFEE): 0
LogDevObjectVersion:   Dev-Online (39C831C9-5AE6-47DC-9A44-9C173E1C8E7C): 0
LogDevObjectVersion:   Dev-Physics (78F01B33-EBEA-4F98-B9B4-84EACCB95AA2): 0
LogDevObjectVersion:   Dev-Platform (6631380F-2D4D-43E0-8009-CF276956A95A): 0
LogDevObjectVersion:   Dev-Rendering (12F88B9F-8875-4AFC-A67C-D90C383ABD29): 12
LogDevObjectVersion:   Dev-Sequencer (7B5AE74C-D270-4C10-A958-57980B212A5A): 3
LogDevObjectVersion:   Dev-VR (D7296918-1DD6-4BDD-9DE2-64A83CC13884): 0
LogDevObjectVersion:   Dev-LoadTimes (C2A15278-BFE7-4AFE-6C17-90FF531DF755): 1
LogInit: Compiled (64-bit): Mar 15 2017 16:52:47
LogInit: Compiled with Visual C++: 19.00.23026.00
LogInit: Build Configuration: Development
LogInit: Branch Name: ++UE4+Release-4.15
LogInit: Command line:  
LogInit: Base directory: C:/Program Files/Epic Games/UE_4.15/Engine/Binaries/Win64/
LogInit: Installed Engine Build: 1
LogInit: Presizing for max 8388607 objects, including 0 objects not considered by GC, pre-allocating 0 bytes for permanent pool.
LogInit: Object subsystem initialized
[2017.04.04-04.39.47:533][  0]LogInit: Selected Device Profile: [Windows]
[2017.04.04-04.39.47:533][  0]LogInit: Applying CVar settings loaded from the selected device profile: [Windows]
[2017.04.04-04.39.47:543][  0]LogInit: Computer: MYSTOGAN
[2017.04.04-04.39.47:543][  0]LogInit: User: Noctis
[2017.04.04-04.39.47:543][  0]LogInit: CPU Page size=65536, Cores=4
[2017.04.04-04.39.47:543][  0]LogInit: High frequency timer resolution =3.421880 MHz
[2017.04.04-04.39.47:543][  0]LogMemory: Memory total: Physical=16.0GB (16GB approx)
[2017.04.04-04.39.47:543][  0]LogMemory: Platform Memory Stats for Windows
[2017.04.04-04.39.47:543][  0]LogMemory: Process Physical Memory: 266.25 MB used, 266.25 MB peak
[2017.04.04-04.39.47:543][  0]LogMemory: Process Virtual Memory: 263.71 MB used, 263.71 MB peak
[2017.04.04-04.39.47:543][  0]LogMemory: Physical Memory: 6089.79 MB used,  10254.09 MB free, 16343.88 MB total
[2017.04.04-04.39.47:543][  0]LogMemory: Virtual Memory: 643.60 MB used,  10254.09 MB free, 134217728.00 MB total
[2017.04.04-04.39.47:881][  0]LogTextLocalizationManager: No specific translations for ('en-US') exist, so ('en') translations will be used.
[2017.04.04-04.39.48:471][  0]LogD3D11RHI: D3D11 adapters:
[2017.04.04-04.39.48:949][  0]LogD3D11RHI:    0. 'NVIDIA GeForce GTX 770' (Feature Level 11_0)
[2017.04.04-04.39.48:949][  0]LogD3D11RHI:       2017/0/8171 MB DedicatedVideo/DedicatedSystem/SharedSystem, Outputs:1, VendorId:0x10de
[2017.04.04-04.39.48:950][  0]LogD3D11RHI:    1. 'Microsoft Basic Render Driver' (Feature Level 11_0)
[2017.04.04-04.39.48:950][  0]LogD3D11RHI:       0/0/8171 MB DedicatedVideo/DedicatedSystem/SharedSystem, Outputs:0, VendorId:0x1414
[2017.04.04-04.39.48:950][  0]LogD3D11RHI: Chosen D3D11 Adapter: 0
[2017.04.04-04.39.48:955][  0]LogD3D11RHI: Creating new Direct3DDevice
[2017.04.04-04.39.48:955][  0]LogD3D11RHI:     GPU DeviceId: 0x1184 (for the marketing name, search the web for "GPU Device Id")
[2017.04.04-04.39.48:955][  0]LogWindows: EnumDisplayDevices:
[2017.04.04-04.39.48:955][  0]LogWindows:    0. 'NVIDIA GeForce GTX 770' (P:1 D:1)
[2017.04.04-04.39.48:955][  0]LogWindows:    1. 'NVIDIA GeForce GTX 770' (P:0 D:0)
[2017.04.04-04.39.48:955][  0]LogWindows:    2. 'NVIDIA GeForce GTX 770' (P:0 D:0)
[2017.04.04-04.39.48:956][  0]LogWindows:    3. 'NVIDIA GeForce GTX 770' (P:0 D:0)
[2017.04.04-04.39.48:956][  0]LogWindows: DebugString: FoundDriverCount:4 
[2017.04.04-04.39.48:956][  0]LogD3D11RHI:     Adapter Name: NVIDIA GeForce GTX 770
[2017.04.04-04.39.48:956][  0]LogD3D11RHI:   Driver Version: 378.92 (internal:21.21.13.7892, unified:378.92)
[2017.04.04-04.39.48:956][  0]LogD3D11RHI:      Driver Date: 3-16-2017
[2017.04.04-04.39.48:956][  0]LogRHI: Texture pool is 1361 MB (70% of 1945 MB)
[2017.04.04-04.39.49:406][  0]LogD3D11RHI:Warning: Timestamp queries are currently disabled on this hardware due to instability. Realtime GPU stats will not be available. You can override this behaviour by setting r.NVIDIATimestampWorkaround to 0
[2017.04.04-04.39.49:406][  0]LogD3D11RHI: Async texture creation enabled
[2017.04.04-04.39.49:444][  0]LogD3D11RHI: GPU Timing Frequency: 1000.000000 (Debug: 2 1)
[2017.04.04-04.39.49:491][  0]LogShaderCompilers: Guid format shader working directory is -17 characters bigger than the processId version (../../../../../../Users/Noctis/Documents/GitHub/DMT-V/src/DMT_V/Intermediate/Shaders/WorkingDirectory/13944/).
[2017.04.04-04.39.49:491][  0]LogShaderCompilers: Cleaned the shader compiler working directory 'C:/Users/Noctis/AppData/Local/Temp/UnrealShaderWorkingDir/CDF6412E461376220F87CF89A0485BD0/'.
[2017.04.04-04.39.49:491][  0]LogShaderCompilers:Display: Using Local Shader Compiler.
[2017.04.04-04.39.50:409][  0]LogTemp:Display: Loaded TP AllDesktopTargetPlatform
[2017.04.04-04.39.50:463][  0]LogTemp:Display: Loaded TP MacClientTargetPlatform
[2017.04.04-04.39.50:518][  0]LogTemp:Display: Loaded TP MacNoEditorTargetPlatform
[2017.04.04-04.39.50:573][  0]LogTemp:Display: Loaded TP MacServerTargetPlatform
[2017.04.04-04.39.50:628][  0]LogTemp:Display: Loaded TP MacTargetPlatform
[2017.04.04-04.39.50:684][  0]LogTemp:Display: Loaded TP WindowsClientTargetPlatform
[2017.04.04-04.39.50:740][  0]LogTemp:Display: Loaded TP WindowsNoEditorTargetPlatform
[2017.04.04-04.39.50:796][  0]LogTemp:Display: Loaded TP WindowsServerTargetPlatform
[2017.04.04-04.39.50:839][  0]LogTemp:Display: Loaded TP WindowsTargetPlatform
[2017.04.04-04.39.50:892][  0]LogTemp:Display: Loaded TP AndroidTargetPlatform
[2017.04.04-04.39.50:945][  0]LogTemp:Display: Loaded TP Android_ASTCTargetPlatform
[2017.04.04-04.39.50:997][  0]LogTemp:Display: Loaded TP Android_ATCTargetPlatform
[2017.04.04-04.39.51:051][  0]LogTemp:Display: Loaded TP Android_DXTTargetPlatform
[2017.04.04-04.39.51:103][  0]LogTemp:Display: Loaded TP Android_ETC1TargetPlatform
[2017.04.04-04.39.51:155][  0]LogTemp:Display: Loaded TP Android_ETC2TargetPlatform
[2017.04.04-04.39.51:257][  0]LogTemp:Display: Loaded TP Android_MultiTargetPlatform
[2017.04.04-04.39.51:257][  0]LogTemp:Display: Loaded TP Android_PVRTCTargetPlatform
[2017.04.04-04.39.51:294][  0]LogTemp:Display: Loaded TP HTML5TargetPlatform
[2017.04.04-04.39.51:390][  0]LogTemp:Display: Loaded TP IOSTargetPlatform
[2017.04.04-04.39.51:425][  0]LogTemp:Display: Loaded TP TVOSTargetPlatform
[2017.04.04-04.39.51:477][  0]LogTemp:Display: Loaded TP LinuxClientTargetPlatform
[2017.04.04-04.39.51:529][  0]LogTemp:Display: Loaded TP LinuxNoEditorTargetPlatform
[2017.04.04-04.39.51:582][  0]LogTemp:Display: Loaded TP LinuxServerTargetPlatform
[2017.04.04-04.39.51:633][  0]LogTemp:Display: Loaded TP LinuxTargetPlatform
[2017.04.04-04.39.51:633][  0]LogTargetPlatformManager:Display: Building Assets For Windows
[2017.04.04-04.39.52:051][  0]LogDerivedDataCache:Display: Max Cache Size: 512 MB
[2017.04.04-04.39.52:095][  0]LogDerivedDataCache: Loaded boot cache 0.04s 50MB C:/Users/Noctis/AppData/Local/UnrealEngine/4.15/DerivedDataCache/Boot.ddc.
[2017.04.04-04.39.52:095][  0]LogDerivedDataCache:Display: Loaded Boot cache: C:/Users/Noctis/AppData/Local/UnrealEngine/4.15/DerivedDataCache/Boot.ddc
[2017.04.04-04.39.52:095][  0]LogDerivedDataCache: FDerivedDataBackendGraph:  Pak pak cache file ../../../../../../Users/Noctis/Documents/GitHub/DMT-V/src/DMT_V/DerivedDataCache/DDC.ddp not found, will not use a pak cache.
[2017.04.04-04.39.52:095][  0]LogDerivedDataCache: Unable to find inner node Pak for hierarchical cache Hierarchy.
[2017.04.04-04.39.52:095][  0]LogDerivedDataCache: FDerivedDataBackendGraph:  CompressedPak pak cache file ../../../../../../Users/Noctis/Documents/GitHub/DMT-V/src/DMT_V/DerivedDataCache/Compressed.ddp not found, will not use a pak cache.
[2017.04.04-04.39.52:095][  0]LogDerivedDataCache: Unable to find inner node CompressedPak for hierarchical cache Hierarchy.
[2017.04.04-04.39.52:110][  0]LogDerivedDataCache:Display: Pak cache opened for reading ../../../Engine/DerivedDataCache/Compressed.ddp.
[2017.04.04-04.39.52:122][  0]LogDerivedDataCache: Using Local data cache path C:/Users/Noctis/AppData/Local/UnrealEngine/Common/DerivedDataCache: Writable
[2017.04.04-04.39.52:130][  0]LogSlate: Using Freetype 2.6.0
[2017.04.04-04.39.52:131][  0]LogSlate: SlateFontCache - WITH_FREETYPE: 1, WITH_HARFBUZZ: 1
[2017.04.04-04.39.52:131][  0]LogSlate: SlateFontCache - WITH_FREETYPE: 1, WITH_HARFBUZZ: 1
[2017.04.04-04.39.52:344][  0]LogInit: Selected Device Profile: [Windows]
[2017.04.04-04.39.52:346][  0]LogContentStreaming: Texture pool size is 0.00 MB
[2017.04.04-04.39.52:532][  0]LogMeshUtilities: Using QuadricMeshReduction for automatic static mesh reduction
[2017.04.04-04.39.52:573][  0]LogSimplygon: Simplygon DLL not present - disabling.
[2017.04.04-04.39.52:617][  0]LogMeshUtilities: Using SimplygonSwarm for distributed automatic mesh merging
[2017.04.04-04.39.52:617][  0]LogMeshUtilities: No automatic skeletal mesh reduction module available
[2017.04.04-04.39.52:617][  0]LogMeshUtilities: No automatic mesh merging module available
[2017.04.04-04.39.53:074][  0]LogNetVersion: GetLocalNetworkVersion: CL: 3299760, ProjectName: dmt_v, ProjectVersion: , EngineNetworkVersion: 2, GameNetworkVersion: 0, NetworkChecksum: 3867609599
[2017.04.04-04.39.53:119][  0]LogAssetRegistry: FAssetRegistry took 0.0212 seconds to start up
[2017.04.04-04.39.53:162][  0]LogPackageLocalizationCache: Processed 3 localized package path(s) for 2 prioritized culture(s) in 0.022106 seconds
[2017.04.04-04.39.53:166][  0]LogUObjectArray: 32493 objects as part of root set at end of initial load.
[2017.04.04-04.39.53:166][  0]LogUObjectAllocator: 7077032 out of 0 bytes used by permanent object pool.
[2017.04.04-04.39.53:166][  0]LogUObjectArray: CloseDisregardForGC: 0/0 objects in disregard for GC pool
[2017.04.04-04.39.53:223][  0]LogInit: WinSock: version 1.1 (2.2), MaxSocks=32767, MaxUdp=65467
[2017.04.04-04.39.54:712][  0]LogTcpMessaging: Initializing TcpMessaging bridge
[2017.04.04-04.39.54:751][  0]LogUdpMessaging: Initializing bridge on interface 0.0.0.0:0 to multicast group 230.0.0.1:6666.
[2017.04.04-04.39.55:197][  0]LogMaterial: Uniform references updated for custom material expression Custom.
[2017.04.04-04.39.55:561][  0]SourceControl: Info Source control is disabled
[2017.04.04-04.39.55:562][  0]SourceControl: Info Source control is disabled
[2017.04.04-04.39.55:608][  0]SourceControl: Info Source control is disabled
[2017.04.04-04.39.55:655][  0]SourceControl: Info Source control is disabled
[2017.04.04-04.39.56:860][  0]LogEngine: Initializing Engine...
[2017.04.04-04.39.56:860][  0]LogHMD: Failed to initialize OpenVR with code 110
[2017.04.04-04.39.57:075][  0]LogAIModule: Creating AISystem for world Untitled
[2017.04.04-04.39.57:105][  0]LogInit: XAudio2 using 'E241-A1-4 (NVIDIA High Definition Audio)' : 2 channels at 48 kHz using 16 bits per sample (channel mask 0x3)
[2017.04.04-04.39.57:119][  0]LogInit: FAudioDevice initialized.
[2017.04.04-04.39.57:139][  0]LogDerivedDataCache: Saved boot cache 0.02s 50MB C:/Users/Noctis/AppData/Local/UnrealEngine/4.15/DerivedDataCache/Boot.ddc.
[2017.04.04-04.39.57:145][  0]LogInit: Texture streaming: Enabled
[2017.04.04-04.39.57:233][  0]LogEngineSessionManager: EngineSessionManager initialized
[2017.04.04-04.39.57:322][  0]LogInit: Transaction tracking system initialized
[2017.04.04-04.39.57:648][  0]BlueprintLog: New page: Editor Load
[2017.04.04-04.39.58:494][  0]LocalizationService: Info Localization service is disabled
[2017.04.04-04.39.59:259][  0]LogConsoleResponse:Display: 
[2017.04.04-04.39.59:367][  0]LogCook:Display: Max memory allowance for cook 16384mb min free memory 0mb
[2017.04.04-04.39.59:367][  0]LogCook:Display: Mobile HDR setting 1
[2017.04.04-04.39.59:732][  0]LogFileCache: Scanning file cache for directory 'C:/Users/Noctis/Documents/GitHub/DMT-V/src/DMT_V/Content/' took 0.02s
[2017.04.04-04.40.00:343][  0]SourceControl: Info Source control is disabled
[2017.04.04-04.40.00:343][  0]Cmd: MAP LOAD FILE="../../../../../../Users/Noctis/Documents/GitHub/DMT-V/src/DMT_V/Content/AdvancedTurnBasedTileToolkit/Maps/Map_Grid_Example.umap" TEMPLATE=0 SHOWPROGRESS=1 FEATURELEVEL=3
[2017.04.04-04.40.00:344][  0]LightingResults: New page: Lighting Build
[2017.04.04-04.40.00:384][  0]MapCheck: New page: Map Check
[2017.04.04-04.40.00:384][  0]LightingResults: New page: Lighting Build
[2017.04.04-04.40.00:972][  0]LogLinker:Warning: Can't find file '/Game/AdvancedTurnBasedTileToolkit/Characters/Erika_Archer_with_bow_arrow_fbm/Arrow_DIFF'
[2017.04.04-04.40.00:972][  0]LogLinker:Warning: Can't find file for asset '/Game/AdvancedTurnBasedTileToolkit/Characters/Erika_Archer_with_bow_arrow_fbm/Arrow_DIFF' while loading ../../../../../../Users/Noctis/Documents/GitHub/DMT-V/src/DMT_V/Content/AdvancedTurnBasedTileToolkit/UI/Game/Inventory.uasset.
[2017.04.04-04.40.00:972][  0]LoadErrors:Error: Error /Game/AdvancedTurnBasedTileToolkit/UI/Game/Inventory : Can't find file for asset. /Game/AdvancedTurnBasedTileToolkit/Characters/Erika_Archer_with_bow_arrow_fbm/Arrow_DIFF
[2017.04.04-04.40.00:991][  0]LogLinker:Warning: Can't find file '/Game/AdvancedTurnBasedTileToolkit/Characters/Erika_Archer_with_bow_arrow_fbm/Arrow_DIFF'
[2017.04.04-04.40.00:991][  0]LogLinker:Warning: Can't find file for asset '/Game/AdvancedTurnBasedTileToolkit/Characters/Erika_Archer_with_bow_arrow_fbm/Arrow_DIFF' while loading ../../../../../../Users/Noctis/Documents/GitHub/DMT-V/src/DMT_V/Content/AdvancedTurnBasedTileToolkit/UI/Game/Inventory.uasset.
[2017.04.04-04.40.00:991][  0]LoadErrors:Error: Error /Game/AdvancedTurnBasedTileToolkit/UI/Game/Inventory : Can't find file for asset. /Game/AdvancedTurnBasedTileToolkit/Characters/Erika_Archer_with_bow_arrow_fbm/Arrow_DIFF
[2017.04.04-04.40.00:991][  0]LogLinker:Warning: Can't find file '/Game/AdvancedTurnBasedTileToolkit/Characters/Erika_Archer_with_bow_arrow_fbm/Arrow_DIFF'
[2017.04.04-04.40.00:991][  0]LogLinker:Warning: Can't find file for asset '/Game/AdvancedTurnBasedTileToolkit/Characters/Erika_Archer_with_bow_arrow_fbm/Arrow_DIFF' while loading ../../../../../../Users/Noctis/Documents/GitHub/DMT-V/src/DMT_V/Content/AdvancedTurnBasedTileToolkit/UI/Game/Inventory.uasset.
[2017.04.04-04.40.00:991][  0]LoadErrors:Error: Error /Game/AdvancedTurnBasedTileToolkit/UI/Game/Inventory : Can't find file for asset. /Game/AdvancedTurnBasedTileToolkit/Characters/Erika_Archer_with_bow_arrow_fbm/Arrow_DIFF
[2017.04.04-04.40.00:991][  0]LogLinker:Warning: Can't find file '/Game/AdvancedTurnBasedTileToolkit/Characters/Erika_Archer_with_bow_arrow_fbm/Arrow_DIFF'
[2017.04.04-04.40.00:991][  0]LoadErrors: Info Failed to load /Game/AdvancedTurnBasedTileToolkit/Characters/Erika_Archer_with_bow_arrow_fbm/Arrow_DIFF.Arrow_DIFF Referenced by Default__Inventory_C
[2017.04.04-04.40.00:991][  0]LogLinker:Warning: Can't find file for asset '/Game/AdvancedTurnBasedTileToolkit/Characters/Erika_Archer_with_bow_arrow_fbm/Arrow_DIFF' while loading ../../../../../../Users/Noctis/Documents/GitHub/DMT-V/src/DMT_V/Content/AdvancedTurnBasedTileToolkit/UI/Game/Inventory.uasset.
[2017.04.04-04.40.00:991][  0]LoadErrors: Info Failed to load /Game/AdvancedTurnBasedTileToolkit/Characters/Erika_Archer_with_bow_arrow_fbm/Arrow_DIFF.Arrow_DIFF Referenced by Default__Inventory_C
[2017.04.04-04.40.00:991][  0]LoadErrors:Error: Error /Game/AdvancedTurnBasedTileToolkit/UI/Game/Inventory : Can't find file for asset. /Game/AdvancedTurnBasedTileToolkit/Characters/Erika_Archer_with_bow_arrow_fbm/Arrow_DIFF
[2017.04.04-04.40.01:049][  0]LogBlueprint:Warning: [Item_Data] 'CurrentPawn' variable not found. Base class was probably changed.
[2017.04.04-04.40.01:062][  0]LogLinker:Warning: Can't find file '/Game/AdvancedTurnBasedTileToolkit/Characters/Erika_Archer_with_bow_arrow_fbm/Arrow_DIFF'
[2017.04.04-04.40.01:062][  0]LogLinker:Warning: Can't find file for asset '/Game/AdvancedTurnBasedTileToolkit/Characters/Erika_Archer_with_bow_arrow_fbm/Arrow_DIFF' while loading ../../../../../../Users/Noctis/Documents/GitHub/DMT-V/src/DMT_V/Content/AdvancedTurnBasedTileToolkit/UI/Game/Inventory.uasset.
[2017.04.04-04.40.01:062][  0]LoadErrors:Error: Error /Game/AdvancedTurnBasedTileToolkit/UI/Game/Inventory : Can't find file for asset. /Game/AdvancedTurnBasedTileToolkit/Characters/Erika_Archer_with_bow_arrow_fbm/Arrow_DIFF
[2017.04.04-04.40.01:064][  0]LogLinker:Warning: Can't find file '/Game/AdvancedTurnBasedTileToolkit/Characters/FemaleFitA_Body_diffuse'
[2017.04.04-04.40.01:064][  0]LogLinker:Warning: Can't find file for asset '/Game/AdvancedTurnBasedTileToolkit/Characters/FemaleFitA_Body_diffuse' while loading ../../../../../../Users/Noctis/Documents/GitHub/DMT-V/src/DMT_V/Content/AdvancedTurnBasedTileToolkit/Blueprints/Gameplay/ATBTT_PlayerController.uasset.
[2017.04.04-04.40.01:064][  0]LoadErrors:Error: Error /Game/AdvancedTurnBasedTileToolkit/Blueprints/Gameplay/ATBTT_PlayerController : Can't find file for asset. /Game/AdvancedTurnBasedTileToolkit/Characters/FemaleFitA_Body_diffuse
[2017.04.04-04.40.01:067][  0]LogLinker:Warning: Can't find file '/Game/AdvancedTurnBasedTileToolkit/Characters/FemaleFitA_Body_diffuse'
[2017.04.04-04.40.01:068][  0]LogLinker:Warning: Can't find file for asset '/Game/AdvancedTurnBasedTileToolkit/Characters/FemaleFitA_Body_diffuse' while loading ../../../../../../Users/Noctis/Documents/GitHub/DMT-V/src/DMT_V/Content/AdvancedTurnBasedTileToolkit/Blueprints/Gameplay/ATBTT_PlayerController.uasset.
[2017.04.04-04.40.01:068][  0]LoadErrors:Error: Error /Game/AdvancedTurnBasedTileToolkit/Blueprints/Gameplay/ATBTT_PlayerController : Can't find file for asset. /Game/AdvancedTurnBasedTileToolkit/Characters/FemaleFitA_Body_diffuse
[2017.04.04-04.40.01:068][  0]LogLinker:Warning: Can't find file '/Game/AdvancedTurnBasedTileToolkit/Characters/FemaleFitA_Body_diffuse'
[2017.04.04-04.40.01:068][  0]LoadErrors: Info Failed to load /Game/AdvancedTurnBasedTileToolkit/Characters/FemaleFitA_Body_diffuse.FemaleFitA_Body_diffuse Referenced by Default__ATBTT_PlayerController_C
[2017.04.04-04.40.01:069][  0]LogLinker:Warning: Can't find file for asset '/Game/AdvancedTurnBasedTileToolkit/Characters/FemaleFitA_Body_diffuse' while loading ../../../../../../Users/Noctis/Documents/GitHub/DMT-V/src/DMT_V/Content/AdvancedTurnBasedTileToolkit/Blueprints/Gameplay/ATBTT_PlayerController.uasset.
[2017.04.04-04.40.01:069][  0]LoadErrors: Info Failed to load /Game/AdvancedTurnBasedTileToolkit/Characters/FemaleFitA_Body_diffuse.FemaleFitA_Body_diffuse Referenced by Default__ATBTT_PlayerController_C
[2017.04.04-04.40.01:069][  0]LoadErrors:Error: Error /Game/AdvancedTurnBasedTileToolkit/Blueprints/Gameplay/ATBTT_PlayerController : Can't find file for asset. /Game/AdvancedTurnBasedTileToolkit/Characters/FemaleFitA_Body_diffuse
[2017.04.04-04.40.01:313][  0]LogLinker:Warning: Can't find file '/Game/AdvancedTurnBasedTileToolkit/Characters/FemaleFitA_Body_diffuse'
[2017.04.04-04.40.01:313][  0]LogLinker:Warning: Can't find file for asset '/Game/AdvancedTurnBasedTileToolkit/Characters/FemaleFitA_Body_diffuse' while loading ../../../../../../Users/Noctis/Documents/GitHub/DMT-V/src/DMT_V/Content/AdvancedTurnBasedTileToolkit/Blueprints/Gameplay/ATBTT_PlayerController.uasset.
[2017.04.04-04.40.01:313][  0]LoadErrors:Error: Error /Game/AdvancedTurnBasedTileToolkit/Blueprints/Gameplay/ATBTT_PlayerController : Can't find file for asset. /Game/AdvancedTurnBasedTileToolkit/Characters/FemaleFitA_Body_diffuse
[2017.04.04-04.40.01:314][  0]LogLinker:Warning: Can't find file '/Game/AdvancedTurnBasedTileToolkit/Characters/FemaleFitA_Body_diffuse'
[2017.04.04-04.40.01:314][  0]LogLinker:Warning: Can't find file for asset '/Game/AdvancedTurnBasedTileToolkit/Characters/FemaleFitA_Body_diffuse' while loading ../../../../../../Users/Noctis/Documents/GitHub/DMT-V/src/DMT_V/Content/AdvancedTurnBasedTileToolkit/Blueprints/Gameplay/ATBTT_PlayerController.uasset.
[2017.04.04-04.40.01:314][  0]LoadErrors:Error: Error /Game/AdvancedTurnBasedTileToolkit/Blueprints/Gameplay/ATBTT_PlayerController : Can't find file for asset. /Game/AdvancedTurnBasedTileToolkit/Characters/FemaleFitA_Body_diffuse
[2017.04.04-04.40.01:854][  0]LogClass:Warning: Enum '/Game/AdvancedTurnBasedTileToolkit/Blueprints/Gameplay/Enums/Enum_Height.Enum_Height' was upgraded to use FText to store its display name data. Please re-save this asset to avoid issues with localization and determinstic cooking.
[2017.04.04-04.40.01:890][  0]LogClass:Warning: Enum '/Game/AdvancedTurnBasedTileToolkit/Blueprints/Gameplay/Enums/Enum_DisplayObject.Enum_DisplayObject' was upgraded to use FText to store its display name data. Please re-save this asset to avoid issues with localization and determinstic cooking.
[2017.04.04-04.40.01:896][  0]LogClass:Warning: Enum '/Game/AdvancedTurnBasedTileToolkit/Blueprints/Gameplay/Enums/Enum_TileSpawn.Enum_TileSpawn' was upgraded to use FText to store its display name data. Please re-save this asset to avoid issues with localization and determinstic cooking.
[2017.04.04-04.40.01:917][  0]LogClass:Warning: Enum '/Game/AdvancedTurnBasedTileToolkit/Blueprints/Gameplay/Enums/Enum_MovePriority.Enum_MovePriority' was upgraded to use FText to store its display name data. Please re-save this asset to avoid issues with localization and determinstic cooking.
[2017.04.04-04.40.01:940][  0]LogClass:Warning: Enum '/Game/AdvancedTurnBasedTileToolkit/Blueprints/Gameplay/Enums/Enum_PathfindingType.Enum_PathfindingType' was upgraded to use FText to store its display name data. Please re-save this asset to avoid issues with localization and determinstic cooking.
[2017.04.04-04.40.04:061][  0]LogBlueprint:Warning: [Item_Data] 'CurrentPawn' variable not found. Base class was probably changed.
[2017.04.04-04.40.05:884][  0]LogClass:Warning: Enum '/Game/AdvancedTurnBasedTileToolkit/Blueprints/Gameplay/Enums/Enum_Faction.Enum_Faction' was upgraded to use FText to store its display name data. Please re-save this asset to avoid issues with localization and determinstic cooking.
[2017.04.04-04.40.06:697][  0]LogAIModule: Creating AISystem for world Map_Grid_Example
[2017.04.04-04.40.06:761][  0]LogEditorServer: Finished looking for orphan Actors (0.000 secs)
[2017.04.04-04.40.06:761][  0]Cmd: MAP CHECKDEP NOCLEARLOG
[2017.04.04-04.40.06:821][  0]MapCheck: Info Map check complete: 0 Error(s), 0 Warning(s), took 59.836ms to complete.
[2017.04.04-04.40.06:821][  0]LogFileHelpers: Loading map 'Map_Grid_Example' took 6.478
[2017.04.04-04.40.06:875][  0]LogWindowsTextInputMethodSystem:Display: IME system now deactivated.
[2017.04.04-04.40.06:982][  0]LogCollectionManager: Loaded 0 collections in 0.001893 seconds
[2017.04.04-04.40.07:057][  0]LogFileCache: Scanning file cache for directory 'C:/Users/Noctis/Documents/GitHub/DMT-V/src/DMT_V/Saved/Collections/' took 0.01s
[2017.04.04-04.40.07:057][  0]LogFileCache: Scanning file cache for directory 'C:/Users/Noctis/Documents/GitHub/DMT-V/src/DMT_V/Content/Developers/Noctis/Collections/' took 0.01s
[2017.04.04-04.40.07:057][  0]LogFileCache: Scanning file cache for directory 'C:/Users/Noctis/Documents/GitHub/DMT-V/src/DMT_V/Content/Collections/' took 0.01s
[2017.04.04-04.40.07:057][  0]LogCollectionManager: Rebuilt the GUID cache for 0 collections in 0.000001 seconds
[2017.04.04-04.40.07:066][  0]LogContentBrowser: Native class hierarchy populated in 0.0089 seconds. Added 2245 classes and 453 folders.
[2017.04.04-04.40.07:070][  0]LogStats: UGameplayTagsManager::ConstructGameplayTagTree: Construct from data asset -  0.000 s
[2017.04.04-04.40.07:070][  0]LogStats: UGameplayTagsManager::ConstructGameplayTagTree: GameplayTagTreeChangedEvent.Broadcast -  0.000 s
[2017.04.04-04.40.07:131][  0]LogContentBrowser: Native class hierarchy updated for 'WidgetCarousel' in 0.0004 seconds. Added 0 classes and 0 folders.
[2017.04.04-04.40.07:171][  0]LogContentBrowser: Native class hierarchy updated for 'AddContentDialog' in 0.0005 seconds. Added 0 classes and 0 folders.
[2017.04.04-04.40.07:217][  0]LogContentBrowser: Native class hierarchy updated for 'SceneOutliner' in 0.0004 seconds. Added 1 classes and 2 folders.
[2017.04.04-04.40.07:262][  0]LogCrashTracker: Crashtracker disabled due to settings.
[2017.04.04-04.40.07:269][  0]LogUObjectGlobals:Warning: Failed to find object 'Class None.'
[2017.04.04-04.40.07:334][  0]LogContentBrowser: Native class hierarchy updated for 'HierarchicalLODOutliner' in 0.0005 seconds. Added 1 classes and 2 folders.
[2017.04.04-04.40.07:335][  0]LogLoad: (Engine Initialization) Total time: 22.24 seconds
[2017.04.04-04.40.07:335][  0]LogLoad: (Engine Initialization) Total Blueprint compile time: 3.04 seconds
[2017.04.04-04.40.07:335][  0]LogExternalProfiler: Found external profiler: VSPerf
[2017.04.04-04.40.07:335][  0]LogExternalProfiler: Using external profiler: VSPerf
[2017.04.04-04.40.07:344][  0]LogOcInput: OculusInput pre-init called
[2017.04.04-04.40.07:344][  0]LoadErrors:Error: Error /Game/AdvancedTurnBasedTileToolkit/UI/Game/Item_Data : Failed import for BoolProperty /Game/AdvancedTurnBasedTileToolkit/Blueprints/Gameplay/Structs/Struct_Item.Struct_Item:IsRanged?_59_668DB27A4F717D36D80C7E9B22AB05BF
[2017.04.04-04.40.07:344][  0]LoadErrors:Error: Error /Game/AdvancedTurnBasedTileToolkit/UI/Game/Item_Data : Failed import for ByteProperty /Game/AdvancedTurnBasedTileToolkit/Blueprints/Gameplay/Structs/Struct_Item.Struct_Item:ClassRestriction_60_086CD6DC43B1DF0D8944D4B1ECD707C5
[2017.04.04-04.40.07:362][  0]LogContentStreaming: Texture pool size now 400 MB
[2017.04.04-04.40.07:376][  0]LogSlate: Took 0.000156 seconds to synchronously load lazily loaded font '../../../Engine/Content/Slate/Fonts/Roboto-Regular.ttf' (155K)
[2017.04.04-04.40.07:380][  0]LogSlate: Took 0.000204 seconds to synchronously load lazily loaded font '../../../Engine/Content/Slate/Fonts/Roboto-Bold.ttf' (160K)
[2017.04.04-04.40.07:385][  0]LogSlate: Took 0.000231 seconds to synchronously load lazily loaded font '../../../Engine/Content/Editor/Slate/Fonts/FontAwesome.ttf' (139K)
[2017.04.04-04.40.07:527][  0]LogRenderer: Reallocating scene render targets to support 1208x576 NumSamples 1 (Frame:2).
[2017.04.04-04.40.07:569][  0]LogSlate: Took 0.000119 seconds to synchronously load lazily loaded font '../../../Engine/Content/Slate/Fonts/Roboto-Light.ttf' (159K)
[2017.04.04-04.40.07:634][  1]LogAssetRegistry: Asset discovery search completed in 14.5369 seconds
[2017.04.04-04.40.07:634][  1]LogCollectionManager: Rebuilt the object cache for 0 collections in 0.000005 seconds (found 0 objects)
[2017.04.04-04.40.07:634][  1]LogCollectionManager: Fixed up redirectors for 0 collections in 0.000018 seconds (updated 0 objects)
[2017.04.04-04.40.15:586][939]LogSlate: Took 0.000108 seconds to synchronously load lazily loaded font '../../../Engine/Content/Slate/Fonts/Roboto-Light.ttf' (159K)
[2017.04.04-04.40.15:913][939]LogClass:Warning: Enum '/Game/AdvancedTurnBasedTileToolkit/Maps/2D_Game_Example/Blueprints/Enums/Enum_Item_Type.Enum_Item_Type' was upgraded to use FText to store its display name data. Please re-save this asset to avoid issues with localization and determinstic cooking.
[2017.04.04-04.40.16:003][939]LogContentBrowser: Native class hierarchy updated for 'BlueprintGraph' in 0.0007 seconds. Added 112 classes and 0 folders.
[2017.04.04-04.40.16:715][939]LogSlate: Took 0.000150 seconds to synchronously load lazily loaded font '../../../Engine/Content/Slate/Fonts/Roboto-Light.ttf' (159K)
[2017.04.04-04.40.16:716][939]LogSlate: Took 0.000139 seconds to synchronously load lazily loaded font '../../../Engine/Content/Editor/Slate/Fonts/Roboto-BoldCondensed.ttf' (158K)
[2017.04.04-04.42.10:918][215]LogScript:Warning: Accessed None trying to read property GameMode_Ref
	ATBTT_PlayerController_C /Engine/Transient.World_3:PersistentLevel.ATBTT_PlayerController_C_0
	Function /Game/AdvancedTurnBasedTileToolkit/Blueprints/Gameplay/ATBTT_PlayerController.ATBTT_PlayerController_C:ExecuteUbergraph_ATBTT_PlayerController:0E57
[2017.04.04-04.42.10:918][215]LogScript:Warning: Accessed None
	ATBTT_PlayerController_C /Engine/Transient.World_3:PersistentLevel.ATBTT_PlayerController_C_0
	Function /Game/AdvancedTurnBasedTileToolkit/Blueprints/Gameplay/ATBTT_PlayerController.ATBTT_PlayerController_C:ExecuteUbergraph_ATBTT_PlayerController:0E6C
[2017.04.04-04.42.10:939][215]LogScript:Warning: Accessed None trying to read property Grid_Manager_Ref
	ATBTT_PlayerController_C /Engine/Transient.World_3:PersistentLevel.ATBTT_PlayerController_C_0
	Function /Game/AdvancedTurnBasedTileToolkit/Blueprints/Gameplay/ATBTT_PlayerController.ATBTT_PlayerController_C:ExecuteUbergraph_ATBTT_PlayerController:0E8D
[2017.04.04-04.42.10:939][215]LogScript:Warning: Accessed None trying to read property Grid_Manager_Ref
	ATBTT_PlayerController_C /Engine/Transient.World_3:PersistentLevel.ATBTT_PlayerController_C_0
	Function /Game/AdvancedTurnBasedTileToolkit/Blueprints/Gameplay/ATBTT_PlayerController.ATBTT_PlayerController_C:ExecuteUbergraph_ATBTT_PlayerController:0F39
[2017.04.04-04.42.10:940][215]LogScript:Warning: Accessed None trying to read property Grid_Manager_Ref
	ATBTT_PlayerController_C /Engine/Transient.World_3:PersistentLevel.ATBTT_PlayerController_C_0
	Function /Game/AdvancedTurnBasedTileToolkit/Blueprints/Gameplay/ATBTT_PlayerController.ATBTT_PlayerController_C:ExecuteUbergraph_ATBTT_PlayerController:118C
[2017.04.04-04.42.10:940][215]LogScript:Warning: Accessed None trying to read property Grid_Manager_Ref
	ATBTT_PlayerController_C /Engine/Transient.World_3:PersistentLevel.ATBTT_PlayerController_C_0
	Function /Game/AdvancedTurnBasedTileToolkit/Blueprints/Gameplay/ATBTT_PlayerController.ATBTT_PlayerController_C:ExecuteUbergraph_ATBTT_PlayerController:0AD0
[2017.04.04-04.42.10:940][215]LogScript:Warning: Accessed None trying to read property Grid_Manager_Ref
	ATBTT_PlayerController_C /Engine/Transient.World_3:PersistentLevel.ATBTT_PlayerController_C_0
	Function /Game/AdvancedTurnBasedTileToolkit/Blueprints/Gameplay/ATBTT_PlayerController.ATBTT_PlayerController_C:ExecuteUbergraph_ATBTT_PlayerController:0B1D
[2017.04.04-04.42.10:940][215]LogScript:Warning: Accessed None
	ATBTT_PlayerController_C /Engine/Transient.World_3:PersistentLevel.ATBTT_PlayerController_C_0
	Function /Game/AdvancedTurnBasedTileToolkit/Blueprints/Gameplay/ATBTT_PlayerController.ATBTT_PlayerController_C:ExecuteUbergraph_ATBTT_PlayerController:0B32
[2017.04.04-04.42.10:940][215]LogScript:Warning: Accessed None trying to read property Grid_Manager_Ref
	ATBTT_PlayerController_C /Engine/Transient.World_3:PersistentLevel.ATBTT_PlayerController_C_0
	Function /Game/AdvancedTurnBasedTileToolkit/Blueprints/Gameplay/ATBTT_PlayerController.ATBTT_PlayerController_C:ExecuteUbergraph_ATBTT_PlayerController:09FE
[2017.04.04-04.42.12:123][216]LogScript:Warning: Accessed None trying to read property GameMode_Ref
	ATBTT_PlayerController_C /Engine/Transient.World_3:PersistentLevel.ATBTT_PlayerController_C_0
	Function /Game/AdvancedTurnBasedTileToolkit/Blueprints/Gameplay/ATBTT_PlayerController.ATBTT_PlayerController_C:ExecuteUbergraph_ATBTT_PlayerController:0E57
[2017.04.04-04.42.12:123][216]LogScript:Warning: Accessed None
	ATBTT_PlayerController_C /Engine/Transient.World_3:PersistentLevel.ATBTT_PlayerController_C_0
	Function /Game/AdvancedTurnBasedTileToolkit/Blueprints/Gameplay/ATBTT_PlayerController.ATBTT_PlayerController_C:ExecuteUbergraph_ATBTT_PlayerController:0E6C
[2017.04.04-04.42.12:123][216]LogScript:Warning: Accessed None trying to read property Grid_Manager_Ref
	ATBTT_PlayerController_C /Engine/Transient.World_3:PersistentLevel.ATBTT_PlayerController_C_0
	Function /Game/AdvancedTurnBasedTileToolkit/Blueprints/Gameplay/ATBTT_PlayerController.ATBTT_PlayerController_C:ExecuteUbergraph_ATBTT_PlayerController:0E8D
[2017.04.04-04.42.12:123][216]LogScript:Warning: Accessed None trying to read property Grid_Manager_Ref
	ATBTT_PlayerController_C /Engine/Transient.World_3:PersistentLevel.ATBTT_PlayerController_C_0
	Function /Game/AdvancedTurnBasedTileToolkit/Blueprints/Gameplay/ATBTT_PlayerController.ATBTT_PlayerController_C:ExecuteUbergraph_ATBTT_PlayerController:0F39
[2017.04.04-04.42.12:123][216]LogScript:Warning: Accessed None trying to read property Grid_Manager_Ref
	ATBTT_PlayerController_C /Engine/Transient.World_3:PersistentLevel.ATBTT_PlayerController_C_0
	Function /Game/AdvancedTurnBasedTileToolkit/Blueprints/Gameplay/ATBTT_PlayerController.ATBTT_PlayerController_C:ExecuteUbergraph_ATBTT_PlayerController:118C
[2017.04.04-04.42.12:123][216]LogScript:Warning: Accessed None trying to read property Grid_Manager_Ref
	ATBTT_PlayerController_C /Engine/Transient.World_3:PersistentLevel.ATBTT_PlayerController_C_0
	Function /Game/AdvancedTurnBasedTileToolkit/Blueprints/Gameplay/ATBTT_PlayerController.ATBTT_PlayerController_C:ExecuteUbergraph_ATBTT_PlayerController:0AD0
[2017.04.04-04.42.12:123][216]LogScript:Warning: Accessed None trying to read property Grid_Manager_Ref
	ATBTT_PlayerController_C /Engine/Transient.World_3:PersistentLevel.ATBTT_PlayerController_C_0
	Function /Game/AdvancedTurnBasedTileToolkit/Blueprints/Gameplay/ATBTT_PlayerController.ATBTT_PlayerController_C:ExecuteUbergraph_ATBTT_PlayerController:0B1D
[2017.04.04-04.42.12:123][216]LogScript:Warning: Accessed None
	ATBTT_PlayerController_C /Engine/Transient.World_3:PersistentLevel.ATBTT_PlayerController_C_0
	Function /Game/AdvancedTurnBasedTileToolkit/Blueprints/Gameplay/ATBTT_PlayerController.ATBTT_PlayerController_C:ExecuteUbergraph_ATBTT_PlayerController:0B32
[2017.04.04-04.42.12:132][216]LogSlate: Took 0.000175 seconds to synchronously load lazily loaded font '../../../Engine/Content/Editor/Slate/Fonts/Roboto-Italic.ttf' (157K)
