Log file open, 03/20/17 21:00:51
LogInit:Display: Running engine for game: DMT_V
LogPlatformFile: Not using cached read wrapper
LogInit:Display: RandInit(-527692432) SRandInit(-527692432).
LogTaskGraph: Started task graph with 5 named threads and 8 total threads with 1 sets of task threads.
LogStats: Stats thread started at 0.101954
LogInit: Using libcurl 7.47.1
LogInit:  - built for x86_64-pc-win32
LogInit:  - supports SSL with OpenSSL/1.0.2g
LogInit:  - supports HTTP deflate (compression) using libz 1.2.8
LogInit:  - other features:
LogInit:      CURL_VERSION_SSL
LogInit:      CURL_VERSION_LIBZ
LogInit:      CURL_VERSION_IPV6
LogInit:      CURL_VERSION_ASYNCHDNS
LogInit:      CURL_VERSION_LARGEFILE
LogInit:      CURL_VERSION_IDN
LogInit:  CurlRequestOptions (configurable via config and command line):
LogInit:  - bVerifyPeer = false  - Libcurl will NOT verify peer certificate
LogInit:  - bUseHttpProxy = false  - Libcurl will NOT use HTTP proxy
LogInit:  - bDontReuseConnections = false  - Libcurl will reuse connections
LogInit:  - CertBundlePath = nullptr  - Libcurl will use whatever was configured at build time.
LogOnline:Display: STEAM: Loading Steam SDK 1.32
LogInit: WinSock: version 1.1 (2.2), MaxSocks=32767, MaxUdp=65467
LogInit: Build: ++UE4+Release-4.15-CL-3299760
LogInit: Engine Version: 4.15.0-3299760+++UE4+Release-4.15
LogInit: Compatible Engine Version: 4.15.0-3299760+++UE4+Release-4.15
LogInit: Net CL: 3299760
LogDevObjectVersion: Number of dev versions registered: 14
LogDevObjectVersion:   Dev-Blueprints (B0D832E4-1F89-4F0D-ACCF-7EB736FD4AA2): 8
LogDevObjectVersion:   Dev-Build (E1C64328-A22C-4D53-A36C-8E866417BD8C): 0
LogDevObjectVersion:   Dev-Core (375EC13C-06E4-48FB-B500-84F0262A717E): 2
LogDevObjectVersion:   Dev-Editor (E4B068ED-F494-42E9-A231-DA0B2E46BB41): 14
LogDevObjectVersion:   Dev-Framework (CFFC743F-43B0-4480-9391-14DF171D2073): 22
LogDevObjectVersion:   Dev-Mobile (B02B49B5-BB20-44E9-A304-32B752E40360): 0
LogDevObjectVersion:   Dev-Networking (A4E4105C-59A1-49B5-A7C5-40C4547EDFEE): 0
LogDevObjectVersion:   Dev-Online (39C831C9-5AE6-47DC-9A44-9C173E1C8E7C): 0
LogDevObjectVersion:   Dev-Physics (78F01B33-EBEA-4F98-B9B4-84EACCB95AA2): 0
LogDevObjectVersion:   Dev-Platform (6631380F-2D4D-43E0-8009-CF276956A95A): 0
LogDevObjectVersion:   Dev-Rendering (12F88B9F-8875-4AFC-A67C-D90C383ABD29): 12
LogDevObjectVersion:   Dev-Sequencer (7B5AE74C-D270-4C10-A958-57980B212A5A): 3
LogDevObjectVersion:   Dev-VR (D7296918-1DD6-4BDD-9DE2-64A83CC13884): 0
LogDevObjectVersion:   Dev-LoadTimes (C2A15278-BFE7-4AFE-6C17-90FF531DF755): 1
LogInit: Compiled (64-bit): Feb 14 2017 02:04:14
LogInit: Compiled with Visual C++: 19.00.23026.00
LogInit: Build Configuration: Development
LogInit: Branch Name: ++UE4+Release-4.15
LogInit: Command line:  /Temp/Autosaves/Game/AdvancedTurnBasedTileToolkit/Maps/UEDPCMainMenu -game -PIEVIACONSOLE -ResX=1280 -ResY=720  -Multiprocess -messaging -SessionName="Play in Standalone Game" -windowed 
LogInit: Base directory: C:/Program Files/Epic Games/UE_4.15/Engine/Binaries/Win64/
LogInit: Installed Engine Build: 1
LogInit: Presizing for max 8388607 objects, including 0 objects not considered by GC, pre-allocating 0 bytes for permanent pool.
LogInit: Object subsystem initialized
[2017.03.21-01.00.53:491][  0]LogInit: Selected Device Profile: [Windows]
[2017.03.21-01.00.53:491][  0]LogInit: Applying CVar settings loaded from the selected device profile: [Windows]
[2017.03.21-01.00.53:498][  0]LogInit: Computer: MATT-PC
[2017.03.21-01.00.53:498][  0]LogInit: User: Matt
[2017.03.21-01.00.53:498][  0]LogInit: CPU Page size=65536, Cores=4
[2017.03.21-01.00.53:498][  0]LogInit: High frequency timer resolution =3.233242 MHz
[2017.03.21-01.00.53:499][  0]LogMemory: Memory total: Physical=8.0GB (8GB approx)
[2017.03.21-01.00.53:499][  0]LogMemory: Platform Memory Stats for Windows
[2017.03.21-01.00.53:499][  0]LogMemory: Process Physical Memory: 305.63 MB used, 305.63 MB peak
[2017.03.21-01.00.53:499][  0]LogMemory: Process Virtual Memory: 289.37 MB used, 289.37 MB peak
[2017.03.21-01.00.53:499][  0]LogMemory: Physical Memory: 6294.03 MB used,  1872.94 MB free, 8166.97 MB total
[2017.03.21-01.00.53:499][  0]LogMemory: Virtual Memory: 746.82 MB used,  1872.94 MB free, 8388608.00 MB total
[2017.03.21-01.00.53:661][  0]LogTextLocalizationManager: No specific translations for ('en-US') exist, so ('en') translations will be used.
[2017.03.21-01.00.54:317][  0]LogD3D11RHI: D3D11 adapters:
[2017.03.21-01.00.54:341][  0]LogD3D11RHI:    0. 'NVIDIA GeForce GTX 650' (Feature Level 11_0)
[2017.03.21-01.00.54:341][  0]LogD3D11RHI:       970/0/3072 MB DedicatedVideo/DedicatedSystem/SharedSystem, Outputs:2, VendorId:0x10de
[2017.03.21-01.00.54:341][  0]LogD3D11RHI: Chosen D3D11 Adapter: 0
[2017.03.21-01.00.54:346][  0]LogD3D11RHI: Creating new Direct3DDevice
[2017.03.21-01.00.54:347][  0]LogD3D11RHI:     GPU DeviceId: 0xfc6 (for the marketing name, search the web for "GPU Device Id")
[2017.03.21-01.00.54:347][  0]LogWindows: EnumDisplayDevices:
[2017.03.21-01.00.54:347][  0]LogWindows:    0. 'NVIDIA GeForce GTX 650' (P:1 D:1)
[2017.03.21-01.00.54:347][  0]LogWindows:    1. 'NVIDIA GeForce GTX 650' (P:0 D:1)
[2017.03.21-01.00.54:347][  0]LogWindows:    2. 'NVIDIA GeForce GTX 650' (P:0 D:0)
[2017.03.21-01.00.54:347][  0]LogWindows:    3. 'RDPDD Chained DD' (P:0 D:0)
[2017.03.21-01.00.54:348][  0]LogWindows:    4. 'RDP Encoder Mirror Driver' (P:0 D:0)
[2017.03.21-01.00.54:348][  0]LogWindows:    5. 'RDP Reflector Display Driver' (P:0 D:0)
[2017.03.21-01.00.54:348][  0]LogWindows: DebugString: GetVideoDriverDetailsInvalid PrimaryIsNotTheChoosenAdapter GetVideoDriverDetailsInvalid PrimaryIsNotTheChoosenAdapter GetVideoDriverDetailsInvalid PrimaryIsNotTheChoosenAdapter FoundDriverCount:3 
[2017.03.21-01.00.54:348][  0]LogD3D11RHI:     Adapter Name: NVIDIA GeForce GTX 650
[2017.03.21-01.00.54:348][  0]LogD3D11RHI:   Driver Version: 376.53 (internal:21.21.13.7653, unified:376.53)
[2017.03.21-01.00.54:348][  0]LogD3D11RHI:      Driver Date: 12-29-2016
[2017.03.21-01.00.54:348][  0]LogRHI: Texture pool is 679 MB (70% of 970 MB)
[2017.03.21-01.00.54:362][  0]LogD3D11RHI:Warning: Timestamp queries are currently disabled on this hardware due to instability. Realtime GPU stats will not be available. You can override this behaviour by setting r.NVIDIATimestampWorkaround to 0
[2017.03.21-01.00.54:362][  0]LogD3D11RHI: Async texture creation enabled
[2017.03.21-01.00.54:373][  0]LogD3D11RHI: GPU Timing Frequency: 1000.000000 (Debug: 2 1)
[2017.03.21-01.00.54:473][  0]LogShaderCompilers: Guid format shader working directory is -31 characters bigger than the processId version (../../../../../../Users/Matt/Documents/Unreal Projects/DMT_V 4.15/DMT_V 4.15/Intermediate/Shaders/WorkingDirectory/7460/).
[2017.03.21-01.00.54:473][  0]LogShaderCompilers: Cleaned the shader compiler working directory 'C:/Users/Matt/AppData/Local/Temp/UnrealShaderWorkingDir/4E1FA72E46EE11466503C68B6142167F/'.
[2017.03.21-01.00.54:473][  0]LogShaderCompilers:Display: Using Local Shader Compiler.
[2017.03.21-01.00.55:994][  0]LogTemp:Display: Loaded TP WindowsClientTargetPlatform
[2017.03.21-01.00.56:072][  0]LogTemp:Display: Loaded TP WindowsNoEditorTargetPlatform
[2017.03.21-01.00.56:152][  0]LogTemp:Display: Loaded TP WindowsServerTargetPlatform
[2017.03.21-01.00.56:213][  0]LogTemp:Display: Loaded TP WindowsTargetPlatform
[2017.03.21-01.00.56:213][  0]LogTargetPlatformManager:Display: Building Assets For Windows
[2017.03.21-01.00.56:783][  0]LogDerivedDataCache:Display: Max Cache Size: 512 MB
[2017.03.21-01.00.56:868][  0]LogDerivedDataCache: Loaded boot cache 0.08s 60MB C:/Users/Matt/AppData/Local/UnrealEngine/4.15/DerivedDataCache/Boot.ddc.
[2017.03.21-01.00.56:868][  0]LogDerivedDataCache:Display: Loaded Boot cache: C:/Users/Matt/AppData/Local/UnrealEngine/4.15/DerivedDataCache/Boot.ddc
[2017.03.21-01.00.56:868][  0]LogDerivedDataCache: FDerivedDataBackendGraph:  Pak pak cache file ../../../../../../Users/Matt/Documents/Unreal Projects/DMT_V 4.15/DMT_V 4.15/DerivedDataCache/DDC.ddp not found, will not use a pak cache.
[2017.03.21-01.00.56:868][  0]LogDerivedDataCache: Unable to find inner node Pak for hierarchical cache Hierarchy.
[2017.03.21-01.00.56:868][  0]LogDerivedDataCache: FDerivedDataBackendGraph:  CompressedPak pak cache file ../../../../../../Users/Matt/Documents/Unreal Projects/DMT_V 4.15/DMT_V 4.15/DerivedDataCache/Compressed.ddp not found, will not use a pak cache.
[2017.03.21-01.00.56:868][  0]LogDerivedDataCache: Unable to find inner node CompressedPak for hierarchical cache Hierarchy.
[2017.03.21-01.00.56:893][  0]LogDerivedDataCache:Display: Pak cache opened for reading ../../../Engine/DerivedDataCache/Compressed.ddp.
[2017.03.21-01.00.56:905][  0]LogDerivedDataCache: Using Local data cache path C:/Users/Matt/AppData/Local/UnrealEngine/Common/DerivedDataCache: Writable
[2017.03.21-01.00.56:916][  0]LogSlate: Using Freetype 2.6.0
[2017.03.21-01.00.56:917][  0]LogSlate: SlateFontCache - WITH_FREETYPE: 1, WITH_HARFBUZZ: 1
[2017.03.21-01.00.56:917][  0]LogSlate: SlateFontCache - WITH_FREETYPE: 1, WITH_HARFBUZZ: 1
[2017.03.21-01.00.57:348][  0]LogAssetRegistry: FAssetRegistry took 0.0001 seconds to start up
[2017.03.21-01.00.57:356][  0]LogPackageLocalizationCache: Processed 3 localized package path(s) for 2 prioritized culture(s) in 0.008748 seconds
[2017.03.21-01.00.57:399][  0]LogInit: Selected Device Profile: [Windows]
[2017.03.21-01.00.57:401][  0]LogContentStreaming: Texture pool size is 1000.00 MB
[2017.03.21-01.00.57:678][  0]LogMeshUtilities: Using QuadricMeshReduction for automatic static mesh reduction
[2017.03.21-01.00.57:732][  0]LogSimplygon: Simplygon DLL not present - disabling.
[2017.03.21-01.00.57:794][  0]LogMeshUtilities: Using SimplygonSwarm for distributed automatic mesh merging
[2017.03.21-01.00.57:794][  0]LogMeshUtilities: No automatic skeletal mesh reduction module available
[2017.03.21-01.00.57:794][  0]LogMeshUtilities: No automatic mesh merging module available
[2017.03.21-01.00.58:432][  0]LogNetVersion: GetLocalNetworkVersion: CL: 3299760, ProjectName: dmt_v, ProjectVersion: , EngineNetworkVersion: 2, GameNetworkVersion: 0, NetworkChecksum: 3867609599
[2017.03.21-01.00.59:528][  0]LogMoviePlayer: Initializing movie player
[2017.03.21-01.00.59:972][  0]LogTcpMessaging: Initializing TcpMessaging bridge
[2017.03.21-01.01.00:014][  0]LogUdpMessaging: Initializing bridge on interface 0.0.0.0:0 to multicast group 230.0.0.1:6666.
[2017.03.21-01.01.00:378][  0]SourceControl: Info Source control is disabled
[2017.03.21-01.01.00:378][  0]SourceControl: Info Source control is disabled
[2017.03.21-01.01.00:443][  0]SourceControl: Info Source control is disabled
[2017.03.21-01.01.01:325][  0]LogUObjectArray: 34397 objects as part of root set at end of initial load.
[2017.03.21-01.01.01:325][  0]LogUObjectAllocator: 7849728 out of 0 bytes used by permanent object pool.
[2017.03.21-01.01.01:325][  0]LogUObjectArray: CloseDisregardForGC: 0/0 objects in disregard for GC pool
[2017.03.21-01.01.01:458][  0]LogEngine: Initializing Engine...
[2017.03.21-01.01.01:488][  0]LogHMD: Failed to initialize OpenVR with code 108
[2017.03.21-01.01.01:647][  0]LogInit: XAudio2 using 'Speakers (High Definition Audio Device)' : 2 channels at 44.1 kHz using 16 bits per sample (channel mask 0x3)
[2017.03.21-01.01.01:658][  0]LogInit: FAudioDevice initialized.
[2017.03.21-01.01.01:682][  0]LogInit: Texture streaming: Enabled
[2017.03.21-01.01.01:701][  0]LogMaterial: Uniform references updated for custom material expression Custom.
[2017.03.21-01.01.02:444][  0]LogInit:Display: Game Engine Initialized.
[2017.03.21-01.01.02:659][  0]LogInit:Display: Starting Game.
[2017.03.21-01.01.02:659][  0]LogNet: Browse: /Temp/Autosaves/Game/AdvancedTurnBasedTileToolkit/Maps/UEDPCMainMenu?Name=Player
[2017.03.21-01.01.02:659][  0]LogLoad: LoadMap: /Temp/Autosaves/Game/AdvancedTurnBasedTileToolkit/Maps/UEDPCMainMenu?Name=Player
[2017.03.21-01.01.02:685][  0]LogMemory: Platform Memory Stats for Windows
[2017.03.21-01.01.02:685][  0]LogMemory: Process Physical Memory: 734.70 MB used, 743.13 MB peak
[2017.03.21-01.01.02:685][  0]LogMemory: Process Virtual Memory: 803.70 MB used, 803.72 MB peak
[2017.03.21-01.01.02:685][  0]LogMemory: Physical Memory: 6664.61 MB used,  1502.36 MB free, 8166.97 MB total
[2017.03.21-01.01.02:685][  0]LogMemory: Virtual Memory: 1427.82 MB used,  1502.36 MB free, 8388608.00 MB total
[2017.03.21-01.01.02:685][  0]LogMemory: 
[2017.03.21-01.01.02:685][  0]Allocator Stats for TBB: (not implemented)
[2017.03.21-01.01.02:848][  0]LogAIModule: Creating AISystem for world MainMenu
[2017.03.21-01.01.03:442][  0]LogProperty:Error: UStructProperty::Serialize Loading: Property 'StructProperty /Game/AdvancedTurnBasedTileToolkit/Blueprints/Gameplay/Inventory_DragDropOperation.Inventory_DragDropOperation_C:Item'. Unknown structure.
[2017.03.21-01.01.03:442][  0]LogClass:Warning: Property Item of Item has a struct type mismatch (tag STRUCT_REINST_Struct_Item_0 != prop FallbackStruct) in package:  ../../../../../../Users/Matt/Documents/Unreal Projects/DMT_V 4.15/DMT_V 4.15/Content/AdvancedTurnBasedTileToolkit/Blueprints/Gameplay/Inventory_DragDropOperation.uasset. If that struct got renamed, add an entry to ActiveStructRedirects.
[2017.03.21-01.01.03:444][  0]LogClass:Warning: Property Item of Item has a struct type mismatch (tag FallbackStruct != prop Struct_Item) in package:  FObjectReader. If that struct got renamed, add an entry to ActiveStructRedirects.
[2017.03.21-01.01.07:862][  0]LogClass:Warning: Enum '/Game/AdvancedTurnBasedTileToolkit/Blueprints/Gameplay/Enums/Enum_DisplayObject.Enum_DisplayObject' was upgraded to use FText to store its display name data. Please re-save this asset to avoid issues with localization and determinstic cooking.
[2017.03.21-01.01.07:862][  0]LogClass:Warning: Enum '/Game/AdvancedTurnBasedTileToolkit/Blueprints/Gameplay/Enums/Enum_Height.Enum_Height' was upgraded to use FText to store its display name data. Please re-save this asset to avoid issues with localization and determinstic cooking.
[2017.03.21-01.01.07:862][  0]LogClass:Warning: Enum '/Game/AdvancedTurnBasedTileToolkit/Blueprints/Gameplay/Enums/Enum_TileSpawn.Enum_TileSpawn' was upgraded to use FText to store its display name data. Please re-save this asset to avoid issues with localization and determinstic cooking.
[2017.03.21-01.01.07:862][  0]LogClass:Warning: Enum '/Game/AdvancedTurnBasedTileToolkit/Blueprints/Gameplay/Enums/Enum_MovePriority.Enum_MovePriority' was upgraded to use FText to store its display name data. Please re-save this asset to avoid issues with localization and determinstic cooking.
[2017.03.21-01.01.07:863][  0]LogClass:Warning: Enum '/Game/AdvancedTurnBasedTileToolkit/Blueprints/Gameplay/Enums/Enum_PathfindingType.Enum_PathfindingType' was upgraded to use FText to store its display name data. Please re-save this asset to avoid issues with localization and determinstic cooking.
[2017.03.21-01.01.07:863][  0]LogClass:Warning: Enum '/Game/AdvancedTurnBasedTileToolkit/Blueprints/Gameplay/Enums/Enum_Faction.Enum_Faction' was upgraded to use FText to store its display name data. Please re-save this asset to avoid issues with localization and determinstic cooking.
[2017.03.21-01.01.07:944][  0]LogLoad: Game class is 'ATBTT_GameMode_C'
[2017.03.21-01.01.07:946][  0]LogWorld: Bringing World /Temp/Autosaves/Game/AdvancedTurnBasedTileToolkit/Maps/UEDPCMainMenu.MainMenu up for play (max tick rate 0) at 2017.03.20-21.01.07
[2017.03.21-01.01.07:946][  0]LogWorld: Bringing up level for play took: 0.000730
[2017.03.21-01.01.07:948][  0]LogGameMode:Display: Match State Changed from EnteringMap to WaitingToStart
[2017.03.21-01.01.07:948][  0]LogGameState: Match State Changed from EnteringMap to WaitingToStart
[2017.03.21-01.01.07:948][  0]LogGameMode:Display: Match State Changed from WaitingToStart to InProgress
[2017.03.21-01.01.07:948][  0]LogScriptCore:Warning: Script Msg: Attempted to access index 0 from array CallFunc_GetAllActorsOfClass_OutActors2 of length 0!
[2017.03.21-01.01.07:949][  0]LogScriptCore:Warning: Script Msg: Attempted to access index 0 from array CallFunc_GetAllActorsOfClass_OutActors2 of length 0!
[2017.03.21-01.01.07:949][  0]LogScriptCore:Warning: Script Msg: Attempted to access index 0 from array CallFunc_GetAllActorsOfClass_OutActors of length 0!
[2017.03.21-01.01.07:950][  0]LogScriptCore:Warning: Script Msg: Attempted to access index 0 from array CallFunc_GetAllActorsOfClass_OutActors of length 0!
[2017.03.21-01.01.07:950][  0]LogScriptCore:Warning: Script Msg: Attempted to access index 0 from array InitiativeOrder of length 0!
[2017.03.21-01.01.07:951][  0]LogGameState: Match State Changed from WaitingToStart to InProgress
[2017.03.21-01.01.07:951][  0]LogLoad: Took 5.292140 seconds to LoadMap(/Temp/Autosaves/Game/AdvancedTurnBasedTileToolkit/Maps/UEDPCMainMenu)
[2017.03.21-01.01.08:162][  0]LogRenderer: Reallocating scene render targets to support 1280x720 NumSamples 1 (Frame:2).
[2017.03.21-01.01.08:162][  0]LogLoad: (Engine Initialization) Total time: 17.96 seconds
[2017.03.21-01.01.08:162][  0]LogLoad: (Engine Initialization) Total Blueprint compile time: 3.25 seconds
[2017.03.21-01.01.08:162][  0]LogExternalProfiler: Found external profiler: VSPerf
[2017.03.21-01.01.08:162][  0]LogExternalProfiler: Using external profiler: VSPerf
[2017.03.21-01.01.08:180][  0]LogOcInput: OculusInput pre-init called
[2017.03.21-01.01.08:195][  1]LogScript:Warning: Accessed None trying to read property CurrentPawn
	ATBTT_PlayerController_C /Temp/Autosaves/Game/AdvancedTurnBasedTileToolkit/Maps/UEDPCMainMenu.MainMenu:PersistentLevel.ATBTT_PlayerController_C_0
	Function /Game/AdvancedTurnBasedTileToolkit/Blueprints/Gameplay/ATBTT_PlayerController.ATBTT_PlayerController_C:ExecuteUbergraph_ATBTT_PlayerController:18F8
[2017.03.21-01.01.08:195][  1]LogScript:Warning: Script call stack:
	Function /Game/AdvancedTurnBasedTileToolkit/Blueprints/Gameplay/ATBTT_PlayerController.ATBTT_PlayerController_C:ReceiveTick
	Function /Game/AdvancedTurnBasedTileToolkit/Blueprints/Gameplay/ATBTT_PlayerController.ATBTT_PlayerController_C:ExecuteUbergraph_ATBTT_PlayerController

[2017.03.21-01.01.08:195][  1]LogScript:Warning: Accessed None trying to read property Grid_Manager_Ref
	ATBTT_PlayerController_C /Temp/Autosaves/Game/AdvancedTurnBasedTileToolkit/Maps/UEDPCMainMenu.MainMenu:PersistentLevel.ATBTT_PlayerController_C_0
	Function /Game/AdvancedTurnBasedTileToolkit/Blueprints/Gameplay/ATBTT_PlayerController.ATBTT_PlayerController_C:ExecuteUbergraph_ATBTT_PlayerController:1918
[2017.03.21-01.01.08:195][  1]LogScript:Warning: Script call stack:
	Function /Game/AdvancedTurnBasedTileToolkit/Blueprints/Gameplay/ATBTT_PlayerController.ATBTT_PlayerController_C:ReceiveTick
	Function /Game/AdvancedTurnBasedTileToolkit/Blueprints/Gameplay/ATBTT_PlayerController.ATBTT_PlayerController_C:ExecuteUbergraph_ATBTT_PlayerController

[2017.03.21-01.01.08:195][  1]LogScript:Warning: Accessed None trying to read property Grid_Manager_Ref
	ATBTT_PlayerController_C /Temp/Autosaves/Game/AdvancedTurnBasedTileToolkit/Maps/UEDPCMainMenu.MainMenu:PersistentLevel.ATBTT_PlayerController_C_0
	Function /Game/AdvancedTurnBasedTileToolkit/Blueprints/Gameplay/ATBTT_PlayerController.ATBTT_PlayerController_C:ExecuteUbergraph_ATBTT_PlayerController:19BF
[2017.03.21-01.01.08:195][  1]LogScript:Warning: Script call stack:
	Function /Game/AdvancedTurnBasedTileToolkit/Blueprints/Gameplay/ATBTT_PlayerController.ATBTT_PlayerController_C:ReceiveTick
	Function /Game/AdvancedTurnBasedTileToolkit/Blueprints/Gameplay/ATBTT_PlayerController.ATBTT_PlayerController_C:ExecuteUbergraph_ATBTT_PlayerController

[2017.03.21-01.01.08:195][  1]LogScript:Warning: Accessed None trying to read property Grid_Manager_Ref
	ATBTT_PlayerController_C /Temp/Autosaves/Game/AdvancedTurnBasedTileToolkit/Maps/UEDPCMainMenu.MainMenu:PersistentLevel.ATBTT_PlayerController_C_0
	Function /Game/AdvancedTurnBasedTileToolkit/Blueprints/Gameplay/ATBTT_PlayerController.ATBTT_PlayerController_C:ExecuteUbergraph_ATBTT_PlayerController:1C02
[2017.03.21-01.01.08:195][  1]LogScript:Warning: Script call stack:
	Function /Game/AdvancedTurnBasedTileToolkit/Blueprints/Gameplay/ATBTT_PlayerController.ATBTT_PlayerController_C:ReceiveTick
	Function /Game/AdvancedTurnBasedTileToolkit/Blueprints/Gameplay/ATBTT_PlayerController.ATBTT_PlayerController_C:ExecuteUbergraph_ATBTT_PlayerController

[2017.03.21-01.01.08:195][  1]LogScript:Warning: Accessed None trying to read property Grid_Manager_Ref
	ATBTT_PlayerController_C /Temp/Autosaves/Game/AdvancedTurnBasedTileToolkit/Maps/UEDPCMainMenu.MainMenu:PersistentLevel.ATBTT_PlayerController_C_0
	Function /Game/AdvancedTurnBasedTileToolkit/Blueprints/Gameplay/ATBTT_PlayerController.ATBTT_PlayerController_C:ExecuteUbergraph_ATBTT_PlayerController:0F9C
[2017.03.21-01.01.08:195][  1]LogScript:Warning: Script call stack:
	Function /Game/AdvancedTurnBasedTileToolkit/Blueprints/Gameplay/ATBTT_PlayerController.ATBTT_PlayerController_C:ReceiveTick
	Function /Game/AdvancedTurnBasedTileToolkit/Blueprints/Gameplay/ATBTT_PlayerController.ATBTT_PlayerController_C:ExecuteUbergraph_ATBTT_PlayerController

[2017.03.21-01.01.08:195][  1]LogScript:Warning: Accessed None trying to read property Grid_Manager_Ref
	ATBTT_PlayerController_C /Temp/Autosaves/Game/AdvancedTurnBasedTileToolkit/Maps/UEDPCMainMenu.MainMenu:PersistentLevel.ATBTT_PlayerController_C_0
	Function /Game/AdvancedTurnBasedTileToolkit/Blueprints/Gameplay/ATBTT_PlayerController.ATBTT_PlayerController_C:ExecuteUbergraph_ATBTT_PlayerController:1025
[2017.03.21-01.01.08:195][  1]LogScript:Warning: Script call stack:
	Function /Game/AdvancedTurnBasedTileToolkit/Blueprints/Gameplay/ATBTT_PlayerController.ATBTT_PlayerController_C:ReceiveTick
	Function /Game/AdvancedTurnBasedTileToolkit/Blueprints/Gameplay/ATBTT_PlayerController.ATBTT_PlayerController_C:ExecuteUbergraph_ATBTT_PlayerController

[2017.03.21-01.01.08:195][  1]LogScript:Warning: Accessed None
	ATBTT_PlayerController_C /Temp/Autosaves/Game/AdvancedTurnBasedTileToolkit/Maps/UEDPCMainMenu.MainMenu:PersistentLevel.ATBTT_PlayerController_C_0
	Function /Game/AdvancedTurnBasedTileToolkit/Blueprints/Gameplay/ATBTT_PlayerController.ATBTT_PlayerController_C:ExecuteUbergraph_ATBTT_PlayerController:103A
[2017.03.21-01.01.08:195][  1]LogScript:Warning: Script call stack:
	Function /Game/AdvancedTurnBasedTileToolkit/Blueprints/Gameplay/ATBTT_PlayerController.ATBTT_PlayerController_C:ReceiveTick
	Function /Game/AdvancedTurnBasedTileToolkit/Blueprints/Gameplay/ATBTT_PlayerController.ATBTT_PlayerController_C:ExecuteUbergraph_ATBTT_PlayerController

[2017.03.21-01.01.08:195][  1]LogScript:Warning: Accessed None trying to read property Grid_Manager_Ref
	ATBTT_PlayerController_C /Temp/Autosaves/Game/AdvancedTurnBasedTileToolkit/Maps/UEDPCMainMenu.MainMenu:PersistentLevel.ATBTT_PlayerController_C_0
	Function /Game/AdvancedTurnBasedTileToolkit/Blueprints/Gameplay/ATBTT_PlayerController.ATBTT_PlayerController_C:ExecuteUbergraph_ATBTT_PlayerController:0FE0
[2017.03.21-01.01.08:195][  1]LogScript:Warning: Script call stack:
	Function /Game/AdvancedTurnBasedTileToolkit/Blueprints/Gameplay/ATBTT_PlayerController.ATBTT_PlayerController_C:ReceiveTick
	Function /Game/AdvancedTurnBasedTileToolkit/Blueprints/Gameplay/ATBTT_PlayerController.ATBTT_PlayerController_C:ExecuteUbergraph_ATBTT_PlayerController

[2017.03.21-01.01.08:195][  1]LogScript:Warning: Accessed None trying to read property CurrentPawn
	BP_Grid_Camera_C /Temp/Autosaves/Game/AdvancedTurnBasedTileToolkit/Maps/UEDPCMainMenu.MainMenu:PersistentLevel.BP_Grid_Camera_C_0
	Function /Game/AdvancedTurnBasedTileToolkit/Blueprints/Gameplay/BP_Grid_Camera.BP_Grid_Camera_C:ExecuteUbergraph_BP_Grid_Camera:15F3
[2017.03.21-01.01.08:195][  1]LogScript:Warning: Script call stack:
	Function /Game/AdvancedTurnBasedTileToolkit/Blueprints/Gameplay/BP_Grid_Camera.BP_Grid_Camera_C:ReceiveTick
	Function /Game/AdvancedTurnBasedTileToolkit/Blueprints/Gameplay/BP_Grid_Camera.BP_Grid_Camera_C:ExecuteUbergraph_BP_Grid_Camera

[2017.03.21-01.01.08:195][  1]LogScript:Warning: Accessed None trying to read property CurrentPawn
	BP_Grid_Camera_C /Temp/Autosaves/Game/AdvancedTurnBasedTileToolkit/Maps/UEDPCMainMenu.MainMenu:PersistentLevel.BP_Grid_Camera_C_0
	Function /Game/AdvancedTurnBasedTileToolkit/Blueprints/Gameplay/BP_Grid_Camera.BP_Grid_Camera_C:ExecuteUbergraph_BP_Grid_Camera:1A08
[2017.03.21-01.01.08:195][  1]LogScript:Warning: Script call stack:
	Function /Game/AdvancedTurnBasedTileToolkit/Blueprints/Gameplay/BP_Grid_Camera.BP_Grid_Camera_C:ReceiveTick
	Function /Game/AdvancedTurnBasedTileToolkit/Blueprints/Gameplay/BP_Grid_Camera.BP_Grid_Camera_C:ExecuteUbergraph_BP_Grid_Camera

[2017.03.21-01.01.08:211][  2]LogScript:Warning: Accessed None trying to read property CurrentPawn
	ATBTT_PlayerController_C /Temp/Autosaves/Game/AdvancedTurnBasedTileToolkit/Maps/UEDPCMainMenu.MainMenu:PersistentLevel.ATBTT_PlayerController_C_0
	Function /Game/AdvancedTurnBasedTileToolkit/Blueprints/Gameplay/ATBTT_PlayerController.ATBTT_PlayerController_C:ExecuteUbergraph_ATBTT_PlayerController:18F8
[2017.03.21-01.01.08:211][  2]LogScript:Warning: Script call stack:
	Function /Game/AdvancedTurnBasedTileToolkit/Blueprints/Gameplay/ATBTT_PlayerController.ATBTT_PlayerController_C:ReceiveTick
	Function /Game/AdvancedTurnBasedTileToolkit/Blueprints/Gameplay/ATBTT_PlayerController.ATBTT_PlayerController_C:ExecuteUbergraph_ATBTT_PlayerController

[2017.03.21-01.01.08:211][  2]LogScript:Warning: Accessed None trying to read property Grid_Manager_Ref
	ATBTT_PlayerController_C /Temp/Autosaves/Game/AdvancedTurnBasedTileToolkit/Maps/UEDPCMainMenu.MainMenu:PersistentLevel.ATBTT_PlayerController_C_0
	Function /Game/AdvancedTurnBasedTileToolkit/Blueprints/Gameplay/ATBTT_PlayerController.ATBTT_PlayerController_C:ExecuteUbergraph_ATBTT_PlayerController:1918
[2017.03.21-01.01.08:211][  2]LogScript:Warning: Script call stack:
	Function /Game/AdvancedTurnBasedTileToolkit/Blueprints/Gameplay/ATBTT_PlayerController.ATBTT_PlayerController_C:ReceiveTick
	Function /Game/AdvancedTurnBasedTileToolkit/Blueprints/Gameplay/ATBTT_PlayerController.ATBTT_PlayerController_C:ExecuteUbergraph_ATBTT_PlayerController

[2017.03.21-01.01.08:211][  2]LogScript:Warning: Accessed None trying to read property Grid_Manager_Ref
	ATBTT_PlayerController_C /Temp/Autosaves/Game/AdvancedTurnBasedTileToolkit/Maps/UEDPCMainMenu.MainMenu:PersistentLevel.ATBTT_PlayerController_C_0
	Function /Game/AdvancedTurnBasedTileToolkit/Blueprints/Gameplay/ATBTT_PlayerController.ATBTT_PlayerController_C:ExecuteUbergraph_ATBTT_PlayerController:19BF
[2017.03.21-01.01.08:211][  2]LogScript:Warning: Script call stack:
	Function /Game/AdvancedTurnBasedTileToolkit/Blueprints/Gameplay/ATBTT_PlayerController.ATBTT_PlayerController_C:ReceiveTick
	Function /Game/AdvancedTurnBasedTileToolkit/Blueprints/Gameplay/ATBTT_PlayerController.ATBTT_PlayerController_C:ExecuteUbergraph_ATBTT_PlayerController

[2017.03.21-01.01.08:211][  2]LogScript:Warning: Accessed None trying to read property Grid_Manager_Ref
	ATBTT_PlayerController_C /Temp/Autosaves/Game/AdvancedTurnBasedTileToolkit/Maps/UEDPCMainMenu.MainMenu:PersistentLevel.ATBTT_PlayerController_C_0
	Function /Game/AdvancedTurnBasedTileToolkit/Blueprints/Gameplay/ATBTT_PlayerController.ATBTT_PlayerController_C:ExecuteUbergraph_ATBTT_PlayerController:1C02
[2017.03.21-01.01.08:211][  2]LogScript:Warning: Script call stack:
	Function /Game/AdvancedTurnBasedTileToolkit/Blueprints/Gameplay/ATBTT_PlayerController.ATBTT_PlayerController_C:ReceiveTick
	Function /Game/AdvancedTurnBasedTileToolkit/Blueprints/Gameplay/ATBTT_PlayerController.ATBTT_PlayerController_C:ExecuteUbergraph_ATBTT_PlayerController

[2017.03.21-01.01.08:211][  2]LogScript:Warning: Accessed None trying to read property Grid_Manager_Ref
	ATBTT_PlayerController_C /Temp/Autosaves/Game/AdvancedTurnBasedTileToolkit/Maps/UEDPCMainMenu.MainMenu:PersistentLevel.ATBTT_PlayerController_C_0
	Function /Game/AdvancedTurnBasedTileToolkit/Blueprints/Gameplay/ATBTT_PlayerController.ATBTT_PlayerController_C:ExecuteUbergraph_ATBTT_PlayerController:0F9C
[2017.03.21-01.01.08:211][  2]LogScript:Warning: Script call stack:
	Function /Game/AdvancedTurnBasedTileToolkit/Blueprints/Gameplay/ATBTT_PlayerController.ATBTT_PlayerController_C:ReceiveTick
	Function /Game/AdvancedTurnBasedTileToolkit/Blueprints/Gameplay/ATBTT_PlayerController.ATBTT_PlayerController_C:ExecuteUbergraph_ATBTT_PlayerController

[2017.03.21-01.01.08:211][  2]LogScript:Warning: Accessed None trying to read property Grid_Manager_Ref
	ATBTT_PlayerController_C /Temp/Autosaves/Game/AdvancedTurnBasedTileToolkit/Maps/UEDPCMainMenu.MainMenu:PersistentLevel.ATBTT_PlayerController_C_0
	Function /Game/AdvancedTurnBasedTileToolkit/Blueprints/Gameplay/ATBTT_PlayerController.ATBTT_PlayerController_C:ExecuteUbergraph_ATBTT_PlayerController:1025
[2017.03.21-01.01.08:211][  2]LogScript:Warning: Script call stack:
	Function /Game/AdvancedTurnBasedTileToolkit/Blueprints/Gameplay/ATBTT_PlayerController.ATBTT_PlayerController_C:ReceiveTick
	Function /Game/AdvancedTurnBasedTileToolkit/Blueprints/Gameplay/ATBTT_PlayerController.ATBTT_PlayerController_C:ExecuteUbergraph_ATBTT_PlayerController

[2017.03.21-01.01.08:211][  2]LogScript:Warning: Accessed None
	ATBTT_PlayerController_C /Temp/Autosaves/Game/AdvancedTurnBasedTileToolkit/Maps/UEDPCMainMenu.MainMenu:PersistentLevel.ATBTT_PlayerController_C_0
	Function /Game/AdvancedTurnBasedTileToolkit/Blueprints/Gameplay/ATBTT_PlayerController.ATBTT_PlayerController_C:ExecuteUbergraph_ATBTT_PlayerController:103A
[2017.03.21-01.01.08:211][  2]LogScript:Warning: Script call stack:
	Function /Game/AdvancedTurnBasedTileToolkit/Blueprints/Gameplay/ATBTT_PlayerController.ATBTT_PlayerController_C:ReceiveTick
	Function /Game/AdvancedTurnBasedTileToolkit/Blueprints/Gameplay/ATBTT_PlayerController.ATBTT_PlayerController_C:ExecuteUbergraph_ATBTT_PlayerController

[2017.03.21-01.01.08:211][  2]LogScript:Warning: Accessed None trying to read property Grid_Manager_Ref
	ATBTT_PlayerController_C /Temp/Autosaves/Game/AdvancedTurnBasedTileToolkit/Maps/UEDPCMainMenu.MainMenu:PersistentLevel.ATBTT_PlayerController_C_0
	Function /Game/AdvancedTurnBasedTileToolkit/Blueprints/Gameplay/ATBTT_PlayerController.ATBTT_PlayerController_C:ExecuteUbergraph_ATBTT_PlayerController:0FE0
[2017.03.21-01.01.08:211][  2]LogScript:Warning: Script call stack:
	Function /Game/AdvancedTurnBasedTileToolkit/Blueprints/Gameplay/ATBTT_PlayerController.ATBTT_PlayerController_C:ReceiveTick
	Function /Game/AdvancedTurnBasedTileToolkit/Blueprints/Gameplay/ATBTT_PlayerController.ATBTT_PlayerController_C:ExecuteUbergraph_ATBTT_PlayerController

[2017.03.21-01.01.08:211][  2]LogScript:Warning: Accessed None trying to read property CurrentPawn
	BP_Grid_Camera_C /Temp/Autosaves/Game/AdvancedTurnBasedTileToolkit/Maps/UEDPCMainMenu.MainMenu:PersistentLevel.BP_Grid_Camera_C_0
	Function /Game/AdvancedTurnBasedTileToolkit/Blueprints/Gameplay/BP_Grid_Camera.BP_Grid_Camera_C:ExecuteUbergraph_BP_Grid_Camera:15F3
[2017.03.21-01.01.08:211][  2]LogScript:Warning: Script call stack:
	Function /Game/AdvancedTurnBasedTileToolkit/Blueprints/Gameplay/BP_Grid_Camera.BP_Grid_Camera_C:ReceiveTick
	Function /Game/AdvancedTurnBasedTileToolkit/Blueprints/Gameplay/BP_Grid_Camera.BP_Grid_Camera_C:ExecuteUbergraph_BP_Grid_Camera

[2017.03.21-01.01.08:211][  2]LogScript:Warning: Accessed None trying to read property CurrentPawn
	BP_Grid_Camera_C /Temp/Autosaves/Game/AdvancedTurnBasedTileToolkit/Maps/UEDPCMainMenu.MainMenu:PersistentLevel.BP_Grid_Camera_C_0
	Function /Game/AdvancedTurnBasedTileToolkit/Blueprints/Gameplay/BP_Grid_Camera.BP_Grid_Camera_C:ExecuteUbergraph_BP_Grid_Camera:183A
[2017.03.21-01.01.08:211][  2]LogScript:Warning: Script call stack:
	Function /Game/AdvancedTurnBasedTileToolkit/Blueprints/Gameplay/BP_Grid_Camera.BP_Grid_Camera_C:ReceiveTick
	Function /Game/AdvancedTurnBasedTileToolkit/Blueprints/Gameplay/BP_Grid_Camera.BP_Grid_Camera_C:ExecuteUbergraph_BP_Grid_Camera

[2017.03.21-01.01.08:211][  2]LogScript:Warning: Accessed None trying to read property CurrentPawn
	BP_Grid_Camera_C /Temp/Autosaves/Game/AdvancedTurnBasedTileToolkit/Maps/UEDPCMainMenu.MainMenu:PersistentLevel.BP_Grid_Camera_C_0
	Function /Game/AdvancedTurnBasedTileToolkit/Blueprints/Gameplay/BP_Grid_Camera.BP_Grid_Camera_C:ExecuteUbergraph_BP_Grid_Camera:1A08
[2017.03.21-01.01.08:211][  2]LogScript:Warning: Script call stack:
	Function /Game/AdvancedTurnBasedTileToolkit/Blueprints/Gameplay/BP_Grid_Camera.BP_Grid_Camera_C:ReceiveTick
	Function /Game/AdvancedTurnBasedTileToolkit/Blueprints/Gameplay/BP_Grid_Camera.BP_Grid_Camera_C:ExecuteUbergraph_BP_Grid_Camera

[2017.03.21-01.01.08:329][  3]LogScript:Warning: Accessed None trying to read property CurrentPawn
	ATBTT_PlayerController_C /Temp/Autosaves/Game/AdvancedTurnBasedTileToolkit/Maps/UEDPCMainMenu.MainMenu:PersistentLevel.ATBTT_PlayerController_C_0
	Function /Game/AdvancedTurnBasedTileToolkit/Blueprints/Gameplay/ATBTT_PlayerController.ATBTT_PlayerController_C:ExecuteUbergraph_ATBTT_PlayerController:18F8
[2017.03.21-01.01.08:329][  3]LogScript:Warning: Script call stack:
	Function /Game/AdvancedTurnBasedTileToolkit/Blueprints/Gameplay/ATBTT_PlayerController.ATBTT_PlayerController_C:ReceiveTick
	Function /Game/AdvancedTurnBasedTileToolkit/Blueprints/Gameplay/ATBTT_PlayerController.ATBTT_PlayerController_C:ExecuteUbergraph_ATBTT_PlayerController

[2017.03.21-01.01.08:329][  3]LogScript:Warning: Accessed None trying to read property CurrentPawn
	BP_Grid_Camera_C /Temp/Autosaves/Game/AdvancedTurnBasedTileToolkit/Maps/UEDPCMainMenu.MainMenu:PersistentLevel.BP_Grid_Camera_C_0
	Function /Game/AdvancedTurnBasedTileToolkit/Blueprints/Gameplay/BP_Grid_Camera.BP_Grid_Camera_C:ExecuteUbergraph_BP_Grid_Camera:15F3
[2017.03.21-01.01.08:329][  3]LogScript:Warning: Script call stack:
	Function /Game/AdvancedTurnBasedTileToolkit/Blueprints/Gameplay/BP_Grid_Camera.BP_Grid_Camera_C:ReceiveTick
	Function /Game/AdvancedTurnBasedTileToolkit/Blueprints/Gameplay/BP_Grid_Camera.BP_Grid_Camera_C:ExecuteUbergraph_BP_Grid_Camera

[2017.03.21-01.01.08:329][  3]LogScript:Warning: Accessed None trying to read property CurrentPawn
	BP_Grid_Camera_C /Temp/Autosaves/Game/AdvancedTurnBasedTileToolkit/Maps/UEDPCMainMenu.MainMenu:PersistentLevel.BP_Grid_Camera_C_0
	Function /Game/AdvancedTurnBasedTileToolkit/Blueprints/Gameplay/BP_Grid_Camera.BP_Grid_Camera_C:ExecuteUbergraph_BP_Grid_Camera:183A
[2017.03.21-01.01.08:329][  3]LogScript:Warning: Script call stack:
	Function /Game/AdvancedTurnBasedTileToolkit/Blueprints/Gameplay/BP_Grid_Camera.BP_Grid_Camera_C:ReceiveTick
	Function /Game/AdvancedTurnBasedTileToolkit/Blueprints/Gameplay/BP_Grid_Camera.BP_Grid_Camera_C:ExecuteUbergraph_BP_Grid_Camera

[2017.03.21-01.01.08:329][  3]LogScript:Warning: Accessed None trying to read property CurrentPawn
	BP_Grid_Camera_C /Temp/Autosaves/Game/AdvancedTurnBasedTileToolkit/Maps/UEDPCMainMenu.MainMenu:PersistentLevel.BP_Grid_Camera_C_0
	Function /Game/AdvancedTurnBasedTileToolkit/Blueprints/Gameplay/BP_Grid_Camera.BP_Grid_Camera_C:ExecuteUbergraph_BP_Grid_Camera:1A08
[2017.03.21-01.01.08:329][  3]LogScript:Warning: Script call stack:
	Function /Game/AdvancedTurnBasedTileToolkit/Blueprints/Gameplay/BP_Grid_Camera.BP_Grid_Camera_C:ReceiveTick
	Function /Game/AdvancedTurnBasedTileToolkit/Blueprints/Gameplay/BP_Grid_Camera.BP_Grid_Camera_C:ExecuteUbergraph_BP_Grid_Camera

[2017.03.21-01.01.08:346][  4]LogScript:Warning: Accessed None trying to read property CurrentPawn
	BP_Grid_Camera_C /Temp/Autosaves/Game/AdvancedTurnBasedTileToolkit/Maps/UEDPCMainMenu.MainMenu:PersistentLevel.BP_Grid_Camera_C_0
	Function /Game/AdvancedTurnBasedTileToolkit/Blueprints/Gameplay/BP_Grid_Camera.BP_Grid_Camera_C:ExecuteUbergraph_BP_Grid_Camera:15F3
[2017.03.21-01.01.08:346][  4]LogScript:Warning: Script call stack:
	Function /Game/AdvancedTurnBasedTileToolkit/Blueprints/Gameplay/BP_Grid_Camera.BP_Grid_Camera_C:ReceiveTick
	Function /Game/AdvancedTurnBasedTileToolkit/Blueprints/Gameplay/BP_Grid_Camera.BP_Grid_Camera_C:ExecuteUbergraph_BP_Grid_Camera

[2017.03.21-01.01.08:346][  4]LogScript:Warning: Accessed None trying to read property CurrentPawn
	BP_Grid_Camera_C /Temp/Autosaves/Game/AdvancedTurnBasedTileToolkit/Maps/UEDPCMainMenu.MainMenu:PersistentLevel.BP_Grid_Camera_C_0
	Function /Game/AdvancedTurnBasedTileToolkit/Blueprints/Gameplay/BP_Grid_Camera.BP_Grid_Camera_C:ExecuteUbergraph_BP_Grid_Camera:183A
[2017.03.21-01.01.08:346][  4]LogScript:Warning: Script call stack:
	Function /Game/AdvancedTurnBasedTileToolkit/Blueprints/Gameplay/BP_Grid_Camera.BP_Grid_Camera_C:ReceiveTick
	Function /Game/AdvancedTurnBasedTileToolkit/Blueprints/Gameplay/BP_Grid_Camera.BP_Grid_Camera_C:ExecuteUbergraph_BP_Grid_Camera

[2017.03.21-01.01.08:346][  4]LogScript:Warning: Accessed None trying to read property CurrentPawn
	BP_Grid_Camera_C /Temp/Autosaves/Game/AdvancedTurnBasedTileToolkit/Maps/UEDPCMainMenu.MainMenu:PersistentLevel.BP_Grid_Camera_C_0
	Function /Game/AdvancedTurnBasedTileToolkit/Blueprints/Gameplay/BP_Grid_Camera.BP_Grid_Camera_C:ExecuteUbergraph_BP_Grid_Camera:1A08
[2017.03.21-01.01.08:346][  4]LogScript:Warning: Script call stack:
	Function /Game/AdvancedTurnBasedTileToolkit/Blueprints/Gameplay/BP_Grid_Camera.BP_Grid_Camera_C:ReceiveTick
	Function /Game/AdvancedTurnBasedTileToolkit/Blueprints/Gameplay/BP_Grid_Camera.BP_Grid_Camera_C:ExecuteUbergraph_BP_Grid_Camera

[2017.03.21-01.01.08:362][  5]LogScript:Warning: Accessed None trying to read property CurrentPawn
	BP_Grid_Camera_C /Temp/Autosaves/Game/AdvancedTurnBasedTileToolkit/Maps/UEDPCMainMenu.MainMenu:PersistentLevel.BP_Grid_Camera_C_0
	Function /Game/AdvancedTurnBasedTileToolkit/Blueprints/Gameplay/BP_Grid_Camera.BP_Grid_Camera_C:ExecuteUbergraph_BP_Grid_Camera:15F3
[2017.03.21-01.01.08:362][  5]LogScript:Warning: Script call stack:
	Function /Game/AdvancedTurnBasedTileToolkit/Blueprints/Gameplay/BP_Grid_Camera.BP_Grid_Camera_C:ReceiveTick
	Function /Game/AdvancedTurnBasedTileToolkit/Blueprints/Gameplay/BP_Grid_Camera.BP_Grid_Camera_C:ExecuteUbergraph_BP_Grid_Camera

[2017.03.21-01.01.08:363][  5]LogScript:Warning: Accessed None trying to read property CurrentPawn
	BP_Grid_Camera_C /Temp/Autosaves/Game/AdvancedTurnBasedTileToolkit/Maps/UEDPCMainMenu.MainMenu:PersistentLevel.BP_Grid_Camera_C_0
	Function /Game/AdvancedTurnBasedTileToolkit/Blueprints/Gameplay/BP_Grid_Camera.BP_Grid_Camera_C:ExecuteUbergraph_BP_Grid_Camera:183A
[2017.03.21-01.01.08:363][  5]LogScript:Warning: Script call stack:
	Function /Game/AdvancedTurnBasedTileToolkit/Blueprints/Gameplay/BP_Grid_Camera.BP_Grid_Camera_C:ReceiveTick
	Function /Game/AdvancedTurnBasedTileToolkit/Blueprints/Gameplay/BP_Grid_Camera.BP_Grid_Camera_C:ExecuteUbergraph_BP_Grid_Camera

[2017.03.21-01.01.08:363][  5]LogScript:Warning: Accessed None trying to read property CurrentPawn
	BP_Grid_Camera_C /Temp/Autosaves/Game/AdvancedTurnBasedTileToolkit/Maps/UEDPCMainMenu.MainMenu:PersistentLevel.BP_Grid_Camera_C_0
	Function /Game/AdvancedTurnBasedTileToolkit/Blueprints/Gameplay/BP_Grid_Camera.BP_Grid_Camera_C:ExecuteUbergraph_BP_Grid_Camera:1A08
[2017.03.21-01.01.08:363][  5]LogScript:Warning: Script call stack:
	Function /Game/AdvancedTurnBasedTileToolkit/Blueprints/Gameplay/BP_Grid_Camera.BP_Grid_Camera_C:ReceiveTick
	Function /Game/AdvancedTurnBasedTileToolkit/Blueprints/Gameplay/BP_Grid_Camera.BP_Grid_Camera_C:ExecuteUbergraph_BP_Grid_Camera

[2017.03.21-01.01.08:378][  6]LogScript:Warning: Accessed None trying to read property CurrentPawn
	BP_Grid_Camera_C /Temp/Autosaves/Game/AdvancedTurnBasedTileToolkit/Maps/UEDPCMainMenu.MainMenu:PersistentLevel.BP_Grid_Camera_C_0
	Function /Game/AdvancedTurnBasedTileToolkit/Blueprints/Gameplay/BP_Grid_Camera.BP_Grid_Camera_C:ExecuteUbergraph_BP_Grid_Camera:15F3
[2017.03.21-01.01.08:378][  6]LogScript:Warning: Script call stack:
	Function /Game/AdvancedTurnBasedTileToolkit/Blueprints/Gameplay/BP_Grid_Camera.BP_Grid_Camera_C:ReceiveTick
	Function /Game/AdvancedTurnBasedTileToolkit/Blueprints/Gameplay/BP_Grid_Camera.BP_Grid_Camera_C:ExecuteUbergraph_BP_Grid_Camera

[2017.03.21-01.01.08:378][  6]LogScript:Warning: Accessed None trying to read property CurrentPawn
	BP_Grid_Camera_C /Temp/Autosaves/Game/AdvancedTurnBasedTileToolkit/Maps/UEDPCMainMenu.MainMenu:PersistentLevel.BP_Grid_Camera_C_0
	Function /Game/AdvancedTurnBasedTileToolkit/Blueprints/Gameplay/BP_Grid_Camera.BP_Grid_Camera_C:ExecuteUbergraph_BP_Grid_Camera:183A
[2017.03.21-01.01.08:378][  6]LogScript:Warning: Script call stack:
	Function /Game/AdvancedTurnBasedTileToolkit/Blueprints/Gameplay/BP_Grid_Camera.BP_Grid_Camera_C:ReceiveTick
	Function /Game/AdvancedTurnBasedTileToolkit/Blueprints/Gameplay/BP_Grid_Camera.BP_Grid_Camera_C:ExecuteUbergraph_BP_Grid_Camera

[2017.03.21-01.01.08:378][  6]LogScript:Warning: Accessed None trying to read property CurrentPawn
	BP_Grid_Camera_C /Temp/Autosaves/Game/AdvancedTurnBasedTileToolkit/Maps/UEDPCMainMenu.MainMenu:PersistentLevel.BP_Grid_Camera_C_0
	Function /Game/AdvancedTurnBasedTileToolkit/Blueprints/Gameplay/BP_Grid_Camera.BP_Grid_Camera_C:ExecuteUbergraph_BP_Grid_Camera:1A08
[2017.03.21-01.01.08:378][  6]LogScript:Warning: Script call stack:
	Function /Game/AdvancedTurnBasedTileToolkit/Blueprints/Gameplay/BP_Grid_Camera.BP_Grid_Camera_C:ReceiveTick
	Function /Game/AdvancedTurnBasedTileToolkit/Blueprints/Gameplay/BP_Grid_Camera.BP_Grid_Camera_C:ExecuteUbergraph_BP_Grid_Camera

[2017.03.21-01.01.09:593][ 81]LogSlate: Took 0.000242 seconds to synchronously load lazily loaded font '../../../Engine/Content/Slate/Fonts/Roboto-Regular.ttf' (155K)
[2017.03.21-01.01.12:025][232]LogNetVersion: GetLocalNetworkVersion: CL: 3299760, ProjectName: dmt_v, ProjectVersion: 1.61, EngineNetworkVersion: 2, GameNetworkVersion: 0, NetworkChecksum: 3405603401
[2017.03.21-01.01.14:977][246]LogPackageName: SearchForPackageOnDisk took   0.083s to resolve Lobby.umap.
[2017.03.21-01.01.14:977][246]LogGameMode:Display: Match State Changed from InProgress to LeavingMap
[2017.03.21-01.01.14:977][246]LogGameState: Match State Changed from InProgress to LeavingMap
[2017.03.21-01.01.15:050][246]LogPackageName: SearchForPackageOnDisk took   0.073s to resolve Lobby.umap.
[2017.03.21-01.01.15:050][246]LogNet: Browse: /Game/AdvancedTurnBasedTileToolkit/Maps/Lobby?listen
[2017.03.21-01.01.15:050][246]LogLoad: LoadMap: /Game/AdvancedTurnBasedTileToolkit/Maps/Lobby?listen
[2017.03.21-01.01.15:198][246]LogMemory: Platform Memory Stats for Windows
[2017.03.21-01.01.15:198][246]LogMemory: Process Physical Memory: 901.01 MB used, 908.73 MB peak
[2017.03.21-01.01.15:198][246]LogMemory: Process Virtual Memory: 1071.21 MB used, 1145.80 MB peak
[2017.03.21-01.01.15:198][246]LogMemory: Physical Memory: 6827.13 MB used,  1339.84 MB free, 8166.97 MB total
[2017.03.21-01.01.15:198][246]LogMemory: Virtual Memory: 1717.24 MB used,  1339.84 MB free, 8388608.00 MB total
[2017.03.21-01.01.15:198][246]LogMemory: 
[2017.03.21-01.01.15:198][246]Allocator Stats for TBB: (not implemented)
[2017.03.21-01.01.17:707][246]LogProperty:Error: UStructProperty::Serialize Loading: Property 'StructProperty /Game/AdvancedTurnBasedTileToolkit/Blueprints/Gameplay/Inventory_DragDropOperation.Inventory_DragDropOperation_C:Item'. Unknown structure.
[2017.03.21-01.01.17:707][246]LogClass:Warning: Property Item of Item has a struct type mismatch (tag STRUCT_REINST_Struct_Item_0 != prop FallbackStruct) in package:  ../../../../../../Users/Matt/Documents/Unreal Projects/DMT_V 4.15/DMT_V 4.15/Content/AdvancedTurnBasedTileToolkit/Blueprints/Gameplay/Inventory_DragDropOperation.uasset. If that struct got renamed, add an entry to ActiveStructRedirects.
[2017.03.21-01.01.17:713][246]LogClass:Warning: Property Item of Item has a struct type mismatch (tag FallbackStruct != prop Struct_Item) in package:  FObjectReader. If that struct got renamed, add an entry to ActiveStructRedirects.
[2017.03.21-01.01.20:874][246]LogClass:Warning: Enum '/Game/AdvancedTurnBasedTileToolkit/Blueprints/Gameplay/Enums/Enum_Faction.Enum_Faction' was upgraded to use FText to store its display name data. Please re-save this asset to avoid issues with localization and determinstic cooking.
[2017.03.21-01.01.20:963][246]LogClass:Warning: Enum '/Game/AdvancedTurnBasedTileToolkit/Maps/2D_Game_Example/Blueprints/Enums/Enum_Item_Type.Enum_Item_Type' was upgraded to use FText to store its display name data. Please re-save this asset to avoid issues with localization and determinstic cooking.
[2017.03.21-01.01.21:003][246]LogClass:Warning: Enum '/Game/AdvancedTurnBasedTileToolkit/Blueprints/Gameplay/Enums/Enum_Height.Enum_Height' was upgraded to use FText to store its display name data. Please re-save this asset to avoid issues with localization and determinstic cooking.
[2017.03.21-01.01.21:003][246]LogClass:Warning: Enum '/Game/AdvancedTurnBasedTileToolkit/Blueprints/Gameplay/Enums/Enum_TileSpawn.Enum_TileSpawn' was upgraded to use FText to store its display name data. Please re-save this asset to avoid issues with localization and determinstic cooking.
[2017.03.21-01.01.21:003][246]LogClass:Warning: Enum '/Game/AdvancedTurnBasedTileToolkit/Blueprints/Gameplay/Enums/Enum_DisplayObject.Enum_DisplayObject' was upgraded to use FText to store its display name data. Please re-save this asset to avoid issues with localization and determinstic cooking.
[2017.03.21-01.01.21:073][246]LogClass:Warning: Enum '/Game/AdvancedTurnBasedTileToolkit/Blueprints/Gameplay/Enums/Enum_PathfindingType.Enum_PathfindingType' was upgraded to use FText to store its display name data. Please re-save this asset to avoid issues with localization and determinstic cooking.
[2017.03.21-01.01.21:073][246]LogClass:Warning: Enum '/Game/AdvancedTurnBasedTileToolkit/Blueprints/Gameplay/Enums/Enum_MovePriority.Enum_MovePriority' was upgraded to use FText to store its display name data. Please re-save this asset to avoid issues with localization and determinstic cooking.
[2017.03.21-01.01.21:116][246]LogAIModule: Creating AISystem for world Lobby
[2017.03.21-01.01.21:116][246]LogLoad: Game class is 'LobbyGM_C'
[2017.03.21-01.01.21:117][246]LogNet:Display: SteamNetDriver_0 bound to port 7777
[2017.03.21-01.01.21:117][246]PacketHandlerLog: Loaded PacketHandler component: Engine.EngineHandlerComponentFactory (StatelessConnectHandlerComponent)
[2017.03.21-01.01.21:117][246]LogNet: GameNetDriver SteamNetDriver_0 IpNetDriver listening on port 7777
[2017.03.21-01.01.21:122][246]LogScriptCore:Warning: Script Msg: Attempted to access index 0 from array CallFunc_GetAllActorsOfClass_OutActors of length 0!
[2017.03.21-01.01.21:122][246]LogScriptCore:Warning: Script Msg: Attempted to access index 0 from array CallFunc_GetAllActorsOfClass_OutActors of length 0!
[2017.03.21-01.01.21:122][246]LogScript:Warning: Accessed None trying to read property CallFunc_Array_Get_Item2
	Unit_Player_Melee_C /Game/AdvancedTurnBasedTileToolkit/Maps/Lobby.Lobby:PersistentLevel.Unit_Player_Melee_107
	Function /Game/AdvancedTurnBasedTileToolkit/Blueprints/Pawns/Unit_Parent.Unit_Parent_C:UserConstructionScript:0187
[2017.03.21-01.01.21:122][246]LogScript:Warning: Script call stack:
	Function /Game/AdvancedTurnBasedTileToolkit/Blueprints/Pawns/Unit_Player_Melee.Unit_Player_Melee_C:UserConstructionScript
	Function /Game/AdvancedTurnBasedTileToolkit/Blueprints/Pawns/Unit_Parent.Unit_Parent_C:UserConstructionScript

[2017.03.21-01.01.21:122][246]LogScriptCore:Warning: Script Msg: Attempted to access index 0 from array CallFunc_GetAllActorsOfClass_OutActors of length 0!
[2017.03.21-01.01.21:122][246]LogScript:Warning: Accessed None trying to read property CallFunc_Array_Get_Item2
	Unit_Player_Melee_C /Game/AdvancedTurnBasedTileToolkit/Maps/Lobby.Lobby:PersistentLevel.Unit_Player_Melee_107
	Function /Game/AdvancedTurnBasedTileToolkit/Blueprints/Pawns/Unit_Parent.Unit_Parent_C:UserConstructionScript:03A6
[2017.03.21-01.01.21:122][246]LogScript:Warning: Script call stack:
	Function /Game/AdvancedTurnBasedTileToolkit/Blueprints/Pawns/Unit_Player_Melee.Unit_Player_Melee_C:UserConstructionScript
	Function /Game/AdvancedTurnBasedTileToolkit/Blueprints/Pawns/Unit_Parent.Unit_Parent_C:UserConstructionScript

[2017.03.21-01.01.21:122][246]LogScript:Warning: Accessed None trying to read property GridManager_Ref
	Unit_Player_Melee_C /Game/AdvancedTurnBasedTileToolkit/Maps/Lobby.Lobby:PersistentLevel.Unit_Player_Melee_107
	Function /Game/AdvancedTurnBasedTileToolkit/Blueprints/Pawns/Unit_Parent.Unit_Parent_C:UserConstructionScript:0321
[2017.03.21-01.01.21:122][246]LogScript:Warning: Script call stack:
	Function /Game/AdvancedTurnBasedTileToolkit/Blueprints/Pawns/Unit_Player_Melee.Unit_Player_Melee_C:UserConstructionScript
	Function /Game/AdvancedTurnBasedTileToolkit/Blueprints/Pawns/Unit_Parent.Unit_Parent_C:UserConstructionScript

[2017.03.21-01.01.21:123][246]LogScriptCore:Warning: Script Msg: Attempted to access index 0 from array CallFunc_GetAllActorsOfClass_OutActors of length 0!
[2017.03.21-01.01.21:123][246]LogScriptCore:Warning: Script Msg: Attempted to access index 0 from array CallFunc_GetAllActorsOfClass_OutActors of length 0!
[2017.03.21-01.01.21:123][246]LogScript:Warning: Accessed None trying to read property CallFunc_Array_Get_Item2
	Unit_Player_Melee_C /Game/AdvancedTurnBasedTileToolkit/Maps/Lobby.Lobby:PersistentLevel.Unit_Player_Melee2
	Function /Game/AdvancedTurnBasedTileToolkit/Blueprints/Pawns/Unit_Parent.Unit_Parent_C:UserConstructionScript:0187
[2017.03.21-01.01.21:123][246]LogScript:Warning: Script call stack:
	Function /Game/AdvancedTurnBasedTileToolkit/Blueprints/Pawns/Unit_Player_Melee.Unit_Player_Melee_C:UserConstructionScript
	Function /Game/AdvancedTurnBasedTileToolkit/Blueprints/Pawns/Unit_Parent.Unit_Parent_C:UserConstructionScript

[2017.03.21-01.01.21:123][246]LogScriptCore:Warning: Script Msg: Attempted to access index 0 from array CallFunc_GetAllActorsOfClass_OutActors of length 0!
[2017.03.21-01.01.21:123][246]LogScript:Warning: Accessed None trying to read property CallFunc_Array_Get_Item2
	Unit_Player_Melee_C /Game/AdvancedTurnBasedTileToolkit/Maps/Lobby.Lobby:PersistentLevel.Unit_Player_Melee2
	Function /Game/AdvancedTurnBasedTileToolkit/Blueprints/Pawns/Unit_Parent.Unit_Parent_C:UserConstructionScript:03A6
[2017.03.21-01.01.21:123][246]LogScript:Warning: Script call stack:
	Function /Game/AdvancedTurnBasedTileToolkit/Blueprints/Pawns/Unit_Player_Melee.Unit_Player_Melee_C:UserConstructionScript
	Function /Game/AdvancedTurnBasedTileToolkit/Blueprints/Pawns/Unit_Parent.Unit_Parent_C:UserConstructionScript

[2017.03.21-01.01.21:123][246]LogScript:Warning: Accessed None trying to read property GridManager_Ref
	Unit_Player_Melee_C /Game/AdvancedTurnBasedTileToolkit/Maps/Lobby.Lobby:PersistentLevel.Unit_Player_Melee2
	Function /Game/AdvancedTurnBasedTileToolkit/Blueprints/Pawns/Unit_Parent.Unit_Parent_C:UserConstructionScript:0321
[2017.03.21-01.01.21:123][246]LogScript:Warning: Script call stack:
	Function /Game/AdvancedTurnBasedTileToolkit/Blueprints/Pawns/Unit_Player_Melee.Unit_Player_Melee_C:UserConstructionScript
	Function /Game/AdvancedTurnBasedTileToolkit/Blueprints/Pawns/Unit_Parent.Unit_Parent_C:UserConstructionScript

[2017.03.21-01.01.21:123][246]LogWorld: Bringing World /Game/AdvancedTurnBasedTileToolkit/Maps/Lobby.Lobby up for play (max tick rate 0) at 2017.03.20-21.01.21
[2017.03.21-01.01.21:124][246]LogWorld: Bringing up level for play took: 0.005761
[2017.03.21-01.01.21:128][246]LogScriptCore:Warning: Script Msg: Attempted to access index 0 from array CallFunc_GetAllActorsOfClass_OutActors of length 0!
[2017.03.21-01.01.21:128][246]LogScriptCore:Warning: Script Msg: Attempted to access index 0 from array CallFunc_GetAllActorsOfClass_OutActors of length 0!
[2017.03.21-01.01.21:128][246]LogScript:Warning: Accessed None trying to read property CallFunc_Array_Get_Item2
	Unit_Player_Melee_C /Game/AdvancedTurnBasedTileToolkit/Maps/Lobby.Lobby:PersistentLevel.Unit_Player_Melee_C_10
	Function /Game/AdvancedTurnBasedTileToolkit/Blueprints/Pawns/Unit_Parent.Unit_Parent_C:UserConstructionScript:0187
[2017.03.21-01.01.21:128][246]LogScript:Warning: Script call stack:
	Function /Game/AdvancedTurnBasedTileToolkit/Blueprints/Pawns/Unit_Player_Melee.Unit_Player_Melee_C:UserConstructionScript
	Function /Game/AdvancedTurnBasedTileToolkit/Blueprints/Pawns/Unit_Parent.Unit_Parent_C:UserConstructionScript

[2017.03.21-01.01.21:128][246]LogScriptCore:Warning: Script Msg: Attempted to access index 0 from array CallFunc_GetAllActorsOfClass_OutActors of length 0!
[2017.03.21-01.01.21:128][246]LogScript:Warning: Accessed None trying to read property CallFunc_Array_Get_Item2
	Unit_Player_Melee_C /Game/AdvancedTurnBasedTileToolkit/Maps/Lobby.Lobby:PersistentLevel.Unit_Player_Melee_C_10
	Function /Game/AdvancedTurnBasedTileToolkit/Blueprints/Pawns/Unit_Parent.Unit_Parent_C:UserConstructionScript:03A6
[2017.03.21-01.01.21:128][246]LogScript:Warning: Script call stack:
	Function /Game/AdvancedTurnBasedTileToolkit/Blueprints/Pawns/Unit_Player_Melee.Unit_Player_Melee_C:UserConstructionScript
	Function /Game/AdvancedTurnBasedTileToolkit/Blueprints/Pawns/Unit_Parent.Unit_Parent_C:UserConstructionScript

[2017.03.21-01.01.21:128][246]LogScript:Warning: Accessed None trying to read property GridManager_Ref
	Unit_Player_Melee_C /Game/AdvancedTurnBasedTileToolkit/Maps/Lobby.Lobby:PersistentLevel.Unit_Player_Melee_C_10
	Function /Game/AdvancedTurnBasedTileToolkit/Blueprints/Pawns/Unit_Parent.Unit_Parent_C:UserConstructionScript:0321
[2017.03.21-01.01.21:128][246]LogScript:Warning: Script call stack:
	Function /Game/AdvancedTurnBasedTileToolkit/Blueprints/Pawns/Unit_Player_Melee.Unit_Player_Melee_C:UserConstructionScript
	Function /Game/AdvancedTurnBasedTileToolkit/Blueprints/Pawns/Unit_Parent.Unit_Parent_C:UserConstructionScript

[2017.03.21-01.01.21:128][246]LogGameMode:Display: Match State Changed from EnteringMap to WaitingToStart
[2017.03.21-01.01.21:128][246]LogGameState: Match State Changed from EnteringMap to WaitingToStart
[2017.03.21-01.01.21:128][246]LogGameMode:Display: Match State Changed from WaitingToStart to InProgress
[2017.03.21-01.01.21:129][246]LogGameState: Match State Changed from WaitingToStart to InProgress
[2017.03.21-01.01.21:129][246]LogLoad: Took 6.079077 seconds to LoadMap(/Game/AdvancedTurnBasedTileToolkit/Maps/Lobby)
[2017.03.21-01.01.21:130][246]LogScriptCore:Warning: Script Msg: Attempted to access index 0 from array CallFunc_GetAllActorsOfClass_OutActors of length 0!
[2017.03.21-01.01.21:130][246]LogScriptCore:Warning: Script Msg: Attempted to access index 0 from array CallFunc_GetAllActorsOfClass_OutActors2 of length 0!
[2017.03.21-01.01.21:130][246]LogScriptCore:Warning: Script Msg: Attempted to access index 0 from array CallFunc_GetAllActorsOfClass_OutActors of length 0!
[2017.03.21-01.01.21:130][246]LogScriptCore:Warning: Script Msg: Attempted to access index 0 from array CallFunc_GetAllActorsOfClass_OutActors2 of length 0!
[2017.03.21-01.01.21:130][246]LogScriptCore:Warning: Script Msg: Attempted to access index 0 from array CallFunc_GetAllActorsOfClass_OutActors of length 0!
[2017.03.21-01.01.21:130][246]LogScriptCore:Warning: Script Msg: Attempted to access index 0 from array CallFunc_GetAllActorsOfClass_OutActors2 of length 0!
[2017.03.21-01.01.21:167][247]LogNet: UNetDriver::TickDispatch: Very long time between ticks. DeltaTime: 6.19, Realtime: 0.04. SteamNetDriver_0
[2017.03.21-01.01.28:093][667]LogNet: NotifyAcceptingConnection accepted from: 76561198369200457:7777
[2017.03.21-01.01.28:093][667]LogHandshake: SendConnectChallenge. Timestamp: 15.860120, Cookie: 165209005254095172162001253240102150181073165254220239212165
[2017.03.21-01.01.28:094][667]LogNet: NotifyAcceptingConnection accepted from: 76561198369200457:7777
[2017.03.21-01.01.28:094][667]LogHandshake: SendConnectChallenge. Timestamp: 15.860120, Cookie: 165209005254095172162001253240102150181073165254220239212165
[2017.03.21-01.01.28:094][667]LogNet: NotifyAcceptingConnection accepted from: 76561198369200457:7777
[2017.03.21-01.01.28:094][667]LogHandshake: SendConnectChallenge. Timestamp: 15.860120, Cookie: 165209005254095172162001253240102150181073165254220239212165
[2017.03.21-01.01.28:094][667]LogNet: NotifyAcceptingConnection accepted from: 76561198369200457:7777
[2017.03.21-01.01.28:094][667]LogHandshake: SendConnectChallenge. Timestamp: 15.860120, Cookie: 165209005254095172162001253240102150181073165254220239212165
[2017.03.21-01.01.28:174][672]LogNet: NotifyAcceptingConnection accepted from: 76561198369200457:7777
[2017.03.21-01.01.28:174][672]LogNet: Server accepting post-challenge connection from: 76561198369200457:7777
[2017.03.21-01.01.28:174][672]PacketHandlerLog: Loaded PacketHandler component: Engine.EngineHandlerComponentFactory (StatelessConnectHandlerComponent)
[2017.03.21-01.01.28:174][672]LogNet: NotifyAcceptedConnection: Name: Lobby, TimeStamp: 03/20/17 21:01:28, [UNetConnection] RemoteAddr: 76561198369200457:7777, Name: SteamNetConnection_0, Driver: GameNetDriver SteamNetDriver_0, IsServer: YES, PC: NULL, Owner: NULL
[2017.03.21-01.01.28:174][672]LogNet: AddClientConnection: Added client connection: [UNetConnection] RemoteAddr: 76561198369200457:7777, Name: SteamNetConnection_0, Driver: GameNetDriver SteamNetDriver_0, IsServer: YES, PC: NULL, Owner: NULL
[2017.03.21-01.01.28:175][672]LogNet: NotifyAcceptingChannel Control 0 server World /Game/AdvancedTurnBasedTileToolkit/Maps/Lobby.Lobby: Accepted
[2017.03.21-01.01.28:175][672]LogNet: Remote platform little endian=1
[2017.03.21-01.01.28:175][672]LogNet: This platform little endian=1
[2017.03.21-01.01.28:206][674]LogNet: Login request: /Game/AdvancedTurnBasedTileToolkit/Maps/MainMenu?Name=mjyengle userId: 76561198369200457
[2017.03.21-01.01.28:222][675]LogNet: Client netspeed is 10000
[2017.03.21-01.01.35:585][131]LogNet: Join request: /Game/AdvancedTurnBasedTileToolkit/Maps/MainMenu?Name=mjyengle?SplitscreenCount=1
[2017.03.21-01.01.35:587][131]LogScriptCore:Warning: Script Msg: Attempted to access index 0 from array CallFunc_GetAllActorsOfClass_OutActors of length 0!
[2017.03.21-01.01.35:587][131]LogScriptCore:Warning: Script Msg: Attempted to access index 0 from array CallFunc_GetAllActorsOfClass_OutActors of length 0!
[2017.03.21-01.01.35:587][131]LogScript:Warning: Accessed None trying to read property CallFunc_Array_Get_Item2
	Unit_Player_Melee_C /Game/AdvancedTurnBasedTileToolkit/Maps/Lobby.Lobby:PersistentLevel.Unit_Player_Melee_C_11
	Function /Game/AdvancedTurnBasedTileToolkit/Blueprints/Pawns/Unit_Parent.Unit_Parent_C:UserConstructionScript:0187
[2017.03.21-01.01.35:587][131]LogScript:Warning: Script call stack:
	Function /Game/AdvancedTurnBasedTileToolkit/Blueprints/Pawns/Unit_Player_Melee.Unit_Player_Melee_C:UserConstructionScript
	Function /Game/AdvancedTurnBasedTileToolkit/Blueprints/Pawns/Unit_Parent.Unit_Parent_C:UserConstructionScript

[2017.03.21-01.01.35:587][131]LogScriptCore:Warning: Script Msg: Attempted to access index 0 from array CallFunc_GetAllActorsOfClass_OutActors of length 0!
[2017.03.21-01.01.35:587][131]LogScript:Warning: Accessed None trying to read property CallFunc_Array_Get_Item2
	Unit_Player_Melee_C /Game/AdvancedTurnBasedTileToolkit/Maps/Lobby.Lobby:PersistentLevel.Unit_Player_Melee_C_11
	Function /Game/AdvancedTurnBasedTileToolkit/Blueprints/Pawns/Unit_Parent.Unit_Parent_C:UserConstructionScript:03A6
[2017.03.21-01.01.35:587][131]LogScript:Warning: Script call stack:
	Function /Game/AdvancedTurnBasedTileToolkit/Blueprints/Pawns/Unit_Player_Melee.Unit_Player_Melee_C:UserConstructionScript
	Function /Game/AdvancedTurnBasedTileToolkit/Blueprints/Pawns/Unit_Parent.Unit_Parent_C:UserConstructionScript

[2017.03.21-01.01.35:587][131]LogScript:Warning: Accessed None trying to read property GridManager_Ref
	Unit_Player_Melee_C /Game/AdvancedTurnBasedTileToolkit/Maps/Lobby.Lobby:PersistentLevel.Unit_Player_Melee_C_11
	Function /Game/AdvancedTurnBasedTileToolkit/Blueprints/Pawns/Unit_Parent.Unit_Parent_C:UserConstructionScript:0321
[2017.03.21-01.01.35:587][131]LogScript:Warning: Script call stack:
	Function /Game/AdvancedTurnBasedTileToolkit/Blueprints/Pawns/Unit_Player_Melee.Unit_Player_Melee_C:UserConstructionScript
	Function /Game/AdvancedTurnBasedTileToolkit/Blueprints/Pawns/Unit_Parent.Unit_Parent_C:UserConstructionScript

[2017.03.21-01.01.35:588][131]LogNet: Join succeeded: mjyengle
[2017.03.21-01.01.35:589][131]LogScriptCore:Warning: Script Msg: Attempted to access index 0 from array CallFunc_GetAllActorsOfClass_OutActors of length 0!
[2017.03.21-01.01.35:589][131]LogScriptCore:Warning: Script Msg: Attempted to access index 0 from array CallFunc_GetAllActorsOfClass_OutActors2 of length 0!
[2017.03.21-01.01.47:635][855]LogPackageName: SearchForPackageOnDisk took   0.072s to resolve MainMenu.umap.
[2017.03.21-01.01.47:636][855]LogGameMode:Display: Match State Changed from InProgress to LeavingMap
[2017.03.21-01.01.47:636][855]LogGameState: Match State Changed from InProgress to LeavingMap
[2017.03.21-01.01.47:708][855]LogPackageName: SearchForPackageOnDisk took   0.072s to resolve MainMenu.umap.
[2017.03.21-01.01.47:708][855]LogNet: Browse: /Game/AdvancedTurnBasedTileToolkit/Maps/MainMenu
[2017.03.21-01.01.47:708][855]LogLoad: LoadMap: /Game/AdvancedTurnBasedTileToolkit/Maps/MainMenu
[2017.03.21-01.01.47:708][855]LogNet: World NetDriver shutdown SteamNetDriver_0 [GameNetDriver]
[2017.03.21-01.01.47:708][855]LogNet: DestroyNamedNetDriver SteamNetDriver_0 [GameNetDriver]
[2017.03.21-01.01.47:709][855]LogNet: UNetConnection::Cleanup: Closing open connection. [UNetConnection] RemoteAddr: 76561198369200457:7777, Name: SteamNetConnection_0, Driver: GameNetDriver SteamNetDriver_0, IsServer: YES, PC: LobbyPC_C_1, Owner: LobbyPC_C_1
[2017.03.21-01.01.47:709][855]LogNet: UNetConnection::Close: [UNetConnection] RemoteAddr: 76561198369200457:7777, Name: SteamNetConnection_0, Driver: GameNetDriver SteamNetDriver_0, IsServer: YES, PC: LobbyPC_C_1, Owner: LobbyPC_C_1, Channels: 12, Time: 2017.03.21-01.01.47
[2017.03.21-01.01.47:709][855]LogNet: UChannel::Close: Sending CloseBunch. ChIndex == 0. Name: [UChannel] ChIndex: 0, Closing: 0 [UNetConnection] RemoteAddr: 76561198369200457:7777, Name: SteamNetConnection_0, Driver: GameNetDriver SteamNetDriver_0, IsServer: YES, PC: LobbyPC_C_1, Owner: LobbyPC_C_1
[2017.03.21-01.01.47:709][855]LogScriptCore:Warning: Script Msg: DestroySession - Invalid player state
[2017.03.21-01.01.47:709][855]LogExit: GameNetDriver SteamNetDriver_0 shut down
[2017.03.21-01.01.47:710][855]LogScriptCore:Warning: Script Msg: DestroySession - Invalid player state
[2017.03.21-01.01.47:891][855]LogMemory: Platform Memory Stats for Windows
[2017.03.21-01.01.47:891][855]LogMemory: Process Physical Memory: 969.99 MB used, 969.99 MB peak
[2017.03.21-01.01.47:891][855]LogMemory: Process Virtual Memory: 1186.36 MB used, 1227.05 MB peak
[2017.03.21-01.01.47:891][855]LogMemory: Physical Memory: 6859.77 MB used,  1307.20 MB free, 8166.97 MB total
[2017.03.21-01.01.47:891][855]LogMemory: Virtual Memory: 1843.30 MB used,  1307.20 MB free, 8388608.00 MB total
[2017.03.21-01.01.47:891][855]LogMemory: 
[2017.03.21-01.01.47:891][855]Allocator Stats for TBB: (not implemented)
[2017.03.21-01.01.47:949][855]LogAIModule: Creating AISystem for world MainMenu
[2017.03.21-01.01.48:450][855]LogProperty:Error: UStructProperty::Serialize Loading: Property 'StructProperty /Game/AdvancedTurnBasedTileToolkit/Blueprints/Gameplay/Inventory_DragDropOperation.Inventory_DragDropOperation_C:Item'. Unknown structure.
[2017.03.21-01.01.48:450][855]LogClass:Warning: Property Item of Item has a struct type mismatch (tag STRUCT_REINST_Struct_Item_0 != prop FallbackStruct) in package:  ../../../../../../Users/Matt/Documents/Unreal Projects/DMT_V 4.15/DMT_V 4.15/Content/AdvancedTurnBasedTileToolkit/Blueprints/Gameplay/Inventory_DragDropOperation.uasset. If that struct got renamed, add an entry to ActiveStructRedirects.
[2017.03.21-01.01.48:451][855]LogClass:Warning: Property Item of Item has a struct type mismatch (tag FallbackStruct != prop Struct_Item) in package:  FObjectReader. If that struct got renamed, add an entry to ActiveStructRedirects.
[2017.03.21-01.01.52:370][855]LogClass:Warning: Enum '/Game/AdvancedTurnBasedTileToolkit/Blueprints/Gameplay/Enums/Enum_TileSpawn.Enum_TileSpawn' was upgraded to use FText to store its display name data. Please re-save this asset to avoid issues with localization and determinstic cooking.
[2017.03.21-01.01.52:415][855]LogClass:Warning: Enum '/Game/AdvancedTurnBasedTileToolkit/Blueprints/Gameplay/Enums/Enum_DisplayObject.Enum_DisplayObject' was upgraded to use FText to store its display name data. Please re-save this asset to avoid issues with localization and determinstic cooking.
[2017.03.21-01.01.52:415][855]LogClass:Warning: Enum '/Game/AdvancedTurnBasedTileToolkit/Blueprints/Gameplay/Enums/Enum_Height.Enum_Height' was upgraded to use FText to store its display name data. Please re-save this asset to avoid issues with localization and determinstic cooking.
[2017.03.21-01.01.52:416][855]LogClass:Warning: Enum '/Game/AdvancedTurnBasedTileToolkit/Blueprints/Gameplay/Enums/Enum_PathfindingType.Enum_PathfindingType' was upgraded to use FText to store its display name data. Please re-save this asset to avoid issues with localization and determinstic cooking.
[2017.03.21-01.01.52:416][855]LogClass:Warning: Enum '/Game/AdvancedTurnBasedTileToolkit/Blueprints/Gameplay/Enums/Enum_Faction.Enum_Faction' was upgraded to use FText to store its display name data. Please re-save this asset to avoid issues with localization and determinstic cooking.
[2017.03.21-01.01.52:417][855]LogClass:Warning: Enum '/Game/AdvancedTurnBasedTileToolkit/Blueprints/Gameplay/Enums/Enum_MovePriority.Enum_MovePriority' was upgraded to use FText to store its display name data. Please re-save this asset to avoid issues with localization and determinstic cooking.
[2017.03.21-01.01.52:549][855]LogLoad: Game class is 'ATBTT_GameMode_C'
[2017.03.21-01.01.52:551][855]LogWorld: Bringing World /Game/AdvancedTurnBasedTileToolkit/Maps/MainMenu.MainMenu up for play (max tick rate 0) at 2017.03.20-21.01.52
[2017.03.21-01.01.52:551][855]LogWorld: Bringing up level for play took: 0.000679
[2017.03.21-01.01.52:551][855]LogGameMode: FindPlayerStart: PATHS NOT DEFINED or NO PLAYERSTART with positive rating
[2017.03.21-01.01.52:552][855]LogGameMode:Display: Match State Changed from EnteringMap to WaitingToStart
[2017.03.21-01.01.52:552][855]LogGameState: Match State Changed from EnteringMap to WaitingToStart
[2017.03.21-01.01.52:552][855]LogGameMode:Display: Match State Changed from WaitingToStart to InProgress
[2017.03.21-01.01.52:553][855]LogScriptCore:Warning: Script Msg: Attempted to access index 0 from array CallFunc_GetAllActorsOfClass_OutActors2 of length 0!
[2017.03.21-01.01.52:553][855]LogScriptCore:Warning: Script Msg: Attempted to access index 0 from array CallFunc_GetAllActorsOfClass_OutActors2 of length 0!
[2017.03.21-01.01.52:553][855]LogScriptCore:Warning: Script Msg: Attempted to access index 0 from array CallFunc_GetAllActorsOfClass_OutActors of length 0!
[2017.03.21-01.01.52:553][855]LogScriptCore:Warning: Script Msg: Attempted to access index 0 from array CallFunc_GetAllActorsOfClass_OutActors of length 0!
[2017.03.21-01.01.52:553][855]LogScriptCore:Warning: Script Msg: Attempted to access index 0 from array InitiativeOrder of length 0!
[2017.03.21-01.01.52:554][855]LogGameState: Match State Changed from WaitingToStart to InProgress
[2017.03.21-01.01.52:554][855]LogLoad: Took 4.846045 seconds to LoadMap(/Game/AdvancedTurnBasedTileToolkit/Maps/MainMenu)
[2017.03.21-01.01.56:431][ 89]LogEngine: All Windows Closed
[2017.03.21-01.01.56:431][ 89]LogWindows: FPlatformMisc::RequestExit(0)
[2017.03.21-01.01.56:431][ 90]LogMoviePlayer: Shutting down movie player
[2017.03.21-01.01.56:495][ 90]LogExit: Preparing to exit.
[2017.03.21-01.01.57:226][ 90]LogExit: Game engine shut down
[2017.03.21-01.01.57:322][ 90]LogObj: Freed 0b from 0 cluster array pools.
[2017.03.21-01.01.57:322][ 90]LogExit: Object subsystem successfully closed.
[2017.03.21-01.01.57:342][ 90]LogD3D11RHI: Shutdown
[2017.03.21-01.01.57:342][ 90]LogD3D11RHI: CleanupD3DDevice
[2017.03.21-01.01.57:372][ 90]LogD3D11RHI: ~FD3D11DynamicRHI
[2017.03.21-01.01.57:379][ 90]LogModuleManager: Shutting down and abandoning module SequenceRecorderSections (264)
[2017.03.21-01.01.57:379][ 90]LogModuleManager: Shutting down and abandoning module SequenceRecorder (262)
[2017.03.21-01.01.57:379][ 90]LogModuleManager: Shutting down and abandoning module AutomationController (260)
[2017.03.21-01.01.57:379][ 90]LogModuleManager: Shutting down and abandoning module AutomationWorker (258)
[2017.03.21-01.01.57:379][ 90]LogModuleManager: Shutting down and abandoning module AIModule (256)
[2017.03.21-01.01.57:379][ 90]LogModuleManager: Shutting down and abandoning module GameplayDebugger (255)
[2017.03.21-01.01.57:379][ 90]LogModuleManager: Shutting down and abandoning module AITestSuite (253)
[2017.03.21-01.01.57:379][ 90]LogModuleManager: Shutting down and abandoning module WmfMediaFactory (250)
[2017.03.21-01.01.57:380][ 90]LogModuleManager: Shutting down and abandoning module MfMediaFactory (248)
[2017.03.21-01.01.57:380][ 90]LogModuleManager: Shutting down and abandoning module AvfMediaFactory (246)
[2017.03.21-01.01.57:380][ 90]LogModuleManager: Shutting down and abandoning module AndroidMediaFactory (244)
[2017.03.21-01.01.57:380][ 90]LogModuleManager: Shutting down and abandoning module Media (243)
[2017.03.21-01.01.57:380][ 90]LogModuleManager: Shutting down and abandoning module CharacterAI (240)
[2017.03.21-01.01.57:380][ 90]LogModuleManager: Shutting down and abandoning module SessionServices (238)
[2017.03.21-01.01.57:380][ 90]LogModuleManager: Shutting down and abandoning module MovieSceneCapture (236)
[2017.03.21-01.01.57:380][ 90]LogModuleManager: Shutting down and abandoning module GeometryCache (234)
[2017.03.21-01.01.57:380][ 90]LogModuleManager: Shutting down and abandoning module GeometryCacheEd (233)
[2017.03.21-01.01.57:380][ 90]LogModuleManager: Shutting down and abandoning module Niagara (230)
[2017.03.21-01.01.57:380][ 90]LogModuleManager: Shutting down and abandoning module StreamingPauseRendering (228)
[2017.03.21-01.01.57:380][ 90]LogModuleManager: Shutting down and abandoning module PortalServices (226)
[2017.03.21-01.01.57:380][ 90]LogModuleManager: Shutting down and abandoning module PortalRpc (224)
[2017.03.21-01.01.57:380][ 90]LogModuleManager: Shutting down and abandoning module MessagingRpc (222)
[2017.03.21-01.01.57:380][ 90]LogModuleManager: Shutting down and abandoning module ProfilerService (220)
[2017.03.21-01.01.57:413][ 90]LogModuleManager: Shutting down and abandoning module TaskGraph (218)
[2017.03.21-01.01.57:413][ 90]LogModuleManager: Shutting down and abandoning module SteamVRController (216)
[2017.03.21-01.01.57:413][ 90]LogModuleManager: Shutting down and abandoning module SteamVR (214)
[2017.03.21-01.01.57:413][ 90]LogModuleManager: Shutting down and abandoning module ProceduralMeshComponent (212)
[2017.03.21-01.01.57:413][ 90]LogModuleManager: Shutting down and abandoning module OculusLibrary (210)
[2017.03.21-01.01.57:413][ 90]LogModuleManager: Shutting down and abandoning module OculusInput (208)
[2017.03.21-01.01.57:413][ 90]LogModuleManager: Shutting down and abandoning module MobilePatchingUtils (206)
[2017.03.21-01.01.57:413][ 90]LogModuleManager: Shutting down and abandoning module CustomMeshComponent (204)
[2017.03.21-01.01.57:413][ 90]LogModuleManager: Shutting down and abandoning module CableComponent (202)
[2017.03.21-01.01.57:413][ 90]LogModuleManager: Shutting down and abandoning module ArchVisCharacter (200)
[2017.03.21-01.01.57:413][ 90]LogModuleManager: Shutting down and abandoning module HTML5Networking (196)
[2017.03.21-01.01.57:413][ 90]LogModuleManager: Shutting down and abandoning module VisualStudioSourceCodeAccess (194)
[2017.03.21-01.01.57:413][ 90]LogModuleManager: Shutting down and abandoning module DesktopPlatform (193)
[2017.03.21-01.01.57:414][ 90]LogModuleManager: Shutting down and abandoning module HotReload (191)
[2017.03.21-01.01.57:414][ 90]LogModuleManager: Shutting down and abandoning module DirectoryWatcher (190)
[2017.03.21-01.01.57:414][ 90]LogModuleManager: Shutting down and abandoning module UObjectPlugin (186)
[2017.03.21-01.01.57:414][ 90]LogModuleManager: Shutting down and abandoning module SubversionSourceControl (184)
[2017.03.21-01.01.57:414][ 90]LogModuleManager: Shutting down and abandoning module PerforceSourceControl (182)
[2017.03.21-01.01.57:414][ 90]LogModuleManager: Shutting down and abandoning module SourceControl (181)
[2017.03.21-01.01.57:414][ 90]LogModuleManager: Shutting down and abandoning module PhysXVehiclesEditor (178)
[2017.03.21-01.01.57:414][ 90]LogModuleManager: Shutting down and abandoning module PhysXVehicles (176)
[2017.03.21-01.01.57:414][ 90]LogModuleManager: Shutting down and abandoning module LocationServicesBPLibrary (174)
[2017.03.21-01.01.57:414][ 90]LogModuleManager: Shutting down and abandoning module UdpMessaging (172)
[2017.03.21-01.01.57:514][ 90]LogModuleManager: Shutting down and abandoning module TcpMessaging (170)
[2017.03.21-01.01.57:976][ 90]LogModuleManager: Shutting down and abandoning module GameplayTagsEditor (168)
[2017.03.21-01.01.57:976][ 90]LogModuleManager: Shutting down and abandoning module FacialAnimation (166)
[2017.03.21-01.01.57:976][ 90]LogModuleManager: Shutting down and abandoning module LightPropagationVolumeRuntime (164)
[2017.03.21-01.01.57:976][ 90]LogModuleManager: Shutting down and abandoning module Paper2D (162)
[2017.03.21-01.01.57:976][ 90]LogModuleManager: Shutting down and abandoning module WindowsMoviePlayer (160)
[2017.03.21-01.01.57:976][ 90]LogModuleManager: Shutting down and abandoning module WmfMedia (158)
[2017.03.21-01.01.57:976][ 90]LogModuleManager: Shutting down and abandoning module MfMedia (156)
[2017.03.21-01.01.57:976][ 90]LogModuleManager: Shutting down and abandoning module MediaAssets (154)
[2017.03.21-01.01.57:976][ 90]LogModuleManager: Shutting down and abandoning module GameLiveStreaming (152)
[2017.03.21-01.01.57:976][ 90]LogModuleManager: Shutting down and abandoning module VREditor (150)
[2017.03.21-01.01.57:976][ 90]LogModuleManager: Shutting down and abandoning module GameplayTasksEditor (148)
[2017.03.21-01.01.57:976][ 90]LogModuleManager: Shutting down and abandoning module BehaviorTreeEditor (146)
[2017.03.21-01.01.57:976][ 90]LogModuleManager: Shutting down and abandoning module FunctionalTesting (144)
[2017.03.21-01.01.57:977][ 90]LogModuleManager: Shutting down and abandoning module CollisionAnalyzer (142)
[2017.03.21-01.01.57:977][ 90]LogModuleManager: Shutting down and abandoning module UMG (140)
[2017.03.21-01.01.57:977][ 90]LogModuleManager: Shutting down and abandoning module UMGEditor (139)
[2017.03.21-01.01.57:977][ 90]LogModuleManager: Shutting down and abandoning module Sequencer (138)
[2017.03.21-01.01.57:977][ 90]LogModuleManager: Shutting down and abandoning module AssetTools (136)
[2017.03.21-01.01.57:977][ 90]LogModuleManager: Shutting down and abandoning module MessageLog (135)
[2017.03.21-01.01.57:977][ 90]LogModuleManager: Shutting down and abandoning module WorkspaceMenuStructure (134)
[2017.03.21-01.01.57:977][ 90]LogModuleManager: Shutting down and abandoning module SlateReflector (128)
[2017.03.21-01.01.57:977][ 90]LogModuleManager: Shutting down and abandoning module Slate (126)
[2017.03.21-01.01.57:977][ 90]LogModuleManager: Shutting down and abandoning module EditorStyle (124)
[2017.03.21-01.01.57:979][ 90]LogModuleManager: Shutting down and abandoning module Messaging (122)
[2017.03.21-01.01.57:979][ 90]LogModuleManager: Shutting down and abandoning module SourceCodeAccess (120)
[2017.03.21-01.01.57:979][ 90]LogModuleManager: Shutting down and abandoning module HeadMountedDisplay (118)
[2017.03.21-01.01.57:979][ 90]LogModuleManager: Shutting down and abandoning module XAudio2 (116)
[2017.03.21-01.01.57:979][ 90]LogModuleManager: Shutting down and abandoning module Networking (114)
[2017.03.21-01.01.57:979][ 90]LogModuleManager: Shutting down and abandoning module Core (112)
[2017.03.21-01.01.57:979][ 90]LogModuleManager: Shutting down and abandoning module KismetCompiler (110)
[2017.03.21-01.01.57:979][ 90]LogModuleManager: Shutting down and abandoning module PhysXFormats (108)
[2017.03.21-01.01.57:979][ 90]LogModuleManager: Shutting down and abandoning module MeshUtilities (106)
[2017.03.21-01.01.57:979][ 90]LogModuleManager: Shutting down and abandoning module SimplygonSwarm (105)
[2017.03.21-01.01.57:979][ 90]LogModuleManager: Shutting down and abandoning module SimplygonMeshReduction (103)
[2017.03.21-01.01.57:979][ 90]LogModuleManager: Shutting down and abandoning module QuadricMeshReduction (101)
[2017.03.21-01.01.57:979][ 90]LogModuleManager: Shutting down and abandoning module PropertyEditor (99)
[2017.03.21-01.01.57:979][ 90]LogModuleManager: Shutting down and abandoning module AssetRegistry (96)
[2017.03.21-01.01.57:979][ 90]LogModuleManager: Shutting down and abandoning module DerivedDataCache (94)
[2017.03.21-01.01.58:398][ 90]LogDerivedDataCache: Shutdown
[2017.03.21-01.01.58:399][ 90]LogModuleManager: Shutting down and abandoning module TargetPlatform (92)
[2017.03.21-01.01.58:399][ 90]LogModuleManager: Shutting down and abandoning module VulkanShaderFormat (91)
[2017.03.21-01.01.58:399][ 90]LogModuleManager: Shutting down and abandoning module ShaderFormatOpenGL (89)
[2017.03.21-01.01.58:399][ 90]LogModuleManager: Shutting down and abandoning module ShaderFormatD3D (87)
[2017.03.21-01.01.58:399][ 90]LogModuleManager: Shutting down and abandoning module MetalShaderFormat (85)
[2017.03.21-01.01.58:399][ 90]LogModuleManager: Shutting down and abandoning module TextureFormatUncompressed (83)
[2017.03.21-01.01.58:399][ 90]LogModuleManager: Shutting down and abandoning module TextureFormatPVR (81)
[2017.03.21-01.01.58:399][ 90]LogModuleManager: Shutting down and abandoning module TextureFormatDXT (79)
[2017.03.21-01.01.58:399][ 90]LogModuleManager: Shutting down and abandoning module TextureFormatIntelISPCTexComp (77)
[2017.03.21-01.01.58:399][ 90]LogModuleManager: Shutting down and abandoning module TextureFormatASTC (75)
[2017.03.21-01.01.58:399][ 90]LogModuleManager: Shutting down and abandoning module ImageWrapper (74)
[2017.03.21-01.01.58:399][ 90]LogModuleManager: Shutting down and abandoning module TextureFormatAndroid (71)
[2017.03.21-01.01.58:399][ 90]LogModuleManager: Shutting down and abandoning module AudioFormatOpus (69)
[2017.03.21-01.01.58:399][ 90]LogModuleManager: Shutting down and abandoning module AudioFormatOgg (67)
[2017.03.21-01.01.58:399][ 90]LogModuleManager: Shutting down and abandoning module AudioFormatADPCM (65)
[2017.03.21-01.01.58:399][ 90]LogModuleManager: Shutting down and abandoning module WindowsTargetPlatform (63)
[2017.03.21-01.01.58:399][ 90]LogModuleManager: Shutting down and abandoning module WindowsServerTargetPlatform (61)
[2017.03.21-01.01.58:399][ 90]LogModuleManager: Shutting down and abandoning module WindowsNoEditorTargetPlatform (59)
[2017.03.21-01.01.58:399][ 90]LogModuleManager: Shutting down and abandoning module WindowsClientTargetPlatform (57)
[2017.03.21-01.01.58:399][ 90]LogModuleManager: Shutting down and abandoning module InputCore (54)
[2017.03.21-01.01.58:399][ 90]LogModuleManager: Shutting down and abandoning module Settings (52)
[2017.03.21-01.01.58:399][ 90]LogModuleManager: Shutting down and abandoning module OculusRift (50)
[2017.03.21-01.01.58:399][ 90]LogModuleManager: Shutting down and abandoning module ExampleDeviceProfileSelector (48)
[2017.03.21-01.01.58:399][ 90]LogModuleManager: Shutting down and abandoning module OnlineBlueprintSupport (46)
[2017.03.21-01.01.58:399][ 90]LogModuleManager: Shutting down and abandoning module OnlineSubsystem (42)
[2017.03.21-01.01.58:399][ 90]LogOnline:Display: STEAM: OnlineSubsystemSteam::Shutdown()
[2017.03.21-01.01.58:435][ 90]LogOnline:Display: Unloading online subsystem: STEAM
[2017.03.21-01.01.58:436][ 90]LogOnline:Display: STEAM: OnlineSubsystemSteam::Shutdown()
[2017.03.21-01.01.58:436][ 90]LogOnline:Display: Unloading online subsystem: NULL
[2017.03.21-01.01.58:436][ 90]LogModuleManager: Shutting down and abandoning module XMPP (37)
[2017.03.21-01.01.58:436][ 90]LogModuleManager: Shutting down and abandoning module HTTP (35)
[2017.03.21-01.01.58:459][ 90]LogModuleManager: Shutting down and abandoning module SSL (34)
[2017.03.21-01.01.58:461][ 90]LogModuleManager: Shutting down and abandoning module AudioEditor (30)
[2017.03.21-01.01.58:461][ 90]LogModuleManager: Shutting down and abandoning module TextureCompressor (28)
[2017.03.21-01.01.58:461][ 90]LogModuleManager: Shutting down and abandoning module ShaderCore (26)
[2017.03.21-01.01.58:461][ 90]LogModuleManager: Shutting down and abandoning module Landscape (24)
[2017.03.21-01.01.58:461][ 90]LogModuleManager: Shutting down and abandoning module SlateRHIRenderer (22)
[2017.03.21-01.01.58:461][ 90]LogModuleManager: Shutting down and abandoning module OpenGLDrv (20)
[2017.03.21-01.01.58:462][ 90]LogModuleManager: Shutting down and abandoning module D3D11RHI (18)
[2017.03.21-01.01.58:462][ 90]LogModuleManager: Shutting down and abandoning module AnimGraphRuntime (16)
[2017.03.21-01.01.58:462][ 90]LogModuleManager: Shutting down and abandoning module Renderer (14)
[2017.03.21-01.01.58:462][ 90]LogModuleManager: Shutting down and abandoning module Engine (12)
[2017.03.21-01.01.58:462][ 90]LogModuleManager: Shutting down and abandoning module CoreUObject (10)
[2017.03.21-01.01.58:462][ 90]LogModuleManager: Shutting down and abandoning module NetworkFile (8)
[2017.03.21-01.01.58:462][ 90]LogModuleManager: Shutting down and abandoning module StreamingFile (6)
[2017.03.21-01.01.58:462][ 90]LogModuleManager: Shutting down and abandoning module SandboxFile (4)
[2017.03.21-01.01.58:462][ 90]LogModuleManager: Shutting down and abandoning module PakFile (2)
[2017.03.21-01.01.58:463][ 90]LogExit: Exiting.
[2017.03.21-01.01.58:465][ 90]Log file closed, 03/20/17 21:01:58
