Log file open, 04/04/17 01:20:37
LogInit:Display: Running engine for game: DMT_V
LogPlatformFile: Not using cached read wrapper
LogInit:Display: RandInit(524382352) SRandInit(524382352).
LogTaskGraph: Started task graph with 5 named threads and 8 total threads with 1 sets of task threads.
LogStats: Stats thread started at 0.081351
LogInit: Using libcurl 7.47.1
LogInit:  - built for x86_64-pc-win32
LogInit:  - supports SSL with OpenSSL/1.0.2g
LogInit:  - supports HTTP deflate (compression) using libz 1.2.8
LogInit:  - other features:
LogInit:      CURL_VERSION_SSL
LogInit:      CURL_VERSION_LIBZ
LogInit:      CURL_VERSION_IPV6
LogInit:      CURL_VERSION_ASYNCHDNS
LogInit:      CURL_VERSION_LARGEFILE
LogInit:      CURL_VERSION_IDN
LogInit:  CurlRequestOptions (configurable via config and command line):
LogInit:  - bVerifyPeer = false  - Libcurl will NOT verify peer certificate
LogInit:  - bUseHttpProxy = false  - Libcurl will NOT use HTTP proxy
LogInit:  - bDontReuseConnections = false  - Libcurl will reuse connections
LogInit:  - CertBundlePath = nullptr  - Libcurl will use whatever was configured at build time.
LogInit: Build: ++UE4+Release-4.15-CL-3348071
LogInit: Engine Version: 4.15.1-3348071+++UE4+Release-4.15
LogInit: Compatible Engine Version: 4.15.0-3299760+++UE4+Release-4.15
LogInit: Net CL: 3299760
LogDevObjectVersion: Number of dev versions registered: 14
LogDevObjectVersion:   Dev-Blueprints (B0D832E4-1F89-4F0D-ACCF-7EB736FD4AA2): 8
LogDevObjectVersion:   Dev-Build (E1C64328-A22C-4D53-A36C-8E866417BD8C): 0
LogDevObjectVersion:   Dev-Core (375EC13C-06E4-48FB-B500-84F0262A717E): 2
LogDevObjectVersion:   Dev-Editor (E4B068ED-F494-42E9-A231-DA0B2E46BB41): 14
LogDevObjectVersion:   Dev-Framework (CFFC743F-43B0-4480-9391-14DF171D2073): 22
LogDevObjectVersion:   Dev-Mobile (B02B49B5-BB20-44E9-A304-32B752E40360): 0
LogDevObjectVersion:   Dev-Networking (A4E4105C-59A1-49B5-A7C5-40C4547EDFEE): 0
LogDevObjectVersion:   Dev-Online (39C831C9-5AE6-47DC-9A44-9C173E1C8E7C): 0
LogDevObjectVersion:   Dev-Physics (78F01B33-EBEA-4F98-B9B4-84EACCB95AA2): 0
LogDevObjectVersion:   Dev-Platform (6631380F-2D4D-43E0-8009-CF276956A95A): 0
LogDevObjectVersion:   Dev-Rendering (12F88B9F-8875-4AFC-A67C-D90C383ABD29): 12
LogDevObjectVersion:   Dev-Sequencer (7B5AE74C-D270-4C10-A958-57980B212A5A): 3
LogDevObjectVersion:   Dev-VR (D7296918-1DD6-4BDD-9DE2-64A83CC13884): 0
LogDevObjectVersion:   Dev-LoadTimes (C2A15278-BFE7-4AFE-6C17-90FF531DF755): 1
LogInit: Compiled (64-bit): Mar 15 2017 16:52:47
LogInit: Compiled with Visual C++: 19.00.23026.00
LogInit: Build Configuration: Development
LogInit: Branch Name: ++UE4+Release-4.15
LogInit: Command line:  
LogInit: Base directory: C:/Program Files/Epic Games/UE_4.15/Engine/Binaries/Win64/
LogInit: Installed Engine Build: 1
LogInit: Presizing for max 8388607 objects, including 0 objects not considered by GC, pre-allocating 0 bytes for permanent pool.
LogInit: Object subsystem initialized
[2017.04.04-05.20.38:415][  0]LogInit: Selected Device Profile: [Windows]
[2017.04.04-05.20.38:415][  0]LogInit: Applying CVar settings loaded from the selected device profile: [Windows]
[2017.04.04-05.20.38:424][  0]LogInit: Computer: MYSTOGAN
[2017.04.04-05.20.38:424][  0]LogInit: User: Noctis
[2017.04.04-05.20.38:424][  0]LogInit: CPU Page size=65536, Cores=4
[2017.04.04-05.20.38:424][  0]LogInit: High frequency timer resolution =3.421880 MHz
[2017.04.04-05.20.38:424][  0]LogMemory: Memory total: Physical=16.0GB (16GB approx)
[2017.04.04-05.20.38:424][  0]LogMemory: Platform Memory Stats for Windows
[2017.04.04-05.20.38:424][  0]LogMemory: Process Physical Memory: 264.18 MB used, 264.18 MB peak
[2017.04.04-05.20.38:424][  0]LogMemory: Process Virtual Memory: 263.75 MB used, 263.75 MB peak
[2017.04.04-05.20.38:424][  0]LogMemory: Physical Memory: 5988.89 MB used,  10354.99 MB free, 16343.88 MB total
[2017.04.04-05.20.38:424][  0]LogMemory: Virtual Memory: 643.13 MB used,  10354.99 MB free, 134217728.00 MB total
[2017.04.04-05.20.38:755][  0]LogTextLocalizationManager: No specific translations for ('en-US') exist, so ('en') translations will be used.
[2017.04.04-05.20.39:371][  0]LogD3D11RHI: D3D11 adapters:
[2017.04.04-05.20.39:868][  0]LogD3D11RHI:    0. 'NVIDIA GeForce GTX 770' (Feature Level 11_0)
[2017.04.04-05.20.39:868][  0]LogD3D11RHI:       2017/0/8171 MB DedicatedVideo/DedicatedSystem/SharedSystem, Outputs:1, VendorId:0x10de
[2017.04.04-05.20.39:869][  0]LogD3D11RHI:    1. 'Microsoft Basic Render Driver' (Feature Level 11_0)
[2017.04.04-05.20.39:869][  0]LogD3D11RHI:       0/0/8171 MB DedicatedVideo/DedicatedSystem/SharedSystem, Outputs:0, VendorId:0x1414
[2017.04.04-05.20.39:869][  0]LogD3D11RHI: Chosen D3D11 Adapter: 0
[2017.04.04-05.20.39:874][  0]LogD3D11RHI: Creating new Direct3DDevice
[2017.04.04-05.20.39:874][  0]LogD3D11RHI:     GPU DeviceId: 0x1184 (for the marketing name, search the web for "GPU Device Id")
[2017.04.04-05.20.39:874][  0]LogWindows: EnumDisplayDevices:
[2017.04.04-05.20.39:874][  0]LogWindows:    0. 'NVIDIA GeForce GTX 770' (P:1 D:1)
[2017.04.04-05.20.39:874][  0]LogWindows:    1. 'NVIDIA GeForce GTX 770' (P:0 D:0)
[2017.04.04-05.20.39:874][  0]LogWindows:    2. 'NVIDIA GeForce GTX 770' (P:0 D:0)
[2017.04.04-05.20.39:875][  0]LogWindows:    3. 'NVIDIA GeForce GTX 770' (P:0 D:0)
[2017.04.04-05.20.39:875][  0]LogWindows: DebugString: FoundDriverCount:4 
[2017.04.04-05.20.39:875][  0]LogD3D11RHI:     Adapter Name: NVIDIA GeForce GTX 770
[2017.04.04-05.20.39:875][  0]LogD3D11RHI:   Driver Version: 378.92 (internal:21.21.13.7892, unified:378.92)
[2017.04.04-05.20.39:875][  0]LogD3D11RHI:      Driver Date: 3-16-2017
[2017.04.04-05.20.39:875][  0]LogRHI: Texture pool is 1361 MB (70% of 1945 MB)
[2017.04.04-05.20.40:336][  0]LogD3D11RHI:Warning: Timestamp queries are currently disabled on this hardware due to instability. Realtime GPU stats will not be available. You can override this behaviour by setting r.NVIDIATimestampWorkaround to 0
[2017.04.04-05.20.40:336][  0]LogD3D11RHI: Async texture creation enabled
[2017.04.04-05.20.40:377][  0]LogD3D11RHI: GPU Timing Frequency: 1000.000000 (Debug: 2 2)
[2017.04.04-05.20.40:425][  0]LogShaderCompilers: Guid format shader working directory is -17 characters bigger than the processId version (../../../../../../Users/Noctis/Documents/GitHub/DMT-V/src/DMT_V/Intermediate/Shaders/WorkingDirectory/13576/).
[2017.04.04-05.20.40:425][  0]LogShaderCompilers: Cleaned the shader compiler working directory 'C:/Users/Noctis/AppData/Local/Temp/UnrealShaderWorkingDir/2852BCF441755677A5B7D991FA7A85C4/'.
[2017.04.04-05.20.40:425][  0]LogShaderCompilers:Display: Using Local Shader Compiler.
[2017.04.04-05.20.41:363][  0]LogTemp:Display: Loaded TP AllDesktopTargetPlatform
[2017.04.04-05.20.41:418][  0]LogTemp:Display: Loaded TP MacClientTargetPlatform
[2017.04.04-05.20.41:478][  0]LogTemp:Display: Loaded TP MacNoEditorTargetPlatform
[2017.04.04-05.20.41:531][  0]LogTemp:Display: Loaded TP MacServerTargetPlatform
[2017.04.04-05.20.41:586][  0]LogTemp:Display: Loaded TP MacTargetPlatform
[2017.04.04-05.20.41:641][  0]LogTemp:Display: Loaded TP WindowsClientTargetPlatform
[2017.04.04-05.20.41:695][  0]LogTemp:Display: Loaded TP WindowsNoEditorTargetPlatform
[2017.04.04-05.20.41:749][  0]LogTemp:Display: Loaded TP WindowsServerTargetPlatform
[2017.04.04-05.20.41:794][  0]LogTemp:Display: Loaded TP WindowsTargetPlatform
[2017.04.04-05.20.41:846][  0]LogTemp:Display: Loaded TP AndroidTargetPlatform
[2017.04.04-05.20.41:898][  0]LogTemp:Display: Loaded TP Android_ASTCTargetPlatform
[2017.04.04-05.20.41:951][  0]LogTemp:Display: Loaded TP Android_ATCTargetPlatform
[2017.04.04-05.20.42:005][  0]LogTemp:Display: Loaded TP Android_DXTTargetPlatform
[2017.04.04-05.20.42:058][  0]LogTemp:Display: Loaded TP Android_ETC1TargetPlatform
[2017.04.04-05.20.42:111][  0]LogTemp:Display: Loaded TP Android_ETC2TargetPlatform
[2017.04.04-05.20.42:216][  0]LogTemp:Display: Loaded TP Android_MultiTargetPlatform
[2017.04.04-05.20.42:216][  0]LogTemp:Display: Loaded TP Android_PVRTCTargetPlatform
[2017.04.04-05.20.42:254][  0]LogTemp:Display: Loaded TP HTML5TargetPlatform
[2017.04.04-05.20.42:350][  0]LogTemp:Display: Loaded TP IOSTargetPlatform
[2017.04.04-05.20.42:384][  0]LogTemp:Display: Loaded TP TVOSTargetPlatform
[2017.04.04-05.20.42:437][  0]LogTemp:Display: Loaded TP LinuxClientTargetPlatform
[2017.04.04-05.20.42:491][  0]LogTemp:Display: Loaded TP LinuxNoEditorTargetPlatform
[2017.04.04-05.20.42:552][  0]LogTemp:Display: Loaded TP LinuxServerTargetPlatform
[2017.04.04-05.20.42:608][  0]LogTemp:Display: Loaded TP LinuxTargetPlatform
[2017.04.04-05.20.42:608][  0]LogTargetPlatformManager:Display: Building Assets For Windows
[2017.04.04-05.20.43:050][  0]LogDerivedDataCache:Display: Max Cache Size: 512 MB
[2017.04.04-05.20.43:099][  0]LogDerivedDataCache: Loaded boot cache 0.05s 50MB C:/Users/Noctis/AppData/Local/UnrealEngine/4.15/DerivedDataCache/Boot.ddc.
[2017.04.04-05.20.43:099][  0]LogDerivedDataCache:Display: Loaded Boot cache: C:/Users/Noctis/AppData/Local/UnrealEngine/4.15/DerivedDataCache/Boot.ddc
[2017.04.04-05.20.43:099][  0]LogDerivedDataCache: FDerivedDataBackendGraph:  Pak pak cache file ../../../../../../Users/Noctis/Documents/GitHub/DMT-V/src/DMT_V/DerivedDataCache/DDC.ddp not found, will not use a pak cache.
[2017.04.04-05.20.43:099][  0]LogDerivedDataCache: Unable to find inner node Pak for hierarchical cache Hierarchy.
[2017.04.04-05.20.43:099][  0]LogDerivedDataCache: FDerivedDataBackendGraph:  CompressedPak pak cache file ../../../../../../Users/Noctis/Documents/GitHub/DMT-V/src/DMT_V/DerivedDataCache/Compressed.ddp not found, will not use a pak cache.
[2017.04.04-05.20.43:099][  0]LogDerivedDataCache: Unable to find inner node CompressedPak for hierarchical cache Hierarchy.
[2017.04.04-05.20.43:116][  0]LogDerivedDataCache:Display: Pak cache opened for reading ../../../Engine/DerivedDataCache/Compressed.ddp.
[2017.04.04-05.20.43:128][  0]LogDerivedDataCache: Using Local data cache path C:/Users/Noctis/AppData/Local/UnrealEngine/Common/DerivedDataCache: Writable
[2017.04.04-05.20.43:137][  0]LogSlate: Using Freetype 2.6.0
[2017.04.04-05.20.43:137][  0]LogSlate: SlateFontCache - WITH_FREETYPE: 1, WITH_HARFBUZZ: 1
[2017.04.04-05.20.43:137][  0]LogSlate: SlateFontCache - WITH_FREETYPE: 1, WITH_HARFBUZZ: 1
[2017.04.04-05.20.43:363][  0]LogInit: Selected Device Profile: [Windows]
[2017.04.04-05.20.43:366][  0]LogContentStreaming: Texture pool size is 0.00 MB
[2017.04.04-05.20.43:556][  0]LogMeshUtilities: Using QuadricMeshReduction for automatic static mesh reduction
[2017.04.04-05.20.43:603][  0]LogSimplygon: Simplygon DLL not present - disabling.
[2017.04.04-05.20.43:654][  0]LogMeshUtilities: Using SimplygonSwarm for distributed automatic mesh merging
[2017.04.04-05.20.43:654][  0]LogMeshUtilities: No automatic skeletal mesh reduction module available
[2017.04.04-05.20.43:654][  0]LogMeshUtilities: No automatic mesh merging module available
[2017.04.04-05.20.44:133][  0]LogNetVersion: GetLocalNetworkVersion: CL: 3299760, ProjectName: dmt_v, ProjectVersion: , EngineNetworkVersion: 2, GameNetworkVersion: 0, NetworkChecksum: 3867609599
[2017.04.04-05.20.44:177][  0]LogAssetRegistry: FAssetRegistry took 0.0217 seconds to start up
[2017.04.04-05.20.44:226][  0]LogPackageLocalizationCache: Processed 3 localized package path(s) for 2 prioritized culture(s) in 0.023952 seconds
[2017.04.04-05.20.44:230][  0]LogUObjectArray: 32493 objects as part of root set at end of initial load.
[2017.04.04-05.20.44:230][  0]LogUObjectAllocator: 7077024 out of 0 bytes used by permanent object pool.
[2017.04.04-05.20.44:230][  0]LogUObjectArray: CloseDisregardForGC: 0/0 objects in disregard for GC pool
[2017.04.04-05.20.44:293][  0]LogInit: WinSock: version 1.1 (2.2), MaxSocks=32767, MaxUdp=65467
[2017.04.04-05.20.45:821][  0]LogTcpMessaging: Initializing TcpMessaging bridge
[2017.04.04-05.20.45:860][  0]LogUdpMessaging: Initializing bridge on interface 0.0.0.0:0 to multicast group 230.0.0.1:6666.
[2017.04.04-05.20.46:303][  0]LogMaterial: Uniform references updated for custom material expression Custom.
[2017.04.04-05.20.46:685][  0]SourceControl: Info Source control is disabled
[2017.04.04-05.20.48:715][  0]LogEngine: Initializing Engine...
[2017.04.04-05.20.48:716][  0]LogHMD: Failed to initialize OpenVR with code 110
[2017.04.04-05.20.48:935][  0]LogAIModule: Creating AISystem for world Untitled
[2017.04.04-05.20.48:965][  0]LogInit: XAudio2 using 'E241-A1-4 (NVIDIA High Definition Audio)' : 2 channels at 48 kHz using 16 bits per sample (channel mask 0x3)
[2017.04.04-05.20.48:982][  0]LogInit: FAudioDevice initialized.
[2017.04.04-05.20.49:005][  0]LogDerivedDataCache: Saved boot cache 0.02s 50MB C:/Users/Noctis/AppData/Local/UnrealEngine/4.15/DerivedDataCache/Boot.ddc.
[2017.04.04-05.20.49:013][  0]LogInit: Texture streaming: Enabled
[2017.04.04-05.20.49:107][  0]LogEngineSessionManager: EngineSessionManager initialized
[2017.04.04-05.20.49:193][  0]LogInit: Transaction tracking system initialized
[2017.04.04-05.20.49:532][  0]BlueprintLog: New page: Editor Load
[2017.04.04-05.20.50:402][  0]LocalizationService: Info Localization service is disabled
[2017.04.04-05.20.51:236][  0]LogConsoleResponse:Display: 
[2017.04.04-05.20.51:345][  0]LogCook:Display: Max memory allowance for cook 16384mb min free memory 0mb
[2017.04.04-05.20.51:345][  0]LogCook:Display: Mobile HDR setting 1
[2017.04.04-05.20.51:976][  0]LogFileCache: Scanning file cache for directory 'C:/Users/Noctis/Documents/GitHub/DMT-V/src/DMT_V/Content/' took 0.02s
[2017.04.04-05.20.52:600][  0]Cmd: MAP LOAD FILE="../../../../../../Users/Noctis/Documents/GitHub/DMT-V/src/DMT_V/Content/AdvancedTurnBasedTileToolkit/Maps/Map_Grid_Example.umap" TEMPLATE=0 SHOWPROGRESS=1 FEATURELEVEL=3
[2017.04.04-05.20.52:600][  0]LightingResults: New page: Lighting Build
[2017.04.04-05.20.52:638][  0]MapCheck: New page: Map Check
[2017.04.04-05.20.52:638][  0]LightingResults: New page: Lighting Build
[2017.04.04-05.20.53:315][  0]LogBlueprint:Warning: [Item_Data] 'CurrentPawn' variable not found. Base class was probably changed.
[2017.04.04-05.20.54:140][  0]LogClass:Warning: Enum '/Game/AdvancedTurnBasedTileToolkit/Blueprints/Gameplay/Enums/Enum_Height.Enum_Height' was upgraded to use FText to store its display name data. Please re-save this asset to avoid issues with localization and determinstic cooking.
[2017.04.04-05.20.54:178][  0]LogClass:Warning: Enum '/Game/AdvancedTurnBasedTileToolkit/Blueprints/Gameplay/Enums/Enum_DisplayObject.Enum_DisplayObject' was upgraded to use FText to store its display name data. Please re-save this asset to avoid issues with localization and determinstic cooking.
[2017.04.04-05.20.54:186][  0]LogClass:Warning: Enum '/Game/AdvancedTurnBasedTileToolkit/Blueprints/Gameplay/Enums/Enum_TileSpawn.Enum_TileSpawn' was upgraded to use FText to store its display name data. Please re-save this asset to avoid issues with localization and determinstic cooking.
[2017.04.04-05.20.54:209][  0]LogClass:Warning: Enum '/Game/AdvancedTurnBasedTileToolkit/Blueprints/Gameplay/Enums/Enum_MovePriority.Enum_MovePriority' was upgraded to use FText to store its display name data. Please re-save this asset to avoid issues with localization and determinstic cooking.
[2017.04.04-05.20.54:232][  0]LogClass:Warning: Enum '/Game/AdvancedTurnBasedTileToolkit/Blueprints/Gameplay/Enums/Enum_PathfindingType.Enum_PathfindingType' was upgraded to use FText to store its display name data. Please re-save this asset to avoid issues with localization and determinstic cooking.
[2017.04.04-05.20.56:437][  0]LogBlueprint:Warning: [Item_Data] 'CurrentPawn' variable not found. Base class was probably changed.
[2017.04.04-05.20.57:272][  0]LogClass:Warning: Enum '/Game/AdvancedTurnBasedTileToolkit/Blueprints/Gameplay/Enums/Enum_Faction.Enum_Faction' was upgraded to use FText to store its display name data. Please re-save this asset to avoid issues with localization and determinstic cooking.
[2017.04.04-05.20.59:129][  0]LogAIModule: Creating AISystem for world Map_Grid_Example
[2017.04.04-05.20.59:190][  0]LogEditorServer: Finished looking for orphan Actors (0.000 secs)
[2017.04.04-05.20.59:190][  0]Cmd: MAP CHECKDEP NOCLEARLOG
[2017.04.04-05.20.59:250][  0]MapCheck: Info Map check complete: 0 Error(s), 0 Warning(s), took 59.584ms to complete.
[2017.04.04-05.20.59:250][  0]LogFileHelpers: Loading map 'Map_Grid_Example' took 6.650
[2017.04.04-05.20.59:420][  0]LogCollectionManager: Loaded 0 collections in 0.001613 seconds
[2017.04.04-05.20.59:496][  0]LogFileCache: Scanning file cache for directory 'C:/Users/Noctis/Documents/GitHub/DMT-V/src/DMT_V/Saved/Collections/' took 0.01s
[2017.04.04-05.20.59:496][  0]LogFileCache: Scanning file cache for directory 'C:/Users/Noctis/Documents/GitHub/DMT-V/src/DMT_V/Content/Developers/Noctis/Collections/' took 0.01s
[2017.04.04-05.20.59:496][  0]LogFileCache: Scanning file cache for directory 'C:/Users/Noctis/Documents/GitHub/DMT-V/src/DMT_V/Content/Collections/' took 0.01s
[2017.04.04-05.20.59:496][  0]LogCollectionManager: Rebuilt the GUID cache for 0 collections in 0.000001 seconds
[2017.04.04-05.20.59:503][  0]LogContentBrowser: Native class hierarchy populated in 0.0074 seconds. Added 2245 classes and 453 folders.
[2017.04.04-05.20.59:506][  0]LogStats: UGameplayTagsManager::ConstructGameplayTagTree: Construct from data asset -  0.000 s
[2017.04.04-05.20.59:507][  0]LogStats: UGameplayTagsManager::ConstructGameplayTagTree: GameplayTagTreeChangedEvent.Broadcast -  0.000 s
[2017.04.04-05.20.59:566][  0]LogContentBrowser: Native class hierarchy updated for 'WidgetCarousel' in 0.0004 seconds. Added 0 classes and 0 folders.
[2017.04.04-05.20.59:601][  0]LogContentBrowser: Native class hierarchy updated for 'AddContentDialog' in 0.0004 seconds. Added 0 classes and 0 folders.
[2017.04.04-05.20.59:644][  0]LogContentBrowser: Native class hierarchy updated for 'SceneOutliner' in 0.0005 seconds. Added 1 classes and 2 folders.
[2017.04.04-05.20.59:689][  0]LogCrashTracker: Crashtracker disabled due to settings.
[2017.04.04-05.20.59:696][  0]LogUObjectGlobals:Warning: Failed to find object 'Class None.'
[2017.04.04-05.20.59:760][  0]LogContentBrowser: Native class hierarchy updated for 'HierarchicalLODOutliner' in 0.0006 seconds. Added 1 classes and 2 folders.
[2017.04.04-05.20.59:760][  0]LogLoad: (Engine Initialization) Total time: 23.74 seconds
[2017.04.04-05.20.59:760][  0]LogLoad: (Engine Initialization) Total Blueprint compile time: 3.13 seconds
[2017.04.04-05.20.59:760][  0]LogExternalProfiler: Found external profiler: VSPerf
[2017.04.04-05.20.59:760][  0]LogExternalProfiler: Using external profiler: VSPerf
[2017.04.04-05.21.00:101][  0]LogOcInput: OculusInput pre-init called
[2017.04.04-05.21.00:104][  0]LoadErrors:Error: Error /Game/AdvancedTurnBasedTileToolkit/UI/Game/Item_Data : Failed import for BoolProperty /Game/AdvancedTurnBasedTileToolkit/Blueprints/Gameplay/Structs/Struct_Item.Struct_Item:IsRanged?_59_668DB27A4F717D36D80C7E9B22AB05BF
[2017.04.04-05.21.00:104][  0]LoadErrors:Error: Error /Game/AdvancedTurnBasedTileToolkit/UI/Game/Item_Data : Failed import for ByteProperty /Game/AdvancedTurnBasedTileToolkit/Blueprints/Gameplay/Structs/Struct_Item.Struct_Item:ClassRestriction_60_086CD6DC43B1DF0D8944D4B1ECD707C5
[2017.04.04-05.21.00:122][  0]SourceControl: Info On branch master
[2017.04.04-05.21.00:122][  0]SourceControl: Info Your branch is ahead of 'origin/master' by 1 commit.
[2017.04.04-05.21.00:123][  0]SourceControl: Info   (use "git push" to publish your local commits)
[2017.04.04-05.21.00:123][  0]SourceControl: Info Changes to be committed:
[2017.04.04-05.21.00:123][  0]SourceControl: Info   (use "git reset HEAD <file>..." to unstage)
[2017.04.04-05.21.00:123][  0]SourceControl: Info 	new file:   src/DMT_V/Content/AdvancedTurnBasedTileToolkit/Characters/Erika_Archer_with_bow_arrow_fbm/Arrow_DIFF.uasset
[2017.04.04-05.21.00:123][  0]SourceControl: Info 	new file:   src/DMT_V/Content/AdvancedTurnBasedTileToolkit/Characters/Erika_Archer_with_bow_arrow_fbm/Arrow_NM.uasset
[2017.04.04-05.21.00:123][  0]SourceControl: Info 	copied:     src/DMT_V/Content/AdvancedTurnBasedTileToolkit/Characters/Huntress/FemaleFitA_Body_diffuse.uasset -> src/DMT_V/Content/AdvancedTurnBasedTileToolkit/Characters/FemaleFitA_Body_diffuse.uasset
[2017.04.04-05.21.00:123][  0]SourceControl: Info 	copied:     src/DMT_V/Content/AdvancedTurnBasedTileToolkit/Characters/Huntress/FemaleFitA_StdNM.uasset -> src/DMT_V/Content/AdvancedTurnBasedTileToolkit/Characters/FemaleFitA_StdNM.uasset
[2017.04.04-05.21.00:123][  0]SourceControl: Info 	modified:   src/DMT_V/Content/AdvancedTurnBasedTileToolkit/Characters/Huntress/Arrow_DIFF.uasset
[2017.04.04-05.21.00:123][  0]SourceControl: Info 	modified:   src/DMT_V/Content/AdvancedTurnBasedTileToolkit/Characters/Huntress/Arrow_NM.uasset
[2017.04.04-05.21.00:123][  0]SourceControl: Info 	copied:     src/DMT_V/Content/AdvancedTurnBasedTileToolkit/Characters/Huntress/Arrow_DIFF.uasset -> src/DMT_V/Content/AdvancedTurnBasedTileToolkit/Characters/Huntress/Erika_Archer_with_bow_arrow_fbm/Arrow_DIFF.uasset
[2017.04.04-05.21.00:123][  0]SourceControl: Info 	copied:     src/DMT_V/Content/AdvancedTurnBasedTileToolkit/Characters/Huntress/Arrow_NM.uasset -> src/DMT_V/Content/AdvancedTurnBasedTileToolkit/Characters/Huntress/Erika_Archer_with_bow_arrow_fbm/Arrow_NM.uasset
[2017.04.04-05.21.00:123][  0]SourceControl: Info 	modified:   src/DMT_V/Content/AdvancedTurnBasedTileToolkit/Characters/Huntress/FemaleFitA_Body_diffuse.uasset
[2017.04.04-05.21.00:123][  0]SourceControl: Info 	modified:   src/DMT_V/Content/AdvancedTurnBasedTileToolkit/Characters/Huntress/FemaleFitA_StdNM.uasset
[2017.04.04-05.21.00:123][  0]SourceControl: Info Changes not staged for commit:
[2017.04.04-05.21.00:123][  0]SourceControl: Info   (use "git add/rm <file>..." to update what will be committed)
[2017.04.04-05.21.00:123][  0]SourceControl: Info   (use "git checkout -- <file>..." to discard changes in working directory)
[2017.04.04-05.21.00:123][  0]SourceControl: Info 	modified:   src/DMT_V/Content/AdvancedTurnBasedTileToolkit/Characters/Huntress/Arrow_DIFF.uasset
[2017.04.04-05.21.00:123][  0]SourceControl: Info 	modified:   src/DMT_V/Content/AdvancedTurnBasedTileToolkit/Characters/Huntress/Arrow_NM.uasset
[2017.04.04-05.21.00:123][  0]SourceControl: Info 	modified:   src/DMT_V/Intermediate/CachedAssetRegistry.bin
[2017.04.04-05.21.00:123][  0]SourceControl: Info 	modified:   src/DMT_V/Saved/AutoScreenshot.png
[2017.04.04-05.21.00:123][  0]SourceControl: Info 	modified:   src/DMT_V/Saved/Config/Windows/Editor.ini
[2017.04.04-05.21.00:123][  0]SourceControl: Info 	modified:   src/DMT_V/Saved/Config/Windows/EditorPerProjectUserSettings.ini
[2017.04.04-05.21.00:123][  0]SourceControl: Info 	modified:   src/DMT_V/Saved/Config/Windows/SourceControlSettings.ini
[2017.04.04-05.21.00:123][  0]SourceControl: Info 	deleted:    src/DMT_V/Saved/Logs/DMT_V-backup-2017.04.03-22.02.46.log
[2017.04.04-05.21.00:123][  0]SourceControl: Info 	deleted:    src/DMT_V/Saved/Logs/DMT_V-backup-2017.04.03-23.34.02.log
[2017.04.04-05.21.00:123][  0]SourceControl: Info 	deleted:    src/DMT_V/Saved/Logs/DMT_V-backup-2017.04.03-23.48.14.log
[2017.04.04-05.21.00:123][  0]SourceControl: Info 	deleted:    src/DMT_V/Saved/Logs/DMT_V-backup-2017.04.03-23.52.42.log
[2017.04.04-05.21.00:123][  0]SourceControl: Info 	deleted:    src/DMT_V/Saved/Logs/DMT_V-backup-2017.04.04-00.03.59.log
[2017.04.04-05.21.00:123][  0]SourceControl: Info 	modified:   src/DMT_V/Saved/Logs/DMT_V.log
[2017.04.04-05.21.00:123][  0]SourceControl: Info Untracked files:
[2017.04.04-05.21.00:123][  0]SourceControl: Info   (use "git add <file>..." to include in what will be committed)
[2017.04.04-05.21.00:123][  0]SourceControl: Info 	src/DMT_V/Saved/Backup/Arrow_DIFF_2017-04-04-01-18-38.uasset
[2017.04.04-05.21.00:123][  0]SourceControl: Info 	src/DMT_V/Saved/Backup/Arrow_NM_2017-04-04-01-18-38.uasset
[2017.04.04-05.21.00:123][  0]SourceControl: Info 	src/DMT_V/Saved/Backup/FemaleFitA_Body_diffuse_2017-04-04-01-19-00.uasset
[2017.04.04-05.21.00:123][  0]SourceControl: Info 	src/DMT_V/Saved/Backup/FemaleFitA_StdNM_2017-04-04-01-19-00.uasset
[2017.04.04-05.21.00:123][  0]SourceControl: Info 	src/DMT_V/Saved/Logs/DMT_V-backup-2017.04.04-00.54.40.log
[2017.04.04-05.21.00:123][  0]SourceControl: Info 	src/DMT_V/Saved/Logs/DMT_V-backup-2017.04.04-01.07.46.log
[2017.04.04-05.21.00:123][  0]SourceControl: Info 	src/DMT_V/Saved/Logs/DMT_V-backup-2017.04.04-01.16.36.log
[2017.04.04-05.21.00:123][  0]SourceControl: Info 	src/DMT_V/Saved/Logs/DMT_V-backup-2017.04.04-01.19.20.log
[2017.04.04-05.21.00:123][  0]SourceControl: Info 	src/DMT_V/Saved/Logs/DMT_V-backup-2017.04.04-01.20.37.log
[2017.04.04-05.21.00:123][  0]SourceControl: Info 	src/DMT_V/Saved/Logs/UE4CC-Windows-4AE53BE549BB223F5C0E14A12AAB3B32/
[2017.04.04-05.21.00:123][  0]SourceControl: Info 	src/DMT_V/Saved/Logs/UE4CC-Windows-5281E16A4AB2D9A26A4117B23D70DD33/
[2017.04.04-05.21.00:123][  0]SourceControl: Info 	src/DMT_V/Saved/Logs/UE4CC-Windows-5A8E914F4AE4DFD56EB14EB847357030/
[2017.04.04-05.21.00:123][  0]SourceControl: Info 	src/DMT_V/Saved/Logs/UE4CC-Windows-614608504906627267E5E990B6BBF3E2/
[2017.04.04-05.21.00:123][  0]SourceControl: Info 	src/DMT_V/Saved/Logs/UE4CC-Windows-614608504906627267E5E990B6BBF3E2_0000/
[2017.04.04-05.21.00:123][  0]SourceControl: Info 	src/DMT_V/Saved/Logs/UE4CC-Windows-B264CE4C422158081F783D8189B9F483/
[2017.04.04-05.21.00:123][  0]LogContentStreaming: Texture pool size now 400 MB
[2017.04.04-05.21.00:139][  0]LogSlate: Took 0.000151 seconds to synchronously load lazily loaded font '../../../Engine/Content/Slate/Fonts/Roboto-Regular.ttf' (155K)
[2017.04.04-05.21.00:142][  0]LogSlate: Took 0.000164 seconds to synchronously load lazily loaded font '../../../Engine/Content/Slate/Fonts/Roboto-Bold.ttf' (160K)
[2017.04.04-05.21.00:146][  0]LogSlate: Took 0.000186 seconds to synchronously load lazily loaded font '../../../Engine/Content/Editor/Slate/Fonts/FontAwesome.ttf' (139K)
[2017.04.04-05.21.00:288][  0]LogRenderer: Reallocating scene render targets to support 1208x576 NumSamples 1 (Frame:2).
[2017.04.04-05.21.00:328][  0]LogSlate: Took 0.000168 seconds to synchronously load lazily loaded font '../../../Engine/Content/Slate/Fonts/Roboto-Light.ttf' (159K)
[2017.04.04-05.21.00:773][  2]LogAssetRegistry: Asset discovery search completed in 16.6169 seconds
[2017.04.04-05.21.00:773][  2]LogCollectionManager: Rebuilt the object cache for 0 collections in 0.000006 seconds (found 0 objects)
[2017.04.04-05.21.00:773][  2]LogCollectionManager: Fixed up redirectors for 0 collections in 0.000017 seconds (updated 0 objects)
[2017.04.04-05.21.22:367][283]SourceControl: Info On branch master
[2017.04.04-05.21.22:367][283]SourceControl: Info Your branch is ahead of 'origin/master' by 1 commit.
[2017.04.04-05.21.22:367][283]SourceControl: Info   (use "git push" to publish your local commits)
[2017.04.04-05.21.22:367][283]SourceControl: Info Changes to be committed:
[2017.04.04-05.21.22:367][283]SourceControl: Info   (use "git reset HEAD <file>..." to unstage)
[2017.04.04-05.21.22:367][283]SourceControl: Info 	new file:   src/DMT_V/Content/AdvancedTurnBasedTileToolkit/Characters/Erika_Archer_with_bow_arrow_fbm/Arrow_DIFF.uasset
[2017.04.04-05.21.22:367][283]SourceControl: Info 	new file:   src/DMT_V/Content/AdvancedTurnBasedTileToolkit/Characters/Erika_Archer_with_bow_arrow_fbm/Arrow_NM.uasset
[2017.04.04-05.21.22:367][283]SourceControl: Info 	copied:     src/DMT_V/Content/AdvancedTurnBasedTileToolkit/Characters/Huntress/FemaleFitA_Body_diffuse.uasset -> src/DMT_V/Content/AdvancedTurnBasedTileToolkit/Characters/FemaleFitA_Body_diffuse.uasset
[2017.04.04-05.21.22:367][283]SourceControl: Info 	copied:     src/DMT_V/Content/AdvancedTurnBasedTileToolkit/Characters/Huntress/FemaleFitA_StdNM.uasset -> src/DMT_V/Content/AdvancedTurnBasedTileToolkit/Characters/FemaleFitA_StdNM.uasset
[2017.04.04-05.21.22:367][283]SourceControl: Info 	modified:   src/DMT_V/Content/AdvancedTurnBasedTileToolkit/Characters/Huntress/Arrow_DIFF.uasset
[2017.04.04-05.21.22:367][283]SourceControl: Info 	modified:   src/DMT_V/Content/AdvancedTurnBasedTileToolkit/Characters/Huntress/Arrow_NM.uasset
[2017.04.04-05.21.22:367][283]SourceControl: Info 	copied:     src/DMT_V/Content/AdvancedTurnBasedTileToolkit/Characters/Huntress/Arrow_DIFF.uasset -> src/DMT_V/Content/AdvancedTurnBasedTileToolkit/Characters/Huntress/Erika_Archer_with_bow_arrow_fbm/Arrow_DIFF.uasset
[2017.04.04-05.21.22:367][283]SourceControl: Info 	copied:     src/DMT_V/Content/AdvancedTurnBasedTileToolkit/Characters/Huntress/Arrow_NM.uasset -> src/DMT_V/Content/AdvancedTurnBasedTileToolkit/Characters/Huntress/Erika_Archer_with_bow_arrow_fbm/Arrow_NM.uasset
[2017.04.04-05.21.22:367][283]SourceControl: Info 	modified:   src/DMT_V/Content/AdvancedTurnBasedTileToolkit/Characters/Huntress/FemaleFitA_Body_diffuse.uasset
[2017.04.04-05.21.22:367][283]SourceControl: Info 	modified:   src/DMT_V/Content/AdvancedTurnBasedTileToolkit/Characters/Huntress/FemaleFitA_StdNM.uasset
[2017.04.04-05.21.22:367][283]SourceControl: Info Changes not staged for commit:
[2017.04.04-05.21.22:367][283]SourceControl: Info   (use "git add/rm <file>..." to update what will be committed)
[2017.04.04-05.21.22:367][283]SourceControl: Info   (use "git checkout -- <file>..." to discard changes in working directory)
[2017.04.04-05.21.22:367][283]SourceControl: Info 	modified:   src/DMT_V/Content/AdvancedTurnBasedTileToolkit/Characters/Huntress/Arrow_DIFF.uasset
[2017.04.04-05.21.22:367][283]SourceControl: Info 	modified:   src/DMT_V/Content/AdvancedTurnBasedTileToolkit/Characters/Huntress/Arrow_NM.uasset
[2017.04.04-05.21.22:367][283]SourceControl: Info 	modified:   src/DMT_V/Intermediate/CachedAssetRegistry.bin
[2017.04.04-05.21.22:367][283]SourceControl: Info 	modified:   src/DMT_V/Saved/AutoScreenshot.png
[2017.04.04-05.21.22:367][283]SourceControl: Info 	modified:   src/DMT_V/Saved/Config/Windows/Editor.ini
[2017.04.04-05.21.22:367][283]SourceControl: Info 	modified:   src/DMT_V/Saved/Config/Windows/EditorPerProjectUserSettings.ini
[2017.04.04-05.21.22:367][283]SourceControl: Info 	modified:   src/DMT_V/Saved/Config/Windows/SourceControlSettings.ini
[2017.04.04-05.21.22:367][283]SourceControl: Info 	deleted:    src/DMT_V/Saved/Logs/DMT_V-backup-2017.04.03-22.02.46.log
[2017.04.04-05.21.22:367][283]SourceControl: Info 	deleted:    src/DMT_V/Saved/Logs/DMT_V-backup-2017.04.03-23.34.02.log
[2017.04.04-05.21.22:367][283]SourceControl: Info 	deleted:    src/DMT_V/Saved/Logs/DMT_V-backup-2017.04.03-23.48.14.log
[2017.04.04-05.21.22:367][283]SourceControl: Info 	deleted:    src/DMT_V/Saved/Logs/DMT_V-backup-2017.04.03-23.52.42.log
[2017.04.04-05.21.22:367][283]SourceControl: Info 	deleted:    src/DMT_V/Saved/Logs/DMT_V-backup-2017.04.04-00.03.59.log
[2017.04.04-05.21.22:367][283]SourceControl: Info 	modified:   src/DMT_V/Saved/Logs/DMT_V.log
[2017.04.04-05.21.22:367][283]SourceControl: Info Untracked files:
[2017.04.04-05.21.22:367][283]SourceControl: Info   (use "git add <file>..." to include in what will be committed)
[2017.04.04-05.21.22:367][283]SourceControl: Info 	src/DMT_V/Saved/Backup/Arrow_DIFF_2017-04-04-01-18-38.uasset
[2017.04.04-05.21.22:367][283]SourceControl: Info 	src/DMT_V/Saved/Backup/Arrow_NM_2017-04-04-01-18-38.uasset
[2017.04.04-05.21.22:367][283]SourceControl: Info 	src/DMT_V/Saved/Backup/FemaleFitA_Body_diffuse_2017-04-04-01-19-00.uasset
[2017.04.04-05.21.22:367][283]SourceControl: Info 	src/DMT_V/Saved/Backup/FemaleFitA_StdNM_2017-04-04-01-19-00.uasset
[2017.04.04-05.21.22:367][283]SourceControl: Info 	src/DMT_V/Saved/Logs/DMT_V-backup-2017.04.04-00.54.40.log
[2017.04.04-05.21.22:367][283]SourceControl: Info 	src/DMT_V/Saved/Logs/DMT_V-backup-2017.04.04-01.07.46.log
[2017.04.04-05.21.22:367][283]SourceControl: Info 	src/DMT_V/Saved/Logs/DMT_V-backup-2017.04.04-01.16.36.log
[2017.04.04-05.21.22:367][283]SourceControl: Info 	src/DMT_V/Saved/Logs/DMT_V-backup-2017.04.04-01.19.20.log
[2017.04.04-05.21.22:367][283]SourceControl: Info 	src/DMT_V/Saved/Logs/DMT_V-backup-2017.04.04-01.20.37.log
[2017.04.04-05.21.22:367][283]SourceControl: Info 	src/DMT_V/Saved/Logs/UE4CC-Windows-4AE53BE549BB223F5C0E14A12AAB3B32/
[2017.04.04-05.21.22:367][283]SourceControl: Info 	src/DMT_V/Saved/Logs/UE4CC-Windows-5281E16A4AB2D9A26A4117B23D70DD33/
[2017.04.04-05.21.22:367][283]SourceControl: Info 	src/DMT_V/Saved/Logs/UE4CC-Windows-5A8E914F4AE4DFD56EB14EB847357030/
[2017.04.04-05.21.22:367][283]SourceControl: Info 	src/DMT_V/Saved/Logs/UE4CC-Windows-614608504906627267E5E990B6BBF3E2/
[2017.04.04-05.21.22:367][283]SourceControl: Info 	src/DMT_V/Saved/Logs/UE4CC-Windows-614608504906627267E5E990B6BBF3E2_0000/
[2017.04.04-05.21.22:368][283]SourceControl: Info 	src/DMT_V/Saved/Logs/UE4CC-Windows-B264CE4C422158081F783D8189B9F483/
[2017.04.04-05.21.22:445][283]LogSlate: Took 0.000104 seconds to synchronously load lazily loaded font '../../../Engine/Content/Slate/Fonts/Roboto-Light.ttf' (159K)
[2017.04.04-05.21.23:020][283]LogSavePackage: Save=71.60ms
[2017.04.04-05.21.23:020][283]LogSavePackage: Moving '../../../../../../Users/Noctis/Documents/GitHub/DMT-V/src/DMT_V/Saved/FemaleFitA_Body_diffuse0ACA4810482113880BC2A4B7D454BE02.tmp' to '../../../../../../Users/Noctis/Documents/GitHub/DMT-V/src/DMT_V/Content/AdvancedTurnBasedTileToolkit/Characters/Huntress/FemaleFitA_Body_diffuse.uasset'
[2017.04.04-05.21.23:022][283]LogSavePackage:Display: Finished SavePackage ../../../../../../Users/Noctis/Documents/GitHub/DMT-V/src/DMT_V/Content/AdvancedTurnBasedTileToolkit/Characters/Huntress/FemaleFitA_Body_diffuse.uasset
[2017.04.04-05.21.23:088][283]LogSavePackage: Save=46.83ms
[2017.04.04-05.21.23:088][283]LogSavePackage: Moving '../../../../../../Users/Noctis/Documents/GitHub/DMT-V/src/DMT_V/Saved/FemaleFitA_StdNM1D5654604C764658C1D382A54614B9C0.tmp' to '../../../../../../Users/Noctis/Documents/GitHub/DMT-V/src/DMT_V/Content/AdvancedTurnBasedTileToolkit/Characters/Huntress/FemaleFitA_StdNM.uasset'
[2017.04.04-05.21.23:091][283]LogSavePackage:Display: Finished SavePackage ../../../../../../Users/Noctis/Documents/GitHub/DMT-V/src/DMT_V/Content/AdvancedTurnBasedTileToolkit/Characters/Huntress/FemaleFitA_StdNM.uasset
[2017.04.04-05.21.24:517][283]LogSavePackage: Save=249.46ms
[2017.04.04-05.21.24:517][283]LogSavePackage: Moving '../../../../../../Users/Noctis/Documents/GitHub/DMT-V/src/DMT_V/Saved/ATBTT_PlayerControllerEC61894C4311048C9C5A1B9A96967B22.tmp' to '../../../../../../Users/Noctis/Documents/GitHub/DMT-V/src/DMT_V/Content/AdvancedTurnBasedTileToolkit/Blueprints/Gameplay/ATBTT_PlayerController.uasset'
[2017.04.04-05.21.24:519][283]LogSavePackage:Display: Finished SavePackage ../../../../../../Users/Noctis/Documents/GitHub/DMT-V/src/DMT_V/Content/AdvancedTurnBasedTileToolkit/Blueprints/Gameplay/ATBTT_PlayerController.uasset
[2017.04.04-05.21.24:599][283]LogSavePackage: Save=66.32ms
[2017.04.04-05.21.24:599][283]LogSavePackage: Moving '../../../../../../Users/Noctis/Documents/GitHub/DMT-V/src/DMT_V/Saved/FemaleFitA_Body_diffuse93AFB3C64A33640DB616BBB3AD89E5A0.tmp' to '../../../../../../Users/Noctis/Documents/GitHub/DMT-V/src/DMT_V/Content/AdvancedTurnBasedTileToolkit/Characters/Huntress/FemaleFitA_Body_diffuse.uasset'
[2017.04.04-05.21.24:600][283]LogSavePackage:Display: Finished SavePackage ../../../../../../Users/Noctis/Documents/GitHub/DMT-V/src/DMT_V/Content/AdvancedTurnBasedTileToolkit/Characters/Huntress/FemaleFitA_Body_diffuse.uasset
[2017.04.04-05.21.24:657][283]LogSavePackage: Save=43.05ms
[2017.04.04-05.21.24:657][283]LogSavePackage: Moving '../../../../../../Users/Noctis/Documents/GitHub/DMT-V/src/DMT_V/Saved/FemaleFitA_StdNMDF49C24C4B118B2105FE22B4EA96B46B.tmp' to '../../../../../../Users/Noctis/Documents/GitHub/DMT-V/src/DMT_V/Content/AdvancedTurnBasedTileToolkit/Characters/Huntress/FemaleFitA_StdNM.uasset'
[2017.04.04-05.21.24:659][283]LogSavePackage:Display: Finished SavePackage ../../../../../../Users/Noctis/Documents/GitHub/DMT-V/src/DMT_V/Content/AdvancedTurnBasedTileToolkit/Characters/Huntress/FemaleFitA_StdNM.uasset
[2017.04.04-05.21.24:825][293]SourceControl:Error: Error fatal: Invalid path '/Temp': No such file or directory
[2017.04.04-05.21.37:188][742]SourceControl: Info On branch master
[2017.04.04-05.21.37:188][742]SourceControl: Info Your branch is ahead of 'origin/master' by 1 commit.
[2017.04.04-05.21.37:188][742]SourceControl: Info   (use "git push" to publish your local commits)
[2017.04.04-05.21.37:188][742]SourceControl: Info Changes to be committed:
[2017.04.04-05.21.37:188][742]SourceControl: Info   (use "git reset HEAD <file>..." to unstage)
[2017.04.04-05.21.37:188][742]SourceControl: Info 	new file:   src/DMT_V/Content/AdvancedTurnBasedTileToolkit/Characters/Erika_Archer_with_bow_arrow_fbm/Arrow_DIFF.uasset
[2017.04.04-05.21.37:188][742]SourceControl: Info 	new file:   src/DMT_V/Content/AdvancedTurnBasedTileToolkit/Characters/Erika_Archer_with_bow_arrow_fbm/Arrow_NM.uasset
[2017.04.04-05.21.37:188][742]SourceControl: Info 	copied:     src/DMT_V/Content/AdvancedTurnBasedTileToolkit/Characters/Huntress/FemaleFitA_Body_diffuse.uasset -> src/DMT_V/Content/AdvancedTurnBasedTileToolkit/Characters/FemaleFitA_Body_diffuse.uasset
[2017.04.04-05.21.37:188][742]SourceControl: Info 	copied:     src/DMT_V/Content/AdvancedTurnBasedTileToolkit/Characters/Huntress/FemaleFitA_StdNM.uasset -> src/DMT_V/Content/AdvancedTurnBasedTileToolkit/Characters/FemaleFitA_StdNM.uasset
[2017.04.04-05.21.37:188][742]SourceControl: Info 	modified:   src/DMT_V/Content/AdvancedTurnBasedTileToolkit/Characters/Huntress/Arrow_DIFF.uasset
[2017.04.04-05.21.37:188][742]SourceControl: Info 	modified:   src/DMT_V/Content/AdvancedTurnBasedTileToolkit/Characters/Huntress/Arrow_NM.uasset
[2017.04.04-05.21.37:188][742]SourceControl: Info 	copied:     src/DMT_V/Content/AdvancedTurnBasedTileToolkit/Characters/Huntress/Arrow_DIFF.uasset -> src/DMT_V/Content/AdvancedTurnBasedTileToolkit/Characters/Huntress/Erika_Archer_with_bow_arrow_fbm/Arrow_DIFF.uasset
[2017.04.04-05.21.37:188][742]SourceControl: Info 	copied:     src/DMT_V/Content/AdvancedTurnBasedTileToolkit/Characters/Huntress/Arrow_NM.uasset -> src/DMT_V/Content/AdvancedTurnBasedTileToolkit/Characters/Huntress/Erika_Archer_with_bow_arrow_fbm/Arrow_NM.uasset
[2017.04.04-05.21.37:188][742]SourceControl: Info 	modified:   src/DMT_V/Content/AdvancedTurnBasedTileToolkit/Characters/Huntress/FemaleFitA_Body_diffuse.uasset
[2017.04.04-05.21.37:188][742]SourceControl: Info 	modified:   src/DMT_V/Content/AdvancedTurnBasedTileToolkit/Characters/Huntress/FemaleFitA_StdNM.uasset
[2017.04.04-05.21.37:188][742]SourceControl: Info Changes not staged for commit:
[2017.04.04-05.21.37:188][742]SourceControl: Info   (use "git add/rm <file>..." to update what will be committed)
[2017.04.04-05.21.37:188][742]SourceControl: Info   (use "git checkout -- <file>..." to discard changes in working directory)
[2017.04.04-05.21.37:188][742]SourceControl: Info 	modified:   src/DMT_V/Content/AdvancedTurnBasedTileToolkit/Blueprints/Gameplay/ATBTT_PlayerController.uasset
[2017.04.04-05.21.37:188][742]SourceControl: Info 	modified:   src/DMT_V/Content/AdvancedTurnBasedTileToolkit/Characters/Huntress/Arrow_DIFF.uasset
[2017.04.04-05.21.37:188][742]SourceControl: Info 	modified:   src/DMT_V/Content/AdvancedTurnBasedTileToolkit/Characters/Huntress/Arrow_NM.uasset
[2017.04.04-05.21.37:188][742]SourceControl: Info 	modified:   src/DMT_V/Content/AdvancedTurnBasedTileToolkit/Characters/Huntress/FemaleFitA_Body_diffuse.uasset
[2017.04.04-05.21.37:188][742]SourceControl: Info 	modified:   src/DMT_V/Content/AdvancedTurnBasedTileToolkit/Characters/Huntress/FemaleFitA_StdNM.uasset
[2017.04.04-05.21.37:188][742]SourceControl: Info 	modified:   src/DMT_V/Intermediate/CachedAssetRegistry.bin
[2017.04.04-05.21.37:188][742]SourceControl: Info 	modified:   src/DMT_V/Saved/AutoScreenshot.png
[2017.04.04-05.21.37:188][742]SourceControl: Info 	modified:   src/DMT_V/Saved/Autosaves/PackageRestoreData.json
[2017.04.04-05.21.37:188][742]SourceControl: Info 	modified:   src/DMT_V/Saved/Config/Windows/Editor.ini
[2017.04.04-05.21.37:188][742]SourceControl: Info 	modified:   src/DMT_V/Saved/Config/Windows/EditorPerProjectUserSettings.ini
[2017.04.04-05.21.37:188][742]SourceControl: Info 	modified:   src/DMT_V/Saved/Config/Windows/SourceControlSettings.ini
[2017.04.04-05.21.37:188][742]SourceControl: Info 	deleted:    src/DMT_V/Saved/Logs/DMT_V-backup-2017.04.03-22.02.46.log
[2017.04.04-05.21.37:188][742]SourceControl: Info 	deleted:    src/DMT_V/Saved/Logs/DMT_V-backup-2017.04.03-23.34.02.log
[2017.04.04-05.21.37:188][742]SourceControl: Info 	deleted:    src/DMT_V/Saved/Logs/DMT_V-backup-2017.04.03-23.48.14.log
[2017.04.04-05.21.37:188][742]SourceControl: Info 	deleted:    src/DMT_V/Saved/Logs/DMT_V-backup-2017.04.03-23.52.42.log
[2017.04.04-05.21.37:188][742]SourceControl: Info 	deleted:    src/DMT_V/Saved/Logs/DMT_V-backup-2017.04.04-00.03.59.log
[2017.04.04-05.21.37:188][742]SourceControl: Info 	modified:   src/DMT_V/Saved/Logs/DMT_V.log
[2017.04.04-05.21.37:188][742]SourceControl: Info Untracked files:
[2017.04.04-05.21.37:188][742]SourceControl: Info   (use "git add <file>..." to include in what will be committed)
[2017.04.04-05.21.37:188][742]SourceControl: Info 	src/DMT_V/Saved/Backup/ATBTT_PlayerController_2017-04-04-01-21-24.uasset
[2017.04.04-05.21.37:188][742]SourceControl: Info 	src/DMT_V/Saved/Backup/Arrow_DIFF_2017-04-04-01-18-38.uasset
[2017.04.04-05.21.37:188][742]SourceControl: Info 	src/DMT_V/Saved/Backup/Arrow_NM_2017-04-04-01-18-38.uasset
[2017.04.04-05.21.37:188][742]SourceControl: Info 	src/DMT_V/Saved/Backup/FemaleFitA_Body_diffuse_2017-04-04-01-19-00.uasset
[2017.04.04-05.21.37:188][742]SourceControl: Info 	src/DMT_V/Saved/Backup/FemaleFitA_StdNM_2017-04-04-01-19-00.uasset
[2017.04.04-05.21.37:188][742]SourceControl: Info 	src/DMT_V/Saved/Logs/DMT_V-backup-2017.04.04-00.54.40.log
[2017.04.04-05.21.37:188][742]SourceControl: Info 	src/DMT_V/Saved/Logs/DMT_V-backup-2017.04.04-01.07.46.log
[2017.04.04-05.21.37:188][742]SourceControl: Info 	src/DMT_V/Saved/Logs/DMT_V-backup-2017.04.04-01.16.36.log
[2017.04.04-05.21.37:188][742]SourceControl: Info 	src/DMT_V/Saved/Logs/DMT_V-backup-2017.04.04-01.19.20.log
[2017.04.04-05.21.37:188][742]SourceControl: Info 	src/DMT_V/Saved/Logs/DMT_V-backup-2017.04.04-01.20.37.log
[2017.04.04-05.21.37:188][742]SourceControl: Info 	src/DMT_V/Saved/Logs/UE4CC-Windows-4AE53BE549BB223F5C0E14A12AAB3B32/
[2017.04.04-05.21.37:188][742]SourceControl: Info 	src/DMT_V/Saved/Logs/UE4CC-Windows-5281E16A4AB2D9A26A4117B23D70DD33/
[2017.04.04-05.21.37:188][742]SourceControl: Info 	src/DMT_V/Saved/Logs/UE4CC-Windows-5A8E914F4AE4DFD56EB14EB847357030/
[2017.04.04-05.21.37:188][742]SourceControl: Info 	src/DMT_V/Saved/Logs/UE4CC-Windows-614608504906627267E5E990B6BBF3E2/
[2017.04.04-05.21.37:188][742]SourceControl: Info 	src/DMT_V/Saved/Logs/UE4CC-Windows-614608504906627267E5E990B6BBF3E2_0000/
[2017.04.04-05.21.37:188][742]SourceControl: Info 	src/DMT_V/Saved/Logs/UE4CC-Windows-B264CE4C422158081F783D8189B9F483/
[2017.04.04-05.21.37:683][742]LogSavePackage: Save=12.37ms
[2017.04.04-05.21.37:684][742]LogSavePackage: Moving '../../../../../../Users/Noctis/Documents/GitHub/DMT-V/src/DMT_V/Saved/Arrow_NME55F7027447C44E685BD22B70F3263CF.tmp' to '../../../../../../Users/Noctis/Documents/GitHub/DMT-V/src/DMT_V/Content/AdvancedTurnBasedTileToolkit/Characters/Huntress/Arrow_NM.uasset'
[2017.04.04-05.21.37:686][742]LogSavePackage:Display: Finished SavePackage ../../../../../../Users/Noctis/Documents/GitHub/DMT-V/src/DMT_V/Content/AdvancedTurnBasedTileToolkit/Characters/Huntress/Arrow_NM.uasset
[2017.04.04-05.21.37:720][742]LogSavePackage: Save=12.47ms
[2017.04.04-05.21.37:720][742]LogSavePackage: Moving '../../../../../../Users/Noctis/Documents/GitHub/DMT-V/src/DMT_V/Saved/Arrow_DIFFCC53DBF146765B1071E7EC83D18167C8.tmp' to '../../../../../../Users/Noctis/Documents/GitHub/DMT-V/src/DMT_V/Content/AdvancedTurnBasedTileToolkit/Characters/Huntress/Arrow_DIFF.uasset'
[2017.04.04-05.21.37:722][742]LogSavePackage:Display: Finished SavePackage ../../../../../../Users/Noctis/Documents/GitHub/DMT-V/src/DMT_V/Content/AdvancedTurnBasedTileToolkit/Characters/Huntress/Arrow_DIFF.uasset
[2017.04.04-05.21.38:637][742]LogSavePackage: Save=7.37ms
[2017.04.04-05.21.38:637][742]LogSavePackage: Moving '../../../../../../Users/Noctis/Documents/GitHub/DMT-V/src/DMT_V/Saved/Arrow_NM44CF387D45937D3E6AB32CB5EA40C760.tmp' to '../../../../../../Users/Noctis/Documents/GitHub/DMT-V/src/DMT_V/Content/AdvancedTurnBasedTileToolkit/Characters/Huntress/Arrow_NM.uasset'
[2017.04.04-05.21.38:638][742]LogSavePackage:Display: Finished SavePackage ../../../../../../Users/Noctis/Documents/GitHub/DMT-V/src/DMT_V/Content/AdvancedTurnBasedTileToolkit/Characters/Huntress/Arrow_NM.uasset
[2017.04.04-05.21.38:655][742]LogSavePackage: Save=6.25ms
[2017.04.04-05.21.38:655][742]LogSavePackage: Moving '../../../../../../Users/Noctis/Documents/GitHub/DMT-V/src/DMT_V/Saved/Arrow_DIFFA4BA85444BCA2474482977ABD939125B.tmp' to '../../../../../../Users/Noctis/Documents/GitHub/DMT-V/src/DMT_V/Content/AdvancedTurnBasedTileToolkit/Characters/Huntress/Arrow_DIFF.uasset'
[2017.04.04-05.21.38:656][742]LogSavePackage:Display: Finished SavePackage ../../../../../../Users/Noctis/Documents/GitHub/DMT-V/src/DMT_V/Content/AdvancedTurnBasedTileToolkit/Characters/Huntress/Arrow_DIFF.uasset
[2017.04.04-05.21.38:697][742]LogSavePackage: Save=28.41ms
[2017.04.04-05.21.38:697][742]LogSavePackage: Moving '../../../../../../Users/Noctis/Documents/GitHub/DMT-V/src/DMT_V/Saved/Inventory8E072BFB46EE4AA3344416956CD2B044.tmp' to '../../../../../../Users/Noctis/Documents/GitHub/DMT-V/src/DMT_V/Content/AdvancedTurnBasedTileToolkit/UI/Game/Inventory.uasset'
[2017.04.04-05.21.38:698][742]LogSavePackage:Display: Finished SavePackage ../../../../../../Users/Noctis/Documents/GitHub/DMT-V/src/DMT_V/Content/AdvancedTurnBasedTileToolkit/UI/Game/Inventory.uasset
[2017.04.04-05.23.01:137][531]LogScriptCore:Warning: Script Msg: Attempted to access index 0 from array CallFunc_GetAllActorsOfClass_OutActors of length 0!
[2017.04.04-05.23.01:137][531]LogScript:Warning: Accessed None trying to read property GridManagerRef
	Heightmap_Actor_C /Engine/Transient.World_1:PersistentLevel.Heightmap_Actor_C_0
	Function /Game/AdvancedTurnBasedTileToolkit/Blueprints/Heightmap_Actor.Heightmap_Actor_C:UserConstructionScript:0250
[2017.04.04-05.23.01:137][531]LogScript:Warning: Accessed None trying to read property GridManagerRef
	Heightmap_Actor_C /Engine/Transient.World_1:PersistentLevel.Heightmap_Actor_C_0
	Function /Game/AdvancedTurnBasedTileToolkit/Blueprints/Heightmap_Actor.Heightmap_Actor_C:UserConstructionScript:02B0
[2017.04.04-05.23.36:881][788]SourceControl: Info fatal: C:/Program Files/Epic Games/UE_4.15/Engine/Content/: 'C:/Program Files/Epic Games/UE_4.15/Engine/Content/' is outside repository
[2017.04.04-05.23.36:990][788]LogPackageName:Error: Illegal call to DoesPackageExist: '../../../../../../Users/Noctis/Documents/GitHub/DMT-V/src/DMT_V/DMT_V.uproject' is not a standard unreal filename or a long path name. Reason: Path should be no less than 4 characters long.
[2017.04.04-05.23.37:238][788]LogStats: FPlatformStackWalk::StackWalkAndDump -  0.248 s
[2017.04.04-05.23.37:238][788]LogOutputDevice:Error: === Handled ensure: ===
[2017.04.04-05.23.37:238][788]LogOutputDevice:Error: 
[2017.04.04-05.23.37:238][788]LogOutputDevice:Error: Ensure condition failed: false [File:D:\Build\++UE4+Release-4.15+Compile\Sync\Engine\Source\Runtime\CoreUObject\Private\Misc\PackageName.cpp] [Line: 650]
[2017.04.04-05.23.37:238][788]LogOutputDevice:Error: Illegal call to DoesPackageExist: '../../../../../../Users/Noctis/Documents/GitHub/DMT-V/src/DMT_V/DMT_V.uproject' is not a standard unreal filename or a long path name. Reason: Path should be no less than 4 characters long.
[2017.04.04-05.23.37:238][788]LogOutputDevice:Error: Stack: 
[2017.04.04-05.23.37:238][788]LogOutputDevice:Error: UE4Editor-Core.dll!0x00000000EFC995E6
[2017.04.04-05.23.37:238][788]LogOutputDevice:Error: UE4Editor-Core.dll!0x00000000EFA49B82
[2017.04.04-05.23.37:238][788]LogOutputDevice:Error: UE4Editor-Core.dll!0x00000000EFA5B666
[2017.04.04-05.23.37:238][788]LogOutputDevice:Error: UE4Editor-CoreUObject.dll!0x00000000FF1DA6B8
[2017.04.04-05.23.37:238][788]LogOutputDevice:Error: UE4Editor-SourceControl.dll!0x00000000F7713D22
[2017.04.04-05.23.37:238][788]LogOutputDevice:Error: UE4Editor-SourceControl.dll!0x00000000F7713EB9
[2017.04.04-05.23.37:238][788]LogOutputDevice:Error: UE4Editor-SourceControlWindows.dll!0x00000000E9B71D2E
[2017.04.04-05.23.37:238][788]LogOutputDevice:Error: UE4Editor-SourceControlWindows.dll!0x00000000E9B2B4B5
[2017.04.04-05.23.37:238][788]LogOutputDevice:Error: UE4Editor-SourceControlWindows.dll!0x00000000E9B2AA8D
[2017.04.04-05.23.37:238][788]LogOutputDevice:Error: UE4Editor-SourceControlWindows.dll!0x00000000E9B3F274
[2017.04.04-05.23.37:238][788]LogOutputDevice:Error: UE4Editor-GitSourceControl.dll!0x00000000CB83B851
[2017.04.04-05.23.37:238][788]LogOutputDevice:Error: UE4Editor-GitSourceControl.dll!0x00000000CB84D1ED
[2017.04.04-05.23.37:238][788]LogOutputDevice:Error: UE4Editor-SourceControl.dll!0x00000000F7719C5C
[2017.04.04-05.23.37:238][788]LogOutputDevice:Error: UE4Editor-UnrealEd.dll!0x00000000E6E97517
[2017.04.04-05.23.37:238][788]LogOutputDevice:Error: UE4Editor-UnrealEd.dll!0x00000000E76A2086
[2017.04.04-05.23.37:238][788]LogOutputDevice:Error: UE4Editor.exe!0x000000003FF8DEE3
[2017.04.04-05.23.37:238][788]LogOutputDevice:Error: UE4Editor.exe!0x000000003FF7EB40
[2017.04.04-05.23.37:238][788]LogOutputDevice:Error: UE4Editor.exe!0x000000003FF7EBBA
[2017.04.04-05.23.37:238][788]LogOutputDevice:Error: UE4Editor.exe!0x000000003FF90A29
[2017.04.04-05.23.37:238][788]LogOutputDevice:Error: UE4Editor.exe!0x000000003FF922B6
[2017.04.04-05.23.37:238][788]LogOutputDevice:Error: KERNEL32.DLL!0x0000000024268364
[2017.04.04-05.23.37:238][788]LogOutputDevice:Error: ntdll.dll!0x0000000026AA70D1
[2017.04.04-05.23.37:238][788]LogOutputDevice:Error: 
[2017.04.04-05.23.37:243][788]LogStats:                SubmitErrorReport -  0.000 s
